# Generated by Tahoe::DotLine_FormatterT $Revision: 1.6 $

begin: tahoe
title. . . . . . . . . . . . . . . . . . . . . . . = Dielectric Elastomer Testing
author . . . . . . . . . . . . . . . . . . . . . . = hspark
geometry_format. . . . . . . . . . . . . . . . . . = automatic
geometry_format = automatic (default)
geometry_format = TahoeII
geometry_format = ExodusII
geometry_file. . . . . . . . . . . . . . . . . . . = ../../geometry/2x7_0125.geom
output_format. . . . . . . . . . . . . . . . . . . = ExodusII
output_format = automatic (default)
output_format = Tahoe
output_format = TecPlot
output_format = EnSight
output_format = ExodusII
restart_output_inc . . . . . . . . . . . . . . . . = 0
restart_output_inc >= 0 (default)
echo_input . . . . . . . . . . . . . . . . . . . . = false
echo_input(default) = false
logging. . . . . . . . . . . . . . . . . . . . . . = moderate
logging = verbose
logging = moderate (default)
logging = silent
compute_IC . . . . . . . . . . . . . . . . . . . . = false
compute_IC(default) = true

begin: tahoe::time
scaling. . . . . . . . . . . . . . . . . . . . . . = linear
scaling = linear (default)
scaling = logarithmic
init_time. . . . . . . . . . . . . . . . . . . . . = 0.000000e+00
init_time >= 0 (default)
num_steps. . . . . . . . . . . . . . . . . . . . . = 25000
num_steps >= 0
output_inc . . . . . . . . . . . . . . . . . . . . = 10
output_inc(default) = 0
max_step_cuts. . . . . . . . . . . . . . . . . . . = 0
max_step_cuts >= 0 (default)
time_step. . . . . . . . . . . . . . . . . . . . . = 1.000000e-02
time_step >= 0

begin: tahoe::time::schedule_function

begin: tahoe::time::schedule_function::piecewise_linear

begin: tahoe::time::schedule_function::piecewise_linear::OrderedPair
x. . . . . . . . . . . . . . . . . . . . . . . . . = 0.000000e+00
y. . . . . . . . . . . . . . . . . . . . . . . . . = 0.000000e+00
end: tahoe::time::schedule_function::piecewise_linear::OrderedPair

begin: tahoe::time::schedule_function::piecewise_linear::OrderedPair
x. . . . . . . . . . . . . . . . . . . . . . . . . = 1.000000e+06
y. . . . . . . . . . . . . . . . . . . . . . . . . = 1.000000e+06
end: tahoe::time::schedule_function::piecewise_linear::OrderedPair

end: tahoe::time::schedule_function::piecewise_linear

end: tahoe::time::schedule_function

end: tahoe::time

begin: tahoe::nodes

begin: tahoe::nodes::field
field_name . . . . . . . . . . . . . . . . . . . . = displacement
solution_group . . . . . . . . . . . . . . . . . . = 1
solution_group >= 1 (default)
integrator . . . . . . . . . . . . . . . . . . . . = nonlinear_HHT
integrator = linear_static
integrator = static (default)
integrator = trapezoid
integrator = linear_HHT
integrator = nonlinear_HHT
integrator = central_difference
integrator = Verlet
integrator = Gear6
integrator = mixed
total_energy_output_inc. . . . . . . . . . . . . . = 0
total_energy_output_inc >= 0 (default)

begin: tahoe::nodes::field::dof_labels

begin: tahoe::nodes::field::dof_labels::String
value. . . . . . . . . . . . . . . . . . . . . . . = D_X
end: tahoe::nodes::field::dof_labels::String

begin: tahoe::nodes::field::dof_labels::String
value. . . . . . . . . . . . . . . . . . . . . . . = D_Y
end: tahoe::nodes::field::dof_labels::String

end: tahoe::nodes::field::dof_labels

begin: tahoe::nodes::field::kinematic_BC
node_ID. . . . . . . . . . . . . . . . . . . . . . = 2
dof. . . . . . . . . . . . . . . . . . . . . . . . = 1
type . . . . . . . . . . . . . . . . . . . . . . . = u
type = fixed (default)
type = u
type = D_u
type = DD_u
type = D3_u
type = D4_u
schedule . . . . . . . . . . . . . . . . . . . . . = 1
schedule(default) = 0
value. . . . . . . . . . . . . . . . . . . . . . . = -2.500000e-02
value(default) = 0.000000e+00
end: tahoe::nodes::field::kinematic_BC

begin: tahoe::nodes::field::kinematic_BC
node_ID. . . . . . . . . . . . . . . . . . . . . . = 1
dof. . . . . . . . . . . . . . . . . . . . . . . . = 2
type . . . . . . . . . . . . . . . . . . . . . . . = fixed
type = fixed (default)
type = u
type = D_u
type = DD_u
type = D3_u
type = D4_u
schedule . . . . . . . . . . . . . . . . . . . . . = 0
schedule(default) = 0
value. . . . . . . . . . . . . . . . . . . . . . . = 0.000000e+00
value(default) = 0.000000e+00
end: tahoe::nodes::field::kinematic_BC

begin: tahoe::nodes::field::kinematic_BC
node_ID. . . . . . . . . . . . . . . . . . . . . . = 4
dof. . . . . . . . . . . . . . . . . . . . . . . . = 1
type . . . . . . . . . . . . . . . . . . . . . . . = u
type = fixed (default)
type = u
type = D_u
type = DD_u
type = D3_u
type = D4_u
schedule . . . . . . . . . . . . . . . . . . . . . = 1
schedule(default) = 0
value. . . . . . . . . . . . . . . . . . . . . . . = 2.500000e-02
value(default) = 0.000000e+00
end: tahoe::nodes::field::kinematic_BC

end: tahoe::nodes::field

begin: tahoe::nodes::field
field_name . . . . . . . . . . . . . . . . . . . . = electric_scalar_potential
solution_group . . . . . . . . . . . . . . . . . . = 1
solution_group >= 1 (default)
integrator . . . . . . . . . . . . . . . . . . . . = static
integrator = linear_static
integrator = static (default)
integrator = trapezoid
integrator = linear_HHT
integrator = nonlinear_HHT
integrator = central_difference
integrator = Verlet
integrator = Gear6
integrator = mixed
total_energy_output_inc. . . . . . . . . . . . . . = 0
total_energy_output_inc >= 0 (default)

begin: tahoe::nodes::field::dof_labels

begin: tahoe::nodes::field::dof_labels::String
value. . . . . . . . . . . . . . . . . . . . . . . = Psi
end: tahoe::nodes::field::dof_labels::String

end: tahoe::nodes::field::dof_labels

begin: tahoe::nodes::field::kinematic_BC
node_ID. . . . . . . . . . . . . . . . . . . . . . = 1
dof. . . . . . . . . . . . . . . . . . . . . . . . = 1
type . . . . . . . . . . . . . . . . . . . . . . . = fixed
type = fixed (default)
type = u
type = D_u
type = DD_u
type = D3_u
type = D4_u
schedule . . . . . . . . . . . . . . . . . . . . . = 0
schedule(default) = 0
value. . . . . . . . . . . . . . . . . . . . . . . = 0.000000e+00
value(default) = 0.000000e+00
end: tahoe::nodes::field::kinematic_BC

begin: tahoe::nodes::field::kinematic_BC
node_ID. . . . . . . . . . . . . . . . . . . . . . = 3
dof. . . . . . . . . . . . . . . . . . . . . . . . = 1
type . . . . . . . . . . . . . . . . . . . . . . . = u
type = fixed (default)
type = u
type = D_u
type = DD_u
type = D3_u
type = D4_u
schedule . . . . . . . . . . . . . . . . . . . . . = 1
schedule(default) = 0
value. . . . . . . . . . . . . . . . . . . . . . . = 1.000000e-01
value(default) = 0.000000e+00
end: tahoe::nodes::field::kinematic_BC

end: tahoe::nodes::field

begin: tahoe::nodes::history_node_ID_list

begin: tahoe::nodes::history_node_ID_list::String
value. . . . . . . . . . . . . . . . . . . . . . . = 3
end: tahoe::nodes::history_node_ID_list::String

end: tahoe::nodes::history_node_ID_list

end: tahoe::nodes

begin: tahoe::element_list

begin: tahoe::element_list::dielectric_elastomer_Q1P02D
field_name . . . . . . . . . . . . . . . . . . . . = displacement
mass_type. . . . . . . . . . . . . . . . . . . . . = lumped_mass
mass_type = automatic (default)
mass_type = no_mass
mass_type = consistent_mass
mass_type = lumped_mass
eigenvalue_inc . . . . . . . . . . . . . . . . . . = 0
eigenvalue_inc >= 0 (default)
electric_field_name. . . . . . . . . . . . . . . . = electric_scalar_potential

begin: tahoe::element_list::dielectric_elastomer_Q1P02D::quadrilateral
num_ip . . . . . . . . . . . . . . . . . . . . . . = 4
num_ip = 1
num_ip = 4 (default)
num_ip = 5
num_ip = 9
num_ip = 16
end: tahoe::element_list::dielectric_elastomer_Q1P02D::quadrilateral

begin: tahoe::element_list::dielectric_elastomer_Q1P02D::solid_element_nodal_output
displacements. . . . . . . . . . . . . . . . . . . = 1
displacements(default) = 1
stress . . . . . . . . . . . . . . . . . . . . . . = 1
stress(default) = 1
strain_energy_density. . . . . . . . . . . . . . . = 1
strain_energy_density(default) = 1
electric_displacement. . . . . . . . . . . . . . . = 1
electric_displacement(default) = 1
electric_scalar_potential. . . . . . . . . . . . . = 1
electric_scalar_potential(default) = 1
strain . . . . . . . . . . . . . . . . . . . . . . = 1
strain(default) = 1
end: tahoe::element_list::dielectric_elastomer_Q1P02D::solid_element_nodal_output

begin: tahoe::element_list::dielectric_elastomer_Q1P02D::large_strain_element_block

begin: tahoe::element_list::dielectric_elastomer_Q1P02D::large_strain_element_block::block_ID_list

begin: tahoe::element_list::dielectric_elastomer_Q1P02D::large_strain_element_block::block_ID_list::String
value. . . . . . . . . . . . . . . . . . . . . . . = 1
end: tahoe::element_list::dielectric_elastomer_Q1P02D::large_strain_element_block::block_ID_list::String

end: tahoe::element_list::dielectric_elastomer_Q1P02D::large_strain_element_block::block_ID_list

begin: tahoe::element_list::dielectric_elastomer_Q1P02D::large_strain_element_block::large_strain_material_2D

begin: tahoe::element_list::dielectric_elastomer_Q1P02D::large_strain_element_block::large_strain_material_2D::Dielectric_Elastomer_Q1P02D
density. . . . . . . . . . . . . . . . . . . . . . = 1.000000e+00
density >= 0.000000e+00
constraint_2D. . . . . . . . . . . . . . . . . . . = none
constraint_2D = none (default)
constraint_2D = plane_stress
constraint_2D = plane_strain
CTE. . . . . . . . . . . . . . . . . . . . . . . . = 0.000000e+00
CTE(default) = 0.000000e+00
mu . . . . . . . . . . . . . . . . . . . . . . . . = 1.000000e+00
epsilon. . . . . . . . . . . . . . . . . . . . . . = 1.000000e+00
Nrig . . . . . . . . . . . . . . . . . . . . . . . = 1.000000e+06
lambda . . . . . . . . . . . . . . . . . . . . . . = 1.000000e+03
gamma. . . . . . . . . . . . . . . . . . . . . . . = 0.000000e+00
t_0. . . . . . . . . . . . . . . . . . . . . . . . = 8.000000e+00
end: tahoe::element_list::dielectric_elastomer_Q1P02D::large_strain_element_block::large_strain_material_2D::Dielectric_Elastomer_Q1P02D

end: tahoe::element_list::dielectric_elastomer_Q1P02D::large_strain_element_block::large_strain_material_2D

end: tahoe::element_list::dielectric_elastomer_Q1P02D::large_strain_element_block

end: tahoe::element_list::dielectric_elastomer_Q1P02D

end: tahoe::element_list

begin: tahoe::nonlinear_solver
print_eqnos. . . . . . . . . . . . . . . . . . . . = false
print_eqnos(default) = false
check_code . . . . . . . . . . . . . . . . . . . . = no_check
check_code = no_check (default)
check_code = small_pivots
check_code = all_pivots
check_code = print_LHS
check_code = print_RHS
check_code = print_solution
check_code = check_LHS
check_LHS_perturbation . . . . . . . . . . . . . . = 1.000000e-08
check_LHS_perturbation >= 0.000000e+00
check_LHS_perturbation(default) = 1.000000e-08
max_iterations . . . . . . . . . . . . . . . . . . = 50
min_iterations . . . . . . . . . . . . . . . . . . = 0
min_iterations(default) = 0
reform_tangent_iterations. . . . . . . . . . . . . = 1
reform_tangent_iterations >= 1 (default)
abs_tolerance. . . . . . . . . . . . . . . . . . . = 1.000000e-07
rel_tolerance. . . . . . . . . . . . . . . . . . . = 1.000000e-09
divergence_tolerance . . . . . . . . . . . . . . . = 1.000000e+10
quick_solve_iter . . . . . . . . . . . . . . . . . = 6
quick_solve_iter(default) = 6
quick_solve_count. . . . . . . . . . . . . . . . . = 3
quick_solve_count(default) = 3
output_inc . . . . . . . . . . . . . . . . . . . . = 0
output_inc >= 0 (default)

begin: tahoe::nonlinear_solver::SPOOLES_matrix
message_level. . . . . . . . . . . . . . . . . . . = silent
message_level = silent (default)
message_level = timing
message_level = verbose
enable_pivoting. . . . . . . . . . . . . . . . . . = true
enable_pivoting(default) = true
always_symmetric . . . . . . . . . . . . . . . . . = false
always_symmetric(default) = false
end: tahoe::nonlinear_solver::SPOOLES_matrix

end: tahoe::nonlinear_solver

end: tahoe


 E q u a t i o n    S y s t e m    D a t a :

 Local number of equations . . . . . . . . . . . = 678
 Total number of equations . . . . . . . . . . . = 678

 Converged at time = 1.000000e-02

 Converged at time = 2.000000e-02

 Converged at time = 3.000000e-02

 Converged at time = 4.000000e-02

 Converged at time = 5.000000e-02

 Converged at time = 6.000000e-02

 Converged at time = 7.000000e-02

 Converged at time = 8.000000e-02

 Converged at time = 9.000000e-02

 Converged at time = 1.000000e-01

 Time = 1.000000e-01
 Step 10 of 25000
 field: displacement ID: 1 force:    6.283862e-14   1.946302e-01
 field: electric_scalar_potential ID: 2 force:    3.489121e-02

 Converged at time = 1.100000e-01

 Converged at time = 1.200000e-01

 Converged at time = 1.300000e-01

 Converged at time = 1.400000e-01

 Converged at time = 1.500000e-01

 Converged at time = 1.600000e-01

 Converged at time = 1.700000e-01

 Converged at time = 1.800000e-01

 Converged at time = 1.900000e-01

 Converged at time = 2.000000e-01

 Time = 2.000000e-01
 Step 20 of 25000
 field: displacement ID: 1 force:   -8.604228e-14  -1.819860e-01
 field: electric_scalar_potential ID: 2 force:    6.962523e-02

 Converged at time = 2.100000e-01

 Converged at time = 2.200000e-01

 Converged at time = 2.300000e-01

 Converged at time = 2.400000e-01

 Converged at time = 2.500000e-01

 Converged at time = 2.600000e-01

 Converged at time = 2.700000e-01

 Converged at time = 2.800000e-01

 Converged at time = 2.900000e-01

 Converged at time = 3.000000e-01

 Time = 3.000000e-01
 Step 30 of 25000
 field: displacement ID: 1 force:    1.110223e-13   6.764119e-02
 field: electric_scalar_potential ID: 2 force:    1.040874e-01

 Converged at time = 3.100000e-01

 Converged at time = 3.200000e-01

 Converged at time = 3.300000e-01

 Converged at time = 3.400000e-01

 Converged at time = 3.500000e-01

 Converged at time = 3.600000e-01

 Converged at time = 3.700000e-01

 Converged at time = 3.800000e-01

 Converged at time = 3.900000e-01

 Converged at time = 4.000000e-01

 Time = 4.000000e-01
 Step 40 of 25000
 field: displacement ID: 1 force:    8.881784e-15   1.872323e-01
 field: electric_scalar_potential ID: 2 force:    1.383973e-01

 Converged at time = 4.100000e-01

 Converged at time = 4.200000e-01

 Converged at time = 4.300000e-01

 Converged at time = 4.400000e-01

 Converged at time = 4.500000e-01

 Converged at time = 4.600000e-01

 Converged at time = 4.700000e-01

 Converged at time = 4.800000e-01

 Converged at time = 4.900000e-01

 Converged at time = 5.000000e-01

 Time = 5.000000e-01
 Step 50 of 25000
 field: displacement ID: 1 force:   -5.284662e-14  -1.581367e-01
 field: electric_scalar_potential ID: 2 force:    1.725676e-01

 Converged at time = 5.100000e-01

 Converged at time = 5.200000e-01

 Converged at time = 5.300000e-01

 Converged at time = 5.400000e-01

 Converged at time = 5.500000e-01

 Converged at time = 5.600000e-01

 Converged at time = 5.700000e-01

 Converged at time = 5.800000e-01

 Converged at time = 5.900000e-01

 Converged at time = 6.000000e-01

 Time = 6.000000e-01
 Step 60 of 25000
 field: displacement ID: 1 force:    2.535749e-13   9.863868e-02
 field: electric_scalar_potential ID: 2 force:    2.063647e-01

 Converged at time = 6.100000e-01

 Converged at time = 6.200000e-01

 Converged at time = 6.300000e-01

 Converged at time = 6.400000e-01

 Converged at time = 6.500000e-01

 Converged at time = 6.600000e-01

 Converged at time = 6.700000e-01

 Converged at time = 6.800000e-01

 Converged at time = 6.900000e-01

 Converged at time = 7.000000e-01

 Time = 7.000000e-01
 Step 70 of 25000
 field: displacement ID: 1 force:    1.376677e-14  -1.120404e-01
 field: electric_scalar_potential ID: 2 force:    2.401708e-01

 Converged at time = 7.100000e-01

 Converged at time = 7.200000e-01

 Converged at time = 7.300000e-01

 Converged at time = 7.400000e-01

 Converged at time = 7.500000e-01

 Converged at time = 7.600000e-01

 Converged at time = 7.700000e-01

 Converged at time = 7.800000e-01

 Converged at time = 7.900000e-01

 Converged at time = 8.000000e-01

 Time = 8.000000e-01
 Step 80 of 25000
 field: displacement ID: 1 force:   -1.199041e-14  -2.399141e-02
 field: electric_scalar_potential ID: 2 force:    2.736847e-01

 Converged at time = 8.100000e-01

 Converged at time = 8.200000e-01

 Converged at time = 8.300000e-01

 Converged at time = 8.400000e-01

 Converged at time = 8.500000e-01

 Converged at time = 8.600000e-01

 Converged at time = 8.700000e-01

 Converged at time = 8.800000e-01

 Converged at time = 8.900000e-01

 Converged at time = 9.000000e-01

 Time = 9.000000e-01
 Step 90 of 25000
 field: displacement ID: 1 force:    1.252332e-13   1.463740e-01
 field: electric_scalar_potential ID: 2 force:    3.068771e-01

 Converged at time = 9.100000e-01

 Converged at time = 9.200000e-01

 Converged at time = 9.300000e-01

 Converged at time = 9.400000e-01

 Converged at time = 9.500000e-01

 Converged at time = 9.600000e-01

 Converged at time = 9.700000e-01

 Converged at time = 9.800000e-01

 Converged at time = 9.900000e-01

 Converged at time = 1.000000e+00

 Time = 1.000000e+00
 Step 100 of 25000
 field: displacement ID: 1 force:    7.593925e-14  -2.616885e-01
 field: electric_scalar_potential ID: 2 force:    3.401976e-01

 Converged at time = 1.010000e+00

 Converged at time = 1.020000e+00

 Converged at time = 1.030000e+00

 Converged at time = 1.040000e+00

 Converged at time = 1.050000e+00

 Converged at time = 1.060000e+00

 Converged at time = 1.070000e+00

 Converged at time = 1.080000e+00

 Converged at time = 1.090000e+00

 Converged at time = 1.100000e+00

 Time = 1.100000e+00
 Step 110 of 25000
 field: displacement ID: 1 force:   -6.217249e-15   1.034504e-01
 field: electric_scalar_potential ID: 2 force:    3.729771e-01

 Converged at time = 1.110000e+00

 Converged at time = 1.120000e+00

 Converged at time = 1.130000e+00

 Converged at time = 1.140000e+00

 Converged at time = 1.150000e+00

 Converged at time = 1.160000e+00

 Converged at time = 1.170000e+00

 Converged at time = 1.180000e+00

 Converged at time = 1.190000e+00

 Converged at time = 1.200000e+00

 Time = 1.200000e+00
 Step 120 of 25000
 field: displacement ID: 1 force:   -8.615331e-14   9.343013e-02
 field: electric_scalar_potential ID: 2 force:    4.056918e-01

 Converged at time = 1.210000e+00

 Converged at time = 1.220000e+00

 Converged at time = 1.230000e+00

 Converged at time = 1.240000e+00

 Converged at time = 1.250000e+00

 Converged at time = 1.260000e+00

 Converged at time = 1.270000e+00

 Converged at time = 1.280000e+00

 Converged at time = 1.290000e+00

 Converged at time = 1.300000e+00

 Time = 1.300000e+00
 Step 130 of 25000
 field: displacement ID: 1 force:    9.769963e-15  -1.761695e-01
 field: electric_scalar_potential ID: 2 force:    4.384346e-01

 Converged at time = 1.310000e+00

 Converged at time = 1.320000e+00

 Converged at time = 1.330000e+00

 Converged at time = 1.340000e+00

 Converged at time = 1.350000e+00

 Converged at time = 1.360000e+00

 Converged at time = 1.370000e+00

 Converged at time = 1.380000e+00

 Converged at time = 1.390000e+00

 Converged at time = 1.400000e+00

 Time = 1.400000e+00
 Step 140 of 25000
 field: displacement ID: 1 force:   -8.881784e-16   2.290407e-01
 field: electric_scalar_potential ID: 2 force:    4.704985e-01

 Converged at time = 1.410000e+00

 Converged at time = 1.420000e+00

 Converged at time = 1.430000e+00

 Converged at time = 1.440000e+00

 Converged at time = 1.450000e+00

 Converged at time = 1.460000e+00

 Converged at time = 1.470000e+00

 Converged at time = 1.480000e+00

 Converged at time = 1.490000e+00

 Converged at time = 1.500000e+00

 Time = 1.500000e+00
 Step 150 of 25000
 field: displacement ID: 1 force:    6.838974e-14   2.365426e-02
 field: electric_scalar_potential ID: 2 force:    5.028366e-01

 Converged at time = 1.510000e+00

 Converged at time = 1.520000e+00

 Converged at time = 1.530000e+00

 Converged at time = 1.540000e+00

 Converged at time = 1.550000e+00

 Converged at time = 1.560000e+00

 Converged at time = 1.570000e+00

 Converged at time = 1.580000e+00

 Converged at time = 1.590000e+00

 Converged at time = 1.600000e+00

 Time = 1.600000e+00
 Step 160 of 25000
 field: displacement ID: 1 force:   -5.329071e-14  -1.787647e-01
 field: electric_scalar_potential ID: 2 force:    5.348365e-01

 Converged at time = 1.610000e+00

 Converged at time = 1.620000e+00

 Converged at time = 1.630000e+00

 Converged at time = 1.640000e+00

 Converged at time = 1.650000e+00

 Converged at time = 1.660000e+00

 Converged at time = 1.670000e+00

 Converged at time = 1.680000e+00

 Converged at time = 1.690000e+00

 Converged at time = 1.700000e+00

 Time = 1.700000e+00
 Step 170 of 25000
 field: displacement ID: 1 force:    0.000000e+00   1.186831e-01
 field: electric_scalar_potential ID: 2 force:    5.663421e-01

 Converged at time = 1.710000e+00

 Converged at time = 1.720000e+00

 Converged at time = 1.730000e+00

 Converged at time = 1.740000e+00

 Converged at time = 1.750000e+00

 Converged at time = 1.760000e+00

 Converged at time = 1.770000e+00

 Converged at time = 1.780000e+00

 Converged at time = 1.790000e+00

 Converged at time = 1.800000e+00

 Time = 1.800000e+00
 Step 180 of 25000
 field: displacement ID: 1 force:    8.082424e-14  -5.595822e-02
 field: electric_scalar_potential ID: 2 force:    5.982638e-01

 Converged at time = 1.810000e+00

 Converged at time = 1.820000e+00

 Converged at time = 1.830000e+00

 Converged at time = 1.840000e+00

 Converged at time = 1.850000e+00

 Converged at time = 1.860000e+00

 Converged at time = 1.870000e+00

 Converged at time = 1.880000e+00

 Converged at time = 1.890000e+00

 Converged at time = 1.900000e+00

 Time = 1.900000e+00
 Step 190 of 25000
 field: displacement ID: 1 force:   -2.264855e-13  -9.249361e-02
 field: electric_scalar_potential ID: 2 force:    6.294051e-01

 Converged at time = 1.910000e+00

 Converged at time = 1.920000e+00

 Converged at time = 1.930000e+00

 Converged at time = 1.940000e+00

 Converged at time = 1.950000e+00

 Converged at time = 1.960000e+00

 Converged at time = 1.970000e+00

 Converged at time = 1.980000e+00

 Converged at time = 1.990000e+00

 Converged at time = 2.000000e+00

 Time = 2.000000e+00
 Step 200 of 25000
 field: displacement ID: 1 force:    1.669775e-13   1.554009e-01
 field: electric_scalar_potential ID: 2 force:    6.605893e-01

 Converged at time = 2.010000e+00

 Converged at time = 2.020000e+00

 Converged at time = 2.030000e+00

 Converged at time = 2.040000e+00

 Converged at time = 2.050000e+00

 Converged at time = 2.060000e+00

 Converged at time = 2.070000e+00

 Converged at time = 2.080000e+00

 Converged at time = 2.090000e+00

 Converged at time = 2.100000e+00

 Time = 2.100000e+00
 Step 210 of 25000
 field: displacement ID: 1 force:   -3.126388e-13  -1.885845e-01
 field: electric_scalar_potential ID: 2 force:    6.918636e-01

 Converged at time = 2.110000e+00

 Converged at time = 2.120000e+00

 Converged at time = 2.130000e+00

 Converged at time = 2.140000e+00

 Converged at time = 2.150000e+00

 Converged at time = 2.160000e+00

 Converged at time = 2.170000e+00

 Converged at time = 2.180000e+00

 Converged at time = 2.190000e+00

 Converged at time = 2.200000e+00

 Time = 2.200000e+00
 Step 220 of 25000
 field: displacement ID: 1 force:   -1.367795e-13   1.696697e-01
 field: electric_scalar_potential ID: 2 force:    7.222553e-01

 Converged at time = 2.210000e+00

 Converged at time = 2.220000e+00

 Converged at time = 2.230000e+00

 Converged at time = 2.240000e+00

 Converged at time = 2.250000e+00

 Converged at time = 2.260000e+00

 Converged at time = 2.270000e+00

 Converged at time = 2.280000e+00

 Converged at time = 2.290000e+00

 Converged at time = 2.300000e+00

 Time = 2.300000e+00
 Step 230 of 25000
 field: displacement ID: 1 force:   -1.953993e-14  -8.644723e-02
 field: electric_scalar_potential ID: 2 force:    7.532334e-01

 Converged at time = 2.310000e+00

 Converged at time = 2.320000e+00

 Converged at time = 2.330000e+00

 Converged at time = 2.340000e+00

 Converged at time = 2.350000e+00

 Converged at time = 2.360000e+00

 Converged at time = 2.370000e+00

 Converged at time = 2.380000e+00

 Converged at time = 2.390000e+00

 Converged at time = 2.400000e+00

 Time = 2.400000e+00
 Step 240 of 25000
 field: displacement ID: 1 force:    5.151435e-14   4.462852e-02
 field: electric_scalar_potential ID: 2 force:    7.835617e-01

 Converged at time = 2.410000e+00

 Converged at time = 2.420000e+00

 Converged at time = 2.430000e+00

 Converged at time = 2.440000e+00

 Converged at time = 2.450000e+00

 Converged at time = 2.460000e+00

 Converged at time = 2.470000e+00

 Converged at time = 2.480000e+00

 Converged at time = 2.490000e+00

 Converged at time = 2.500000e+00

 Time = 2.500000e+00
 Step 250 of 25000
 field: displacement ID: 1 force:    3.872458e-13   1.513970e-01
 field: electric_scalar_potential ID: 2 force:    8.135660e-01

 Converged at time = 2.510000e+00

 Converged at time = 2.520000e+00

 Converged at time = 2.530000e+00

 Converged at time = 2.540000e+00

 Converged at time = 2.550000e+00

 Converged at time = 2.560000e+00

 Converged at time = 2.570000e+00

 Converged at time = 2.580000e+00

 Converged at time = 2.590000e+00

 Converged at time = 2.600000e+00

 Time = 2.600000e+00
 Step 260 of 25000
 field: displacement ID: 1 force:   -8.526513e-14  -2.474768e-01
 field: electric_scalar_potential ID: 2 force:    8.441054e-01

 Converged at time = 2.610000e+00

 Converged at time = 2.620000e+00

 Converged at time = 2.630000e+00

 Converged at time = 2.640000e+00

 Converged at time = 2.650000e+00

 Converged at time = 2.660000e+00

 Converged at time = 2.670000e+00

 Converged at time = 2.680000e+00

 Converged at time = 2.690000e+00

 Converged at time = 2.700000e+00

 Time = 2.700000e+00
 Step 270 of 25000
 field: displacement ID: 1 force:    3.002043e-13   1.284136e-01
 field: electric_scalar_potential ID: 2 force:    8.734634e-01

 Converged at time = 2.710000e+00

 Converged at time = 2.720000e+00

 Converged at time = 2.730000e+00

 Converged at time = 2.740000e+00

 Converged at time = 2.750000e+00

 Converged at time = 2.760000e+00

 Converged at time = 2.770000e+00

 Converged at time = 2.780000e+00

 Converged at time = 2.790000e+00

 Converged at time = 2.800000e+00

 Time = 2.800000e+00
 Step 280 of 25000
 field: displacement ID: 1 force:   -1.492140e-13  -4.560271e-02
 field: electric_scalar_potential ID: 2 force:    9.034001e-01

 Converged at time = 2.810000e+00

 Converged at time = 2.820000e+00

 Converged at time = 2.830000e+00

 Converged at time = 2.840000e+00

 Converged at time = 2.850000e+00

 Converged at time = 2.860000e+00

 Converged at time = 2.870000e+00

 Converged at time = 2.880000e+00

 Converged at time = 2.890000e+00

 Converged at time = 2.900000e+00

 Time = 2.900000e+00
 Step 290 of 25000
 field: displacement ID: 1 force:   -3.144152e-13  -1.646982e-01
 field: electric_scalar_potential ID: 2 force:    9.330269e-01

 Converged at time = 2.910000e+00

 Converged at time = 2.920000e+00

 Converged at time = 2.930000e+00

 Converged at time = 2.940000e+00

 Converged at time = 2.950000e+00

 Converged at time = 2.960000e+00

 Converged at time = 2.970000e+00

 Converged at time = 2.980000e+00

 Converged at time = 2.990000e+00

 Converged at time = 3.000000e+00

 Time = 3.000000e+00
 Step 300 of 25000
 field: displacement ID: 1 force:    7.105427e-15   3.275387e-01
 field: electric_scalar_potential ID: 2 force:    9.618432e-01

 Converged at time = 3.010000e+00

 Converged at time = 3.020000e+00

 Converged at time = 3.030000e+00

 Converged at time = 3.040000e+00

 Converged at time = 3.050000e+00

 Converged at time = 3.060000e+00

 Converged at time = 3.070000e+00

 Converged at time = 3.080000e+00

 Converged at time = 3.090000e+00

 Converged at time = 3.100000e+00

 Time = 3.100000e+00
 Step 310 of 25000
 field: displacement ID: 1 force:   -2.771117e-13  -1.902711e-01
 field: electric_scalar_potential ID: 2 force:    9.915905e-01

 Converged at time = 3.110000e+00

 Converged at time = 3.120000e+00

 Converged at time = 3.130000e+00

 Converged at time = 3.140000e+00

 Converged at time = 3.150000e+00

 Converged at time = 3.160000e+00

 Converged at time = 3.170000e+00

 Converged at time = 3.180000e+00

 Converged at time = 3.190000e+00

 Converged at time = 3.200000e+00

 Time = 3.200000e+00
 Step 320 of 25000
 field: displacement ID: 1 force:    2.913225e-13   7.836087e-02
 field: electric_scalar_potential ID: 2 force:    1.020067e+00

 Converged at time = 3.210000e+00

 Converged at time = 3.220000e+00

 Converged at time = 3.230000e+00

 Converged at time = 3.240000e+00

 Converged at time = 3.250000e+00

 Converged at time = 3.260000e+00

 Converged at time = 3.270000e+00

 Converged at time = 3.280000e+00

 Converged at time = 3.290000e+00

 Converged at time = 3.300000e+00

 Time = 3.300000e+00
 Step 330 of 25000
 field: displacement ID: 1 force:    1.776357e-13   7.708514e-02
 field: electric_scalar_potential ID: 2 force:    1.048892e+00

 Converged at time = 3.310000e+00

 Converged at time = 3.320000e+00

 Converged at time = 3.330000e+00

 Converged at time = 3.340000e+00

 Converged at time = 3.350000e+00

 Converged at time = 3.360000e+00

 Converged at time = 3.370000e+00

 Converged at time = 3.380000e+00

 Converged at time = 3.390000e+00

 Converged at time = 3.400000e+00

 Time = 3.400000e+00
 Step 340 of 25000
 field: displacement ID: 1 force:    2.202682e-13  -2.976012e-01
 field: electric_scalar_potential ID: 2 force:    1.077811e+00

 Converged at time = 3.410000e+00

 Converged at time = 3.420000e+00

 Converged at time = 3.430000e+00

 Converged at time = 3.440000e+00

 Converged at time = 3.450000e+00

 Converged at time = 3.460000e+00

 Converged at time = 3.470000e+00

 Converged at time = 3.480000e+00

 Converged at time = 3.490000e+00

 Converged at time = 3.500000e+00

 Time = 3.500000e+00
 Step 350 of 25000
 field: displacement ID: 1 force:    7.283063e-14   2.145964e-01
 field: electric_scalar_potential ID: 2 force:    1.105541e+00

 Converged at time = 3.510000e+00

 Converged at time = 3.520000e+00

 Converged at time = 3.530000e+00

 Converged at time = 3.540000e+00

 Converged at time = 3.550000e+00

 Converged at time = 3.560000e+00

 Converged at time = 3.570000e+00

 Converged at time = 3.580000e+00

 Converged at time = 3.590000e+00

 Converged at time = 3.600000e+00

 Time = 3.600000e+00
 Step 360 of 25000
 field: displacement ID: 1 force:   -6.217249e-14  -8.864185e-02
 field: electric_scalar_potential ID: 2 force:    1.134375e+00

 Converged at time = 3.610000e+00

 Converged at time = 3.620000e+00

 Converged at time = 3.630000e+00

 Converged at time = 3.640000e+00

 Converged at time = 3.650000e+00

 Converged at time = 3.660000e+00

 Converged at time = 3.670000e+00

 Converged at time = 3.680000e+00

 Converged at time = 3.690000e+00

 Converged at time = 3.700000e+00

 Time = 3.700000e+00
 Step 370 of 25000
 field: displacement ID: 1 force:   -4.565237e-13   9.691745e-03
 field: electric_scalar_potential ID: 2 force:    1.161992e+00

 Converged at time = 3.710000e+00

 Converged at time = 3.720000e+00

 Converged at time = 3.730000e+00

 Converged at time = 3.740000e+00

 Converged at time = 3.750000e+00

 Converged at time = 3.760000e+00

 Converged at time = 3.770000e+00

 Converged at time = 3.780000e+00

 Converged at time = 3.790000e+00

 Converged at time = 3.800000e+00

 Time = 3.800000e+00
 Step 380 of 25000
 field: displacement ID: 1 force:    4.618528e-14   2.030222e-01
 field: electric_scalar_potential ID: 2 force:    1.189759e+00

 Converged at time = 3.810000e+00

 Converged at time = 3.820000e+00

 Converged at time = 3.830000e+00

 Converged at time = 3.840000e+00

 Converged at time = 3.850000e+00

 Converged at time = 3.860000e+00

 Converged at time = 3.870000e+00

 Converged at time = 3.880000e+00

 Converged at time = 3.890000e+00

 Converged at time = 3.900000e+00

 Time = 3.900000e+00
 Step 390 of 25000
 field: displacement ID: 1 force:    1.740830e-13  -1.949470e-01
 field: electric_scalar_potential ID: 2 force:    1.217868e+00

 Converged at time = 3.910000e+00

 Converged at time = 3.920000e+00

 Converged at time = 3.930000e+00

 Converged at time = 3.940000e+00

 Converged at time = 3.950000e+00

 Converged at time = 3.960000e+00

 Converged at time = 3.970000e+00

 Converged at time = 3.980000e+00

 Converged at time = 3.990000e+00

 Converged at time = 4.000000e+00

 Time = 4.000000e+00
 Step 400 of 25000
 field: displacement ID: 1 force:    4.973799e-14   8.465491e-02
 field: electric_scalar_potential ID: 2 force:    1.244615e+00

 Converged at time = 4.010000e+00

 Converged at time = 4.020000e+00

 Converged at time = 4.030000e+00

 Converged at time = 4.040000e+00

 Converged at time = 4.050000e+00

 Converged at time = 4.060000e+00

 Converged at time = 4.070000e+00

 Converged at time = 4.080000e+00

 Converged at time = 4.090000e+00

 Converged at time = 4.100000e+00

 Time = 4.100000e+00
 Step 410 of 25000
 field: displacement ID: 1 force:    1.314504e-13  -1.067713e-01
 field: electric_scalar_potential ID: 2 force:    1.272578e+00

 Converged at time = 4.110000e+00

 Converged at time = 4.120000e+00

 Converged at time = 4.130000e+00

 Converged at time = 4.140000e+00

 Converged at time = 4.150000e+00

 Converged at time = 4.160000e+00

 Converged at time = 4.170000e+00

 Converged at time = 4.180000e+00

 Converged at time = 4.190000e+00

 Converged at time = 4.200000e+00

 Time = 4.200000e+00
 Step 420 of 25000
 field: displacement ID: 1 force:   -2.842171e-14   6.784293e-03
 field: electric_scalar_potential ID: 2 force:    1.299278e+00

 Converged at time = 4.210000e+00

 Converged at time = 4.220000e+00

 Converged at time = 4.230000e+00

 Converged at time = 4.240000e+00

 Converged at time = 4.250000e+00

 Converged at time = 4.260000e+00

 Converged at time = 4.270000e+00

 Converged at time = 4.280000e+00

 Converged at time = 4.290000e+00

 Converged at time = 4.300000e+00

 Time = 4.300000e+00
 Step 430 of 25000
 field: displacement ID: 1 force:   -5.648815e-13   4.091888e-02
 field: electric_scalar_potential ID: 2 force:    1.326142e+00

 Converged at time = 4.310000e+00

 Converged at time = 4.320000e+00

 Converged at time = 4.330000e+00

 Converged at time = 4.340000e+00

 Converged at time = 4.350000e+00

 Converged at time = 4.360000e+00

 Converged at time = 4.370000e+00

 Converged at time = 4.380000e+00

 Converged at time = 4.390000e+00

 Converged at time = 4.400000e+00

 Time = 4.400000e+00
 Step 440 of 25000
 field: displacement ID: 1 force:    7.105427e-15   1.614856e-02
 field: electric_scalar_potential ID: 2 force:    1.353372e+00

 Converged at time = 4.410000e+00

 Converged at time = 4.420000e+00

 Converged at time = 4.430000e+00

 Converged at time = 4.440000e+00

 Converged at time = 4.450000e+00

 Converged at time = 4.460000e+00

 Converged at time = 4.470000e+00

 Converged at time = 4.480000e+00

 Converged at time = 4.490000e+00

 Converged at time = 4.500000e+00

 Time = 4.500000e+00
 Step 450 of 25000
 field: displacement ID: 1 force:    6.750156e-14   8.152968e-02
 field: electric_scalar_potential ID: 2 force:    1.379148e+00

 Converged at time = 4.510000e+00

 Converged at time = 4.520000e+00

 Converged at time = 4.530000e+00

 Converged at time = 4.540000e+00

 Converged at time = 4.550000e+00

 Converged at time = 4.560000e+00

 Converged at time = 4.570000e+00

 Converged at time = 4.580000e+00

 Converged at time = 4.590000e+00

 Converged at time = 4.600000e+00

 Time = 4.600000e+00
 Step 460 of 25000
 field: displacement ID: 1 force:    3.161915e-13  -1.464720e-01
 field: electric_scalar_potential ID: 2 force:    1.406316e+00

 Converged at time = 4.610000e+00

 Converged at time = 4.620000e+00

 Converged at time = 4.630000e+00

 Converged at time = 4.640000e+00

 Converged at time = 4.650000e+00

 Converged at time = 4.660000e+00

 Converged at time = 4.670000e+00

 Converged at time = 4.680000e+00

 Converged at time = 4.690000e+00

 Converged at time = 4.700000e+00

 Time = 4.700000e+00
 Step 470 of 25000
 field: displacement ID: 1 force:   -8.881784e-14   1.227071e-01
 field: electric_scalar_potential ID: 2 force:    1.431979e+00

 Converged at time = 4.710000e+00

 Converged at time = 4.720000e+00

 Converged at time = 4.730000e+00

 Converged at time = 4.740000e+00

 Converged at time = 4.750000e+00

 Converged at time = 4.760000e+00

 Converged at time = 4.770000e+00

 Converged at time = 4.780000e+00

 Converged at time = 4.790000e+00

 Converged at time = 4.800000e+00

 Time = 4.800000e+00
 Step 480 of 25000
 field: displacement ID: 1 force:    7.815970e-14  -6.061133e-02
 field: electric_scalar_potential ID: 2 force:    1.458048e+00

 Converged at time = 4.810000e+00

 Converged at time = 4.820000e+00

 Converged at time = 4.830000e+00

 Converged at time = 4.840000e+00

 Converged at time = 4.850000e+00

 Converged at time = 4.860000e+00

 Converged at time = 4.870000e+00

 Converged at time = 4.880000e+00

 Converged at time = 4.890000e+00

 Converged at time = 4.900000e+00

 Time = 4.900000e+00
 Step 490 of 25000
 field: displacement ID: 1 force:    1.563194e-13  -8.231429e-02
 field: electric_scalar_potential ID: 2 force:    1.484336e+00

 Converged at time = 4.910000e+00

 Converged at time = 4.920000e+00

 Converged at time = 4.930000e+00

 Converged at time = 4.940000e+00

 Converged at time = 4.950000e+00

 Converged at time = 4.960000e+00

 Converged at time = 4.970000e+00

 Converged at time = 4.980000e+00

 Converged at time = 4.990000e+00

 Converged at time = 5.000000e+00

 Time = 5.000000e+00
 Step 500 of 25000
 field: displacement ID: 1 force:   -8.490986e-13   2.112974e-01
 field: electric_scalar_potential ID: 2 force:    1.509154e+00

 Converged at time = 5.010000e+00

 Converged at time = 5.020000e+00

 Converged at time = 5.030000e+00

 Converged at time = 5.040000e+00

 Converged at time = 5.050000e+00

 Converged at time = 5.060000e+00

 Converged at time = 5.070000e+00

 Converged at time = 5.080000e+00

 Converged at time = 5.090000e+00

 Converged at time = 5.100000e+00

 Time = 5.100000e+00
 Step 510 of 25000
 field: displacement ID: 1 force:    3.090861e-13  -2.991347e-01
 field: electric_scalar_potential ID: 2 force:    1.535587e+00

 Converged at time = 5.110000e+00

 Converged at time = 5.120000e+00

 Converged at time = 5.130000e+00

 Converged at time = 5.140000e+00

 Converged at time = 5.150000e+00

 Converged at time = 5.160000e+00

 Converged at time = 5.170000e+00

 Converged at time = 5.180000e+00

 Converged at time = 5.190000e+00

 Converged at time = 5.200000e+00

 Time = 5.200000e+00
 Step 520 of 25000
 field: displacement ID: 1 force:   -4.014566e-13   1.972831e-01
 field: electric_scalar_potential ID: 2 force:    1.560137e+00

 Converged at time = 5.210000e+00

 Converged at time = 5.220000e+00

 Converged at time = 5.230000e+00

 Converged at time = 5.240000e+00

 Converged at time = 5.250000e+00

 Converged at time = 5.260000e+00

 Converged at time = 5.270000e+00

 Converged at time = 5.280000e+00

 Converged at time = 5.290000e+00

 Converged at time = 5.300000e+00

 Time = 5.300000e+00
 Step 530 of 25000
 field: displacement ID: 1 force:    1.989520e-13  -1.066388e-02
 field: electric_scalar_potential ID: 2 force:    1.585541e+00

 Converged at time = 5.310000e+00

 Converged at time = 5.320000e+00

 Converged at time = 5.330000e+00

 Converged at time = 5.340000e+00

 Converged at time = 5.350000e+00

 Converged at time = 5.360000e+00

 Converged at time = 5.370000e+00

 Converged at time = 5.380000e+00

 Converged at time = 5.390000e+00

 Converged at time = 5.400000e+00

 Time = 5.400000e+00
 Step 540 of 25000
 field: displacement ID: 1 force:   -1.669775e-13  -5.793315e-02
 field: electric_scalar_potential ID: 2 force:    1.610780e+00

 Converged at time = 5.410000e+00

 Converged at time = 5.420000e+00

 Converged at time = 5.430000e+00

 Converged at time = 5.440000e+00

 Converged at time = 5.450000e+00

 Converged at time = 5.460000e+00

 Converged at time = 5.470000e+00

 Converged at time = 5.480000e+00

 Converged at time = 5.490000e+00

 Converged at time = 5.500000e+00

 Time = 5.500000e+00
 Step 550 of 25000
 field: displacement ID: 1 force:    5.613288e-13   2.399750e-01
 field: electric_scalar_potential ID: 2 force:    1.634762e+00

 Converged at time = 5.510000e+00

 Converged at time = 5.520000e+00

 Converged at time = 5.530000e+00

 Converged at time = 5.540000e+00

 Converged at time = 5.550000e+00

 Converged at time = 5.560000e+00

 Converged at time = 5.570000e+00

 Converged at time = 5.580000e+00

 Converged at time = 5.590000e+00

 Converged at time = 5.600000e+00

 Time = 5.600000e+00
 Step 560 of 25000
 field: displacement ID: 1 force:    2.486900e-14  -2.952580e-01
 field: electric_scalar_potential ID: 2 force:    1.660408e+00

 Converged at time = 5.610000e+00

 Converged at time = 5.620000e+00

 Converged at time = 5.630000e+00

 Converged at time = 5.640000e+00

 Converged at time = 5.650000e+00

 Converged at time = 5.660000e+00

 Converged at time = 5.670000e+00

 Converged at time = 5.680000e+00

 Converged at time = 5.690000e+00

 Converged at time = 5.700000e+00

 Time = 5.700000e+00
 Step 570 of 25000
 field: displacement ID: 1 force:    2.913225e-13   1.623240e-01
 field: electric_scalar_potential ID: 2 force:    1.683843e+00

 Converged at time = 5.710000e+00

 Converged at time = 5.720000e+00

 Converged at time = 5.730000e+00

 Converged at time = 5.740000e+00

 Converged at time = 5.750000e+00

 Converged at time = 5.760000e+00

 Converged at time = 5.770000e+00

 Converged at time = 5.780000e+00

 Converged at time = 5.790000e+00

 Converged at time = 5.800000e+00

 Time = 5.800000e+00
 Step 580 of 25000
 field: displacement ID: 1 force:   -2.096101e-13  -1.006036e-01
 field: electric_scalar_potential ID: 2 force:    1.708726e+00

 Converged at time = 5.810000e+00

 Converged at time = 5.820000e+00

 Converged at time = 5.830000e+00

 Converged at time = 5.840000e+00

 Converged at time = 5.850000e+00

 Converged at time = 5.860000e+00

 Converged at time = 5.870000e+00

 Converged at time = 5.880000e+00

 Converged at time = 5.890000e+00

 Converged at time = 5.900000e+00

 Time = 5.900000e+00
 Step 590 of 25000
 field: displacement ID: 1 force:   -2.842171e-14  -1.111471e-02
 field: electric_scalar_potential ID: 2 force:    1.732711e+00

 Converged at time = 5.910000e+00

 Converged at time = 5.920000e+00

 Converged at time = 5.930000e+00

 Converged at time = 5.940000e+00

 Converged at time = 5.950000e+00

 Converged at time = 5.960000e+00

 Converged at time = 5.970000e+00

 Converged at time = 5.980000e+00

 Converged at time = 5.990000e+00

 Converged at time = 6.000000e+00

 Time = 6.000000e+00
 Step 600 of 25000
 field: displacement ID: 1 force:    2.167155e-13   8.426100e-02
 field: electric_scalar_potential ID: 2 force:    1.756147e+00

 Converged at time = 6.010000e+00

 Converged at time = 6.020000e+00

 Converged at time = 6.030000e+00

 Converged at time = 6.040000e+00

 Converged at time = 6.050000e+00

 Converged at time = 6.060000e+00

 Converged at time = 6.070000e+00

 Converged at time = 6.080000e+00

 Converged at time = 6.090000e+00

 Converged at time = 6.100000e+00

 Time = 6.100000e+00
 Step 610 of 25000
 field: displacement ID: 1 force:   -4.618528e-13  -1.893378e-01
 field: electric_scalar_potential ID: 2 force:    1.780810e+00

 Converged at time = 6.110000e+00

 Converged at time = 6.120000e+00

 Converged at time = 6.130000e+00

 Converged at time = 6.140000e+00

 Converged at time = 6.150000e+00

 Converged at time = 6.160000e+00

 Converged at time = 6.170000e+00

 Converged at time = 6.180000e+00

 Converged at time = 6.190000e+00

 Converged at time = 6.200000e+00

 Time = 6.200000e+00
 Step 620 of 25000
 field: displacement ID: 1 force:    4.227729e-13   2.318873e-01
 field: electric_scalar_potential ID: 2 force:    1.803224e+00

 Converged at time = 6.210000e+00

 Converged at time = 6.220000e+00

 Converged at time = 6.230000e+00

 Converged at time = 6.240000e+00

 Converged at time = 6.250000e+00

 Converged at time = 6.260000e+00

 Converged at time = 6.270000e+00

 Converged at time = 6.280000e+00

 Converged at time = 6.290000e+00

 Converged at time = 6.300000e+00

 Time = 6.300000e+00
 Step 630 of 25000
 field: displacement ID: 1 force:   -1.140421e-12  -1.986620e-01
 field: electric_scalar_potential ID: 2 force:    1.827666e+00

 Converged at time = 6.310000e+00

 Converged at time = 6.320000e+00

 Converged at time = 6.330000e+00

 Converged at time = 6.340000e+00

 Converged at time = 6.350000e+00

 Converged at time = 6.360000e+00

 Converged at time = 6.370000e+00

 Converged at time = 6.380000e+00

 Converged at time = 6.390000e+00

 Converged at time = 6.400000e+00

 Time = 6.400000e+00
 Step 640 of 25000
 field: displacement ID: 1 force:    3.019807e-13   1.590444e-01
 field: electric_scalar_potential ID: 2 force:    1.850179e+00

 Converged at time = 6.410000e+00

 Converged at time = 6.420000e+00

 Converged at time = 6.430000e+00

 Converged at time = 6.440000e+00

 Converged at time = 6.450000e+00

 Converged at time = 6.460000e+00

 Converged at time = 6.470000e+00

 Converged at time = 6.480000e+00

 Converged at time = 6.490000e+00

 Converged at time = 6.500000e+00

 Time = 6.500000e+00
 Step 650 of 25000
 field: displacement ID: 1 force:    1.136868e-13   1.062988e-01
 field: electric_scalar_potential ID: 2 force:    1.873326e+00

 Converged at time = 6.510000e+00

 Converged at time = 6.520000e+00

 Converged at time = 6.530000e+00

 Converged at time = 6.540000e+00

 Converged at time = 6.550000e+00

 Converged at time = 6.560000e+00

 Converged at time = 6.570000e+00

 Converged at time = 6.580000e+00

 Converged at time = 6.590000e+00

 Converged at time = 6.600000e+00

 Time = 6.600000e+00
 Step 660 of 25000
 field: displacement ID: 1 force:   -3.304024e-13  -2.267951e-01
 field: electric_scalar_potential ID: 2 force:    1.896658e+00

 Converged at time = 6.610000e+00

 Converged at time = 6.620000e+00

 Converged at time = 6.630000e+00

 Converged at time = 6.640000e+00

 Converged at time = 6.650000e+00

 Converged at time = 6.660000e+00

 Converged at time = 6.670000e+00

 Converged at time = 6.680000e+00

 Converged at time = 6.690000e+00

 Converged at time = 6.700000e+00

 Time = 6.700000e+00
 Step 670 of 25000
 field: displacement ID: 1 force:    5.933032e-13   2.095876e-01
 field: electric_scalar_potential ID: 2 force:    1.918384e+00

 Converged at time = 6.710000e+00

 Converged at time = 6.720000e+00

 Converged at time = 6.730000e+00

 Converged at time = 6.740000e+00

 Converged at time = 6.750000e+00

 Converged at time = 6.760000e+00

 Converged at time = 6.770000e+00

 Converged at time = 6.780000e+00

 Converged at time = 6.790000e+00

 Converged at time = 6.800000e+00

 Time = 6.800000e+00
 Step 680 of 25000
 field: displacement ID: 1 force:    4.440892e-13  -1.347184e-01
 field: electric_scalar_potential ID: 2 force:    1.942096e+00

 Converged at time = 6.810000e+00

 Converged at time = 6.820000e+00

 Converged at time = 6.830000e+00

 Converged at time = 6.840000e+00

 Converged at time = 6.850000e+00

 Converged at time = 6.860000e+00

 Converged at time = 6.870000e+00

 Converged at time = 6.880000e+00

 Converged at time = 6.890000e+00

 Converged at time = 6.900000e+00

 Time = 6.900000e+00
 Step 690 of 25000
 field: displacement ID: 1 force:   -1.136868e-13   1.364474e-01
 field: electric_scalar_potential ID: 2 force:    1.963268e+00

 Converged at time = 6.910000e+00

 Converged at time = 6.920000e+00

 Converged at time = 6.930000e+00

 Converged at time = 6.940000e+00

 Converged at time = 6.950000e+00

 Converged at time = 6.960000e+00

 Converged at time = 6.970000e+00

 Converged at time = 6.980000e+00

 Converged at time = 6.990000e+00

 Converged at time = 7.000000e+00

 Time = 7.000000e+00
 Step 700 of 25000
 field: displacement ID: 1 force:    7.709389e-13  -1.796625e-01
 field: electric_scalar_potential ID: 2 force:    1.986365e+00

 Converged at time = 7.010000e+00

 Converged at time = 7.020000e+00

 Converged at time = 7.030000e+00

 Converged at time = 7.040000e+00

 Converged at time = 7.050000e+00

 Converged at time = 7.060000e+00

 Converged at time = 7.070000e+00

 Converged at time = 7.080000e+00

 Converged at time = 7.090000e+00

 Converged at time = 7.100000e+00

 Time = 7.100000e+00
 Step 710 of 25000
 field: displacement ID: 1 force:   -7.567280e-13  -1.959835e-02
 field: electric_scalar_potential ID: 2 force:    2.007961e+00

 Converged at time = 7.110000e+00

 Converged at time = 7.120000e+00

 Converged at time = 7.130000e+00

 Converged at time = 7.140000e+00

 Converged at time = 7.150000e+00

 Converged at time = 7.160000e+00

 Converged at time = 7.170000e+00

 Converged at time = 7.180000e+00

 Converged at time = 7.190000e+00

 Converged at time = 7.200000e+00

 Time = 7.200000e+00
 Step 720 of 25000
 field: displacement ID: 1 force:   -1.385558e-13   1.630515e-01
 field: electric_scalar_potential ID: 2 force:    2.029638e+00

 Converged at time = 7.210000e+00

 Converged at time = 7.220000e+00

 Converged at time = 7.230000e+00

 Converged at time = 7.240000e+00

 Converged at time = 7.250000e+00

 Converged at time = 7.260000e+00

 Converged at time = 7.270000e+00

 Converged at time = 7.280000e+00

 Converged at time = 7.290000e+00

 Converged at time = 7.300000e+00

 Time = 7.300000e+00
 Step 730 of 25000
 field: displacement ID: 1 force:    1.172396e-13  -2.405817e-01
 field: electric_scalar_potential ID: 2 force:    2.052058e+00

 Converged at time = 7.310000e+00

 Converged at time = 7.320000e+00

 Converged at time = 7.330000e+00

 Converged at time = 7.340000e+00

 Converged at time = 7.350000e+00

 Converged at time = 7.360000e+00

 Converged at time = 7.370000e+00

 Converged at time = 7.380000e+00

 Converged at time = 7.390000e+00

 Converged at time = 7.400000e+00

 Time = 7.400000e+00
 Step 740 of 25000
 field: displacement ID: 1 force:   -7.638334e-13   1.497539e-01
 field: electric_scalar_potential ID: 2 force:    2.072429e+00

 Converged at time = 7.410000e+00

 Converged at time = 7.420000e+00

 Converged at time = 7.430000e+00

 Converged at time = 7.440000e+00

 Converged at time = 7.450000e+00

 Converged at time = 7.460000e+00

 Converged at time = 7.470000e+00

 Converged at time = 7.480000e+00

 Converged at time = 7.490000e+00

 Converged at time = 7.500000e+00

 Time = 7.500000e+00
 Step 750 of 25000
 field: displacement ID: 1 force:    4.547474e-13  -1.346641e-01
 field: electric_scalar_potential ID: 2 force:    2.095078e+00

 Converged at time = 7.510000e+00

 Converged at time = 7.520000e+00

 Converged at time = 7.530000e+00

 Converged at time = 7.540000e+00

 Converged at time = 7.550000e+00

 Converged at time = 7.560000e+00

 Converged at time = 7.570000e+00

 Converged at time = 7.580000e+00

 Converged at time = 7.590000e+00

 Converged at time = 7.600000e+00

 Time = 7.600000e+00
 Step 760 of 25000
 field: displacement ID: 1 force:    1.918465e-13   1.747466e-01
 field: electric_scalar_potential ID: 2 force:    2.115007e+00

 Converged at time = 7.610000e+00

 Converged at time = 7.620000e+00

 Converged at time = 7.630000e+00

 Converged at time = 7.640000e+00

 Converged at time = 7.650000e+00

 Converged at time = 7.660000e+00

 Converged at time = 7.670000e+00

 Converged at time = 7.680000e+00

 Converged at time = 7.690000e+00

 Converged at time = 7.700000e+00

 Time = 7.700000e+00
 Step 770 of 25000
 field: displacement ID: 1 force:   -1.289635e-12  -9.821744e-02
 field: electric_scalar_potential ID: 2 force:    2.136954e+00

 Converged at time = 7.710000e+00

 Converged at time = 7.720000e+00

 Converged at time = 7.730000e+00

 Converged at time = 7.740000e+00

 Converged at time = 7.750000e+00

 Converged at time = 7.760000e+00

 Converged at time = 7.770000e+00

 Converged at time = 7.780000e+00

 Converged at time = 7.790000e+00

 Converged at time = 7.800000e+00

 Time = 7.800000e+00
 Step 780 of 25000
 field: displacement ID: 1 force:    9.166001e-13   2.344832e-02
 field: electric_scalar_potential ID: 2 force:    2.157334e+00

 Converged at time = 7.810000e+00

 Converged at time = 7.820000e+00

 Converged at time = 7.830000e+00

 Converged at time = 7.840000e+00

 Converged at time = 7.850000e+00

 Converged at time = 7.860000e+00

 Converged at time = 7.870000e+00

 Converged at time = 7.880000e+00

 Converged at time = 7.890000e+00

 Converged at time = 7.900000e+00

 Time = 7.900000e+00
 Step 790 of 25000
 field: displacement ID: 1 force:   -2.842171e-14   1.162227e-01
 field: electric_scalar_potential ID: 2 force:    2.177880e+00

 Converged at time = 7.910000e+00

 Converged at time = 7.920000e+00

 Converged at time = 7.930000e+00

 Converged at time = 7.940000e+00

 Converged at time = 7.950000e+00

 Converged at time = 7.960000e+00

 Converged at time = 7.970000e+00

 Converged at time = 7.980000e+00

 Converged at time = 7.990000e+00

 Converged at time = 8.000000e+00

 Time = 8.000000e+00
 Step 800 of 25000
 field: displacement ID: 1 force:   -6.501466e-13  -1.128446e-01
 field: electric_scalar_potential ID: 2 force:    2.199077e+00

 Converged at time = 8.010000e+00

 Converged at time = 8.020000e+00

 Converged at time = 8.030000e+00

 Converged at time = 8.040000e+00

 Converged at time = 8.050000e+00

 Converged at time = 8.060000e+00

 Converged at time = 8.070000e+00

 Converged at time = 8.080000e+00

 Converged at time = 8.090000e+00

 Converged at time = 8.100000e+00

 Time = 8.100000e+00
 Step 810 of 25000
 field: displacement ID: 1 force:    1.307399e-12   2.120380e-01
 field: electric_scalar_potential ID: 2 force:    2.218296e+00

 Converged at time = 8.110000e+00

 Converged at time = 8.120000e+00

 Converged at time = 8.130000e+00

 Converged at time = 8.140000e+00

 Converged at time = 8.150000e+00

 Converged at time = 8.160000e+00

 Converged at time = 8.170000e+00

 Converged at time = 8.180000e+00

 Converged at time = 8.190000e+00

 Converged at time = 8.200000e+00

 Time = 8.200000e+00
 Step 820 of 25000
 field: displacement ID: 1 force:   -8.100187e-13  -2.283360e-01
 field: electric_scalar_potential ID: 2 force:    2.239853e+00

 Converged at time = 8.210000e+00

 Converged at time = 8.220000e+00

 Converged at time = 8.230000e+00

 Converged at time = 8.240000e+00

 Converged at time = 8.250000e+00

 Converged at time = 8.260000e+00

 Converged at time = 8.270000e+00

 Converged at time = 8.280000e+00

 Converged at time = 8.290000e+00

 Converged at time = 8.300000e+00

 Time = 8.300000e+00
 Step 830 of 25000
 field: displacement ID: 1 force:   -2.131628e-13   2.515767e-01
 field: electric_scalar_potential ID: 2 force:    2.258443e+00

 Converged at time = 8.310000e+00

 Converged at time = 8.320000e+00

 Converged at time = 8.330000e+00

 Converged at time = 8.340000e+00

 Converged at time = 8.350000e+00

 Converged at time = 8.360000e+00

 Converged at time = 8.370000e+00

 Converged at time = 8.380000e+00

 Converged at time = 8.390000e+00

 Converged at time = 8.400000e+00

 Time = 8.400000e+00
 Step 840 of 25000
 field: displacement ID: 1 force:    6.963319e-13  -1.699476e-01
 field: electric_scalar_potential ID: 2 force:    2.279540e+00

 Converged at time = 8.410000e+00

 Converged at time = 8.420000e+00

 Converged at time = 8.430000e+00

 Converged at time = 8.440000e+00

 Converged at time = 8.450000e+00

 Converged at time = 8.460000e+00

 Converged at time = 8.470000e+00

 Converged at time = 8.480000e+00

 Converged at time = 8.490000e+00

 Converged at time = 8.500000e+00

 Time = 8.500000e+00
 Step 850 of 25000
 field: displacement ID: 1 force:   -8.384404e-13   9.165387e-02
 field: electric_scalar_potential ID: 2 force:    2.298359e+00

 Converged at time = 8.510000e+00

 Converged at time = 8.520000e+00

 Converged at time = 8.530000e+00

 Converged at time = 8.540000e+00

 Converged at time = 8.550000e+00

 Converged at time = 8.560000e+00

 Converged at time = 8.570000e+00

 Converged at time = 8.580000e+00

 Converged at time = 8.590000e+00

 Converged at time = 8.600000e+00

 Time = 8.600000e+00
 Step 860 of 25000
 field: displacement ID: 1 force:    1.918465e-13  -3.692823e-03
 field: electric_scalar_potential ID: 2 force:    2.318234e+00

 Converged at time = 8.610000e+00

 Converged at time = 8.620000e+00

 Converged at time = 8.630000e+00

 Converged at time = 8.640000e+00

 Converged at time = 8.650000e+00

 Converged at time = 8.660000e+00

 Converged at time = 8.670000e+00

 Converged at time = 8.680000e+00

 Converged at time = 8.690000e+00

 Converged at time = 8.700000e+00

 Time = 8.700000e+00
 Step 870 of 25000
 field: displacement ID: 1 force:   -2.202682e-13  -7.995038e-02
 field: electric_scalar_potential ID: 2 force:    2.337808e+00

 Converged at time = 8.710000e+00

 Converged at time = 8.720000e+00

 Converged at time = 8.730000e+00

 Converged at time = 8.740000e+00

 Converged at time = 8.750000e+00

 Converged at time = 8.760000e+00

 Converged at time = 8.770000e+00

 Converged at time = 8.780000e+00

 Converged at time = 8.790000e+00

 Converged at time = 8.800000e+00

 Time = 8.800000e+00
 Step 880 of 25000
 field: displacement ID: 1 force:   -5.471179e-13   1.173348e-01
 field: electric_scalar_potential ID: 2 force:    2.356297e+00

 Converged at time = 8.810000e+00

 Converged at time = 8.820000e+00

 Converged at time = 8.830000e+00

 Converged at time = 8.840000e+00

 Converged at time = 8.850000e+00

 Converged at time = 8.860000e+00

 Converged at time = 8.870000e+00

 Converged at time = 8.880000e+00

 Converged at time = 8.890000e+00

 Converged at time = 8.900000e+00

 Time = 8.900000e+00
 Step 890 of 25000
 field: displacement ID: 1 force:   -1.350031e-13  -2.212646e-01
 field: electric_scalar_potential ID: 2 force:    2.376513e+00

 Converged at time = 8.910000e+00

 Converged at time = 8.920000e+00

 Converged at time = 8.930000e+00

 Converged at time = 8.940000e+00

 Converged at time = 8.950000e+00

 Converged at time = 8.960000e+00

 Converged at time = 8.970000e+00

 Converged at time = 8.980000e+00

 Converged at time = 8.990000e+00

 Converged at time = 9.000000e+00

 Time = 9.000000e+00
 Step 900 of 25000
 field: displacement ID: 1 force:    2.131628e-14   2.507707e-01
 field: electric_scalar_potential ID: 2 force:    2.393953e+00

 Converged at time = 9.010000e+00

 Converged at time = 9.020000e+00

 Converged at time = 9.030000e+00

 Converged at time = 9.040000e+00

 Converged at time = 9.050000e+00

 Converged at time = 9.060000e+00

 Converged at time = 9.070000e+00

 Converged at time = 9.080000e+00

 Converged at time = 9.090000e+00

 Converged at time = 9.100000e+00

 Time = 9.100000e+00
 Step 910 of 25000
 field: displacement ID: 1 force:    2.629008e-13  -2.432167e-01
 field: electric_scalar_potential ID: 2 force:    2.414232e+00

 Converged at time = 9.110000e+00

 Converged at time = 9.120000e+00

 Converged at time = 9.130000e+00

 Converged at time = 9.140000e+00

 Converged at time = 9.150000e+00

 Converged at time = 9.160000e+00

 Converged at time = 9.170000e+00

 Converged at time = 9.180000e+00

 Converged at time = 9.190000e+00

 Converged at time = 9.200000e+00

 Time = 9.200000e+00
 Step 920 of 25000
 field: displacement ID: 1 force:   -5.897505e-13   1.459848e-01
 field: electric_scalar_potential ID: 2 force:    2.431370e+00

 Converged at time = 9.210000e+00

 Converged at time = 9.220000e+00

 Converged at time = 9.230000e+00

 Converged at time = 9.240000e+00

 Converged at time = 9.250000e+00

 Converged at time = 9.260000e+00

 Converged at time = 9.270000e+00

 Converged at time = 9.280000e+00

 Converged at time = 9.290000e+00

 Converged at time = 9.300000e+00

 Time = 9.300000e+00
 Step 930 of 25000
 field: displacement ID: 1 force:    8.171241e-13  -2.061853e-01
 field: electric_scalar_potential ID: 2 force:    2.450942e+00

 Converged at time = 9.310000e+00

 Converged at time = 9.320000e+00

 Converged at time = 9.330000e+00

 Converged at time = 9.340000e+00

 Converged at time = 9.350000e+00

 Converged at time = 9.360000e+00

 Converged at time = 9.370000e+00

 Converged at time = 9.380000e+00

 Converged at time = 9.390000e+00

 Converged at time = 9.400000e+00

 Time = 9.400000e+00
 Step 940 of 25000
 field: displacement ID: 1 force:   -1.918465e-13   1.375692e-01
 field: electric_scalar_potential ID: 2 force:    2.468372e+00

 Converged at time = 9.410000e+00

 Converged at time = 9.420000e+00

 Converged at time = 9.430000e+00

 Converged at time = 9.440000e+00

 Converged at time = 9.450000e+00

 Converged at time = 9.460000e+00

 Converged at time = 9.470000e+00

 Converged at time = 9.480000e+00

 Converged at time = 9.490000e+00

 Converged at time = 9.500000e+00

 Time = 9.500000e+00
 Step 950 of 25000
 field: displacement ID: 1 force:   -4.902745e-13  -1.028858e-02
 field: electric_scalar_potential ID: 2 force:    2.486740e+00

 Converged at time = 9.510000e+00

 Converged at time = 9.520000e+00

 Converged at time = 9.530000e+00

 Converged at time = 9.540000e+00

 Converged at time = 9.550000e+00

 Converged at time = 9.560000e+00

 Converged at time = 9.570000e+00

 Converged at time = 9.580000e+00

 Converged at time = 9.590000e+00

 Converged at time = 9.600000e+00

 Time = 9.600000e+00
 Step 960 of 25000
 field: displacement ID: 1 force:   -3.552714e-14  -1.057356e-01
 field: electric_scalar_potential ID: 2 force:    2.504872e+00

 Converged at time = 9.610000e+00

 Converged at time = 9.620000e+00

 Converged at time = 9.630000e+00

 Converged at time = 9.640000e+00

 Converged at time = 9.650000e+00

 Converged at time = 9.660000e+00

 Converged at time = 9.670000e+00

 Converged at time = 9.680000e+00

 Converged at time = 9.690000e+00

 Converged at time = 9.700000e+00

 Time = 9.700000e+00
 Step 970 of 25000
 field: displacement ID: 1 force:    1.143974e-12  -4.634762e-02
 field: electric_scalar_potential ID: 2 force:    2.521929e+00

 Converged at time = 9.710000e+00

 Converged at time = 9.720000e+00

 Converged at time = 9.730000e+00

 Converged at time = 9.740000e+00

 Converged at time = 9.750000e+00

 Converged at time = 9.760000e+00

 Converged at time = 9.770000e+00

 Converged at time = 9.780000e+00

 Converged at time = 9.790000e+00

 Converged at time = 9.800000e+00

 Time = 9.800000e+00
 Step 980 of 25000
 field: displacement ID: 1 force:   -9.379164e-13  -3.648580e-03
 field: electric_scalar_potential ID: 2 force:    2.540592e+00

 Converged at time = 9.810000e+00

 Converged at time = 9.820000e+00

 Converged at time = 9.830000e+00

 Converged at time = 9.840000e+00

 Converged at time = 9.850000e+00

 Converged at time = 9.860000e+00

 Converged at time = 9.870000e+00

 Converged at time = 9.880000e+00

 Converged at time = 9.890000e+00

 Converged at time = 9.900000e+00

 Time = 9.900000e+00
 Step 990 of 25000
 field: displacement ID: 1 force:    1.364242e-12   1.404402e-01
 field: electric_scalar_potential ID: 2 force:    2.556664e+00

 Converged at time = 9.910000e+00

 Converged at time = 9.920000e+00

 Converged at time = 9.930000e+00

 Converged at time = 9.940000e+00

 Converged at time = 9.950000e+00

 Converged at time = 9.960000e+00

 Converged at time = 9.970000e+00

 Converged at time = 9.980000e+00

 Converged at time = 9.990000e+00

 Converged at time = 1.000000e+01

 Time = 1.000000e+01
 Step 1000 of 25000
 field: displacement ID: 1 force:   -5.968559e-13  -2.352066e-01
 field: electric_scalar_potential ID: 2 force:    2.575502e+00

 Converged at time = 1.001000e+01

 Converged at time = 1.002000e+01

 Converged at time = 1.003000e+01

 Converged at time = 1.004000e+01

 Converged at time = 1.005000e+01

 Converged at time = 1.006000e+01

 Converged at time = 1.007000e+01

 Converged at time = 1.008000e+01

 Converged at time = 1.009000e+01

 Converged at time = 1.010000e+01

 Time = 1.010000e+01
 Step 1010 of 25000
 field: displacement ID: 1 force:    7.105427e-14   9.749207e-02
 field: electric_scalar_potential ID: 2 force:    2.591108e+00

 Converged at time = 1.011000e+01

 Converged at time = 1.012000e+01

 Converged at time = 1.013000e+01

 Converged at time = 1.014000e+01

 Converged at time = 1.015000e+01

 Converged at time = 1.016000e+01

 Converged at time = 1.017000e+01

 Converged at time = 1.018000e+01

 Converged at time = 1.019000e+01

 Converged at time = 1.020000e+01

 Time = 1.020000e+01
 Step 1020 of 25000
 field: displacement ID: 1 force:   -8.526513e-14  -1.448928e-01
 field: electric_scalar_potential ID: 2 force:    2.609476e+00

 Converged at time = 1.021000e+01

 Converged at time = 1.022000e+01

 Converged at time = 1.023000e+01

 Converged at time = 1.024000e+01

 Converged at time = 1.025000e+01

 Converged at time = 1.026000e+01

 Converged at time = 1.027000e+01

 Converged at time = 1.028000e+01

 Converged at time = 1.029000e+01

 Converged at time = 1.030000e+01

 Time = 1.030000e+01
 Step 1030 of 25000
 field: displacement ID: 1 force:    1.065814e-12   8.033160e-02
 field: electric_scalar_potential ID: 2 force:    2.625159e+00

 Converged at time = 1.031000e+01

 Converged at time = 1.032000e+01

 Converged at time = 1.033000e+01

 Converged at time = 1.034000e+01

 Converged at time = 1.035000e+01

 Converged at time = 1.036000e+01

 Converged at time = 1.037000e+01

 Converged at time = 1.038000e+01

 Converged at time = 1.039000e+01

 Converged at time = 1.040000e+01

 Time = 1.040000e+01
 Step 1040 of 25000
 field: displacement ID: 1 force:    1.421085e-14   1.417413e-02
 field: electric_scalar_potential ID: 2 force:    2.642598e+00

 Converged at time = 1.041000e+01

 Converged at time = 1.042000e+01

 Converged at time = 1.043000e+01

 Converged at time = 1.044000e+01

 Converged at time = 1.045000e+01

 Converged at time = 1.046000e+01

 Converged at time = 1.047000e+01

 Converged at time = 1.048000e+01

 Converged at time = 1.049000e+01

 Converged at time = 1.050000e+01

 Time = 1.050000e+01
 Step 1050 of 25000
 field: displacement ID: 1 force:   -1.634248e-13  -4.647486e-02
 field: electric_scalar_potential ID: 2 force:    2.658773e+00

 Converged at time = 1.051000e+01

 Converged at time = 1.052000e+01

 Converged at time = 1.053000e+01

 Converged at time = 1.054000e+01

 Converged at time = 1.055000e+01

 Converged at time = 1.056000e+01

 Converged at time = 1.057000e+01

 Converged at time = 1.058000e+01

 Converged at time = 1.059000e+01

 Converged at time = 1.060000e+01

 Time = 1.060000e+01
 Step 1060 of 25000
 field: displacement ID: 1 force:    8.739676e-13  -7.349153e-02
 field: electric_scalar_potential ID: 2 force:    2.675056e+00

 Converged at time = 1.061000e+01

 Converged at time = 1.062000e+01

 Converged at time = 1.063000e+01

 Converged at time = 1.064000e+01

 Converged at time = 1.065000e+01

 Converged at time = 1.066000e+01

 Converged at time = 1.067000e+01

 Converged at time = 1.068000e+01

 Converged at time = 1.069000e+01

 Converged at time = 1.070000e+01

 Time = 1.070000e+01
 Step 1070 of 25000
 field: displacement ID: 1 force:   -1.421085e-14  -7.956900e-02
 field: electric_scalar_potential ID: 2 force:    2.691766e+00

 Converged at time = 1.071000e+01

 Converged at time = 1.072000e+01

 Converged at time = 1.073000e+01

 Converged at time = 1.074000e+01

 Converged at time = 1.075000e+01

 Converged at time = 1.076000e+01

 Converged at time = 1.077000e+01

 Converged at time = 1.078000e+01

 Converged at time = 1.079000e+01

 Converged at time = 1.080000e+01

 Time = 1.080000e+01
 Step 1080 of 25000
 field: displacement ID: 1 force:    1.421085e-14   1.609205e-01
 field: electric_scalar_potential ID: 2 force:    2.706900e+00

 Converged at time = 1.081000e+01

 Converged at time = 1.082000e+01

 Converged at time = 1.083000e+01

 Converged at time = 1.084000e+01

 Converged at time = 1.085000e+01

 Converged at time = 1.086000e+01

 Converged at time = 1.087000e+01

 Converged at time = 1.088000e+01

 Converged at time = 1.089000e+01

 Converged at time = 1.090000e+01

 Time = 1.090000e+01
 Step 1090 of 25000
 field: displacement ID: 1 force:    6.750156e-13  -1.202265e-01
 field: electric_scalar_potential ID: 2 force:    2.724068e+00

 Converged at time = 1.091000e+01

 Converged at time = 1.092000e+01

 Converged at time = 1.093000e+01

 Converged at time = 1.094000e+01

 Converged at time = 1.095000e+01

 Converged at time = 1.096000e+01

 Converged at time = 1.097000e+01

 Converged at time = 1.098000e+01

 Converged at time = 1.099000e+01

 Converged at time = 1.100000e+01

 Time = 1.100000e+01
 Step 1100 of 25000
 field: displacement ID: 1 force:   -7.105427e-14   1.568604e-01
 field: electric_scalar_potential ID: 2 force:    2.738340e+00

 Converged at time = 1.101000e+01

 Converged at time = 1.102000e+01

 Converged at time = 1.103000e+01

 Converged at time = 1.104000e+01

 Converged at time = 1.105000e+01

 Converged at time = 1.106000e+01

 Converged at time = 1.107000e+01

 Converged at time = 1.108000e+01

 Converged at time = 1.109000e+01

 Converged at time = 1.110000e+01

 Time = 1.110000e+01
 Step 1110 of 25000
 field: displacement ID: 1 force:    8.881784e-13  -2.429509e-01
 field: electric_scalar_potential ID: 2 force:    2.755611e+00

 Converged at time = 1.111000e+01

 Converged at time = 1.112000e+01

 Converged at time = 1.113000e+01

 Converged at time = 1.114000e+01

 Converged at time = 1.115000e+01

 Converged at time = 1.116000e+01

 Converged at time = 1.117000e+01

 Converged at time = 1.118000e+01

 Converged at time = 1.119000e+01

 Converged at time = 1.120000e+01

 Time = 1.120000e+01
 Step 1120 of 25000
 field: displacement ID: 1 force:   -6.536993e-13   1.519967e-01
 field: electric_scalar_potential ID: 2 force:    2.769346e+00

 Converged at time = 1.121000e+01

 Converged at time = 1.122000e+01

 Converged at time = 1.123000e+01

 Converged at time = 1.124000e+01

 Converged at time = 1.125000e+01

 Converged at time = 1.126000e+01

 Converged at time = 1.127000e+01

 Converged at time = 1.128000e+01

 Converged at time = 1.129000e+01

 Converged at time = 1.130000e+01

 Time = 1.130000e+01
 Step 1130 of 25000
 field: displacement ID: 1 force:    4.121148e-13  -1.029881e-01
 field: electric_scalar_potential ID: 2 force:    2.786288e+00

 Converged at time = 1.131000e+01

 Converged at time = 1.132000e+01

 Converged at time = 1.133000e+01

 Converged at time = 1.134000e+01

 Converged at time = 1.135000e+01

 Converged at time = 1.136000e+01

 Converged at time = 1.137000e+01

 Converged at time = 1.138000e+01

 Converged at time = 1.139000e+01

 Converged at time = 1.140000e+01

 Time = 1.140000e+01
 Step 1140 of 25000
 field: displacement ID: 1 force:    9.166001e-13   1.850573e-01
 field: electric_scalar_potential ID: 2 force:    2.799878e+00

 Converged at time = 1.141000e+01

 Converged at time = 1.142000e+01

 Converged at time = 1.143000e+01

 Converged at time = 1.144000e+01

 Converged at time = 1.145000e+01

 Converged at time = 1.146000e+01

 Converged at time = 1.147000e+01

 Converged at time = 1.148000e+01

 Converged at time = 1.149000e+01

 Converged at time = 1.150000e+01

 Time = 1.150000e+01
 Step 1150 of 25000
 field: displacement ID: 1 force:   -3.410605e-13  -1.357777e-01
 field: electric_scalar_potential ID: 2 force:    2.816195e+00

 Converged at time = 1.151000e+01

 Converged at time = 1.152000e+01

 Converged at time = 1.153000e+01

 Converged at time = 1.154000e+01

 Converged at time = 1.155000e+01

 Converged at time = 1.156000e+01

 Converged at time = 1.157000e+01

 Converged at time = 1.158000e+01

 Converged at time = 1.159000e+01

 Converged at time = 1.160000e+01

 Time = 1.160000e+01
 Step 1160 of 25000
 field: displacement ID: 1 force:    1.051603e-12   1.512531e-01
 field: electric_scalar_potential ID: 2 force:    2.829936e+00

 Converged at time = 1.161000e+01

 Converged at time = 1.162000e+01

 Converged at time = 1.163000e+01

 Converged at time = 1.164000e+01

 Converged at time = 1.165000e+01

 Converged at time = 1.166000e+01

 Converged at time = 1.167000e+01

 Converged at time = 1.168000e+01

 Converged at time = 1.169000e+01

 Converged at time = 1.170000e+01

 Time = 1.170000e+01
 Step 1170 of 25000
 field: displacement ID: 1 force:    1.989520e-12  -1.309683e-01
 field: electric_scalar_potential ID: 2 force:    2.845379e+00

 Converged at time = 1.171000e+01

 Converged at time = 1.172000e+01

 Converged at time = 1.173000e+01

 Converged at time = 1.174000e+01

 Converged at time = 1.175000e+01

 Converged at time = 1.176000e+01

 Converged at time = 1.177000e+01

 Converged at time = 1.178000e+01

 Converged at time = 1.179000e+01

 Converged at time = 1.180000e+01

 Time = 1.180000e+01
 Step 1180 of 25000
 field: displacement ID: 1 force:    8.455459e-13   6.460986e-02
 field: electric_scalar_potential ID: 2 force:    2.859477e+00

 Converged at time = 1.181000e+01

 Converged at time = 1.182000e+01

 Converged at time = 1.183000e+01

 Converged at time = 1.184000e+01

 Converged at time = 1.185000e+01

 Converged at time = 1.186000e+01

 Converged at time = 1.187000e+01

 Converged at time = 1.188000e+01

 Converged at time = 1.189000e+01

 Converged at time = 1.190000e+01

 Time = 1.190000e+01
 Step 1190 of 25000
 field: displacement ID: 1 force:    2.664535e-12   5.066829e-02
 field: electric_scalar_potential ID: 2 force:    2.874017e+00

 Converged at time = 1.191000e+01

 Converged at time = 1.192000e+01

 Converged at time = 1.193000e+01

 Converged at time = 1.194000e+01

 Converged at time = 1.195000e+01

 Converged at time = 1.196000e+01

 Converged at time = 1.197000e+01

 Converged at time = 1.198000e+01

 Converged at time = 1.199000e+01

 Converged at time = 1.200000e+01

 Time = 1.200000e+01
 Step 1200 of 25000
 field: displacement ID: 1 force:    9.080736e-12   3.078893e-02
 field: electric_scalar_potential ID: 2 force:    2.888860e+00

 Converged at time = 1.201000e+01

 Converged at time = 1.202000e+01

 Converged at time = 1.203000e+01

 Converged at time = 1.204000e+01

 Converged at time = 1.205000e+01

 Converged at time = 1.206000e+01

 Converged at time = 1.207000e+01

 Converged at time = 1.208000e+01

 Converged at time = 1.209000e+01

 Converged at time = 1.210000e+01

 Time = 1.210000e+01
 Step 1210 of 25000
 field: displacement ID: 1 force:    1.855938e-11  -8.971080e-03
 field: electric_scalar_potential ID: 2 force:    2.903979e+00

 Converged at time = 1.211000e+01

 Converged at time = 1.212000e+01

 Converged at time = 1.213000e+01

 Converged at time = 1.214000e+01

 Converged at time = 1.215000e+01

 Converged at time = 1.216000e+01

 Converged at time = 1.217000e+01

 Converged at time = 1.218000e+01

 Converged at time = 1.219000e+01

 Converged at time = 1.220000e+01

 Time = 1.220000e+01
 Step 1220 of 25000
 field: displacement ID: 1 force:    3.243628e-11  -4.391518e-02
 field: electric_scalar_potential ID: 2 force:    2.926158e+00

 Converged at time = 1.221000e+01

 Converged at time = 1.222000e+01

 Converged at time = 1.223000e+01

 Converged at time = 1.224000e+01

 Converged at time = 1.225000e+01

 Converged at time = 1.226000e+01

 Converged at time = 1.227000e+01

 Converged at time = 1.228000e+01

 Converged at time = 1.229000e+01

 Converged at time = 1.230000e+01

 Time = 1.230000e+01
 Step 1230 of 25000
 field: displacement ID: 1 force:    5.368150e-11   5.235221e-03
 field: electric_scalar_potential ID: 2 force:    2.967411e+00

 Converged at time = 1.231000e+01

 Converged at time = 1.232000e+01

 Converged at time = 1.233000e+01

 Converged at time = 1.234000e+01

 Converged at time = 1.235000e+01

 Converged at time = 1.236000e+01

 Converged at time = 1.237000e+01

 Converged at time = 1.238000e+01

 Converged at time = 1.239000e+01

 Converged at time = 1.240000e+01

 Time = 1.240000e+01
 Step 1240 of 25000
 field: displacement ID: 1 force:    6.843948e-11  -5.575464e-02
 field: electric_scalar_potential ID: 2 force:    3.041687e+00

 Converged at time = 1.241000e+01

 Converged at time = 1.242000e+01

 Converged at time = 1.243000e+01

 Converged at time = 1.244000e+01

 Converged at time = 1.245000e+01

 Converged at time = 1.246000e+01

 Converged at time = 1.247000e+01

 Converged at time = 1.248000e+01

 Converged at time = 1.249000e+01

 Converged at time = 1.250000e+01

 Time = 1.250000e+01
 Step 1250 of 25000
 field: displacement ID: 1 force:    4.951062e-11   1.257241e-01
 field: electric_scalar_potential ID: 2 force:    3.077298e+00

 Converged at time = 1.251000e+01

 Converged at time = 1.252000e+01

 Converged at time = 1.253000e+01

 Converged at time = 1.254000e+01

 Converged at time = 1.255000e+01

 Converged at time = 1.256000e+01

 Converged at time = 1.257000e+01

 Converged at time = 1.258000e+01

 Converged at time = 1.259000e+01

 Converged at time = 1.260000e+01

 Time = 1.260000e+01
 Step 1260 of 25000
 field: displacement ID: 1 force:   -7.374013e-11  -1.397572e-01
 field: electric_scalar_potential ID: 2 force:    3.045584e+00

 Converged at time = 1.261000e+01

 Converged at time = 1.262000e+01

 Converged at time = 1.263000e+01

 Converged at time = 1.264000e+01

 Converged at time = 1.265000e+01

 Converged at time = 1.266000e+01

 Converged at time = 1.267000e+01

 Converged at time = 1.268000e+01

 Converged at time = 1.269000e+01

 Converged at time = 1.270000e+01

 Time = 1.270000e+01
 Step 1270 of 25000
 field: displacement ID: 1 force:   -1.256311e-10   1.218373e-01
 field: electric_scalar_potential ID: 2 force:    3.016599e+00

 Converged at time = 1.271000e+01

 Converged at time = 1.272000e+01

 Converged at time = 1.273000e+01

 Converged at time = 1.274000e+01

 Converged at time = 1.275000e+01

 Converged at time = 1.276000e+01

 Converged at time = 1.277000e+01

 Converged at time = 1.278000e+01

 Converged at time = 1.279000e+01

 Converged at time = 1.280000e+01

 Time = 1.280000e+01
 Step 1280 of 25000
 field: displacement ID: 1 force:   -4.475709e-11  -1.998112e-01
 field: electric_scalar_potential ID: 2 force:    3.025955e+00

 Converged at time = 1.281000e+01

 Converged at time = 1.282000e+01

 Converged at time = 1.283000e+01

 Converged at time = 1.284000e+01

 Converged at time = 1.285000e+01

 Converged at time = 1.286000e+01

 Converged at time = 1.287000e+01

 Converged at time = 1.288000e+01

 Converged at time = 1.289000e+01

 Converged at time = 1.290000e+01

 Time = 1.290000e+01
 Step 1290 of 25000
 field: displacement ID: 1 force:    5.946532e-11   1.179877e-01
 field: electric_scalar_potential ID: 2 force:    3.065545e+00

 Converged at time = 1.291000e+01

 Converged at time = 1.292000e+01

 Converged at time = 1.293000e+01

 Converged at time = 1.294000e+01

 Converged at time = 1.295000e+01

 Converged at time = 1.296000e+01

 Converged at time = 1.297000e+01

 Converged at time = 1.298000e+01

 Converged at time = 1.299000e+01

 Converged at time = 1.300000e+01

 Time = 1.300000e+01
 Step 1300 of 25000
 field: displacement ID: 1 force:    9.634959e-11  -1.746833e-01
 field: electric_scalar_potential ID: 2 force:    3.146217e+00

 Converged at time = 1.301000e+01

 Converged at time = 1.302000e+01

 Converged at time = 1.303000e+01

 Converged at time = 1.304000e+01

 Converged at time = 1.305000e+01

 Converged at time = 1.306000e+01

 Converged at time = 1.307000e+01

 Converged at time = 1.308000e+01

 Converged at time = 1.309000e+01

 Converged at time = 1.310000e+01

 Time = 1.310000e+01
 Step 1310 of 25000
 field: displacement ID: 1 force:    2.884804e-11   2.133746e-01
 field: electric_scalar_potential ID: 2 force:    3.173688e+00

 Converged at time = 1.311000e+01

 Converged at time = 1.312000e+01

 Converged at time = 1.313000e+01

 Converged at time = 1.314000e+01

 Converged at time = 1.315000e+01

 Converged at time = 1.316000e+01

 Converged at time = 1.317000e+01

 Converged at time = 1.318000e+01

 Converged at time = 1.319000e+01

 Converged at time = 1.320000e+01

 Time = 1.320000e+01
 Step 1320 of 25000
 field: displacement ID: 1 force:   -2.511769e-11  -5.224705e-02
 field: electric_scalar_potential ID: 2 force:    3.128631e+00

 Converged at time = 1.321000e+01

 Converged at time = 1.322000e+01

 Converged at time = 1.323000e+01

 Converged at time = 1.324000e+01

 Converged at time = 1.325000e+01

 Converged at time = 1.326000e+01

 Converged at time = 1.327000e+01

 Converged at time = 1.328000e+01

 Converged at time = 1.329000e+01

 Converged at time = 1.330000e+01

 Time = 1.330000e+01
 Step 1330 of 25000
 field: displacement ID: 1 force:   -8.279954e-11   2.027706e-01
 field: electric_scalar_potential ID: 2 force:    3.104382e+00

 Converged at time = 1.331000e+01

 Converged at time = 1.332000e+01

 Converged at time = 1.333000e+01

 Converged at time = 1.334000e+01

 Converged at time = 1.335000e+01

 Converged at time = 1.336000e+01

 Converged at time = 1.337000e+01

 Converged at time = 1.338000e+01

 Converged at time = 1.339000e+01

 Converged at time = 1.340000e+01

 Time = 1.340000e+01
 Step 1340 of 25000
 field: displacement ID: 1 force:   -7.845102e-11  -1.817470e-01
 field: electric_scalar_potential ID: 2 force:    3.133485e+00

 Converged at time = 1.341000e+01

 Converged at time = 1.342000e+01

 Converged at time = 1.343000e+01

 Converged at time = 1.344000e+01

 Converged at time = 1.345000e+01

 Converged at time = 1.346000e+01

 Converged at time = 1.347000e+01

 Converged at time = 1.348000e+01

 Converged at time = 1.349000e+01

 Converged at time = 1.350000e+01

 Time = 1.350000e+01
 Step 1350 of 25000
 field: displacement ID: 1 force:    2.030021e-11   1.032563e-01
 field: electric_scalar_potential ID: 2 force:    3.207211e+00

 Converged at time = 1.351000e+01

 Converged at time = 1.352000e+01

 Converged at time = 1.353000e+01

 Converged at time = 1.354000e+01

 Converged at time = 1.355000e+01

 Converged at time = 1.356000e+01

 Converged at time = 1.357000e+01

 Converged at time = 1.358000e+01

 Converged at time = 1.359000e+01

 Converged at time = 1.360000e+01

 Time = 1.360000e+01
 Step 1360 of 25000
 field: displacement ID: 1 force:    9.443113e-11  -1.709541e-01
 field: electric_scalar_potential ID: 2 force:    3.252504e+00

 Converged at time = 1.361000e+01

 Converged at time = 1.362000e+01

 Converged at time = 1.363000e+01

 Converged at time = 1.364000e+01

 Converged at time = 1.365000e+01

 Converged at time = 1.366000e+01

 Converged at time = 1.367000e+01

 Converged at time = 1.368000e+01

 Converged at time = 1.369000e+01

 Converged at time = 1.370000e+01

 Time = 1.370000e+01
 Step 1370 of 25000
 field: displacement ID: 1 force:    6.915002e-11   7.148392e-03
 field: electric_scalar_potential ID: 2 force:    3.216872e+00

 Converged at time = 1.371000e+01

 Converged at time = 1.372000e+01

 Converged at time = 1.373000e+01

 Converged at time = 1.374000e+01

 Converged at time = 1.375000e+01

 Converged at time = 1.376000e+01

 Converged at time = 1.377000e+01

 Converged at time = 1.378000e+01

 Converged at time = 1.379000e+01

 Converged at time = 1.380000e+01

 Time = 1.380000e+01
 Step 1380 of 25000
 field: displacement ID: 1 force:   -3.836931e-11  -6.856208e-02
 field: electric_scalar_potential ID: 2 force:    3.201452e+00

 Converged at time = 1.381000e+01

 Converged at time = 1.382000e+01

 Converged at time = 1.383000e+01

 Converged at time = 1.384000e+01

 Converged at time = 1.385000e+01

 Converged at time = 1.386000e+01

 Converged at time = 1.387000e+01

 Converged at time = 1.388000e+01

 Converged at time = 1.389000e+01

 Converged at time = 1.390000e+01

 Time = 1.390000e+01
 Step 1390 of 25000
 field: displacement ID: 1 force:   -8.654411e-11   1.986298e-01
 field: electric_scalar_potential ID: 2 force:    3.250640e+00

 Converged at time = 1.391000e+01

 Converged at time = 1.392000e+01

 Converged at time = 1.393000e+01

 Converged at time = 1.394000e+01

 Converged at time = 1.395000e+01

 Converged at time = 1.396000e+01

 Converged at time = 1.397000e+01

 Converged at time = 1.398000e+01

 Converged at time = 1.399000e+01

 Converged at time = 1.400000e+01

 Time = 1.400000e+01
 Step 1400 of 25000
 field: displacement ID: 1 force:   -5.349676e-11   2.605811e-01
 field: electric_scalar_potential ID: 2 force:    3.311190e+00

 Converged at time = 1.401000e+01

 Converged at time = 1.402000e+01

 Converged at time = 1.403000e+01

 Converged at time = 1.404000e+01

 Converged at time = 1.405000e+01

 Converged at time = 1.406000e+01

 Converged at time = 1.407000e+01

 Converged at time = 1.408000e+01

 Converged at time = 1.409000e+01

 Converged at time = 1.410000e+01

 Time = 1.410000e+01
 Step 1410 of 25000
 field: displacement ID: 1 force:    4.165912e-11   4.353013e-01
 field: electric_scalar_potential ID: 2 force:    3.395428e+00

 Converged at time = 1.411000e+01

 Converged at time = 1.412000e+01

 Converged at time = 1.413000e+01

 Converged at time = 1.414000e+01

 Converged at time = 1.415000e+01

 Converged at time = 1.416000e+01

 Converged at time = 1.417000e+01

 Converged at time = 1.418000e+01

 Converged at time = 1.419000e+01

 Converged at time = 1.420000e+01

 Time = 1.420000e+01
 Step 1420 of 25000
 field: displacement ID: 1 force:   -2.439293e-11   4.752613e-01
 field: electric_scalar_potential ID: 2 force:    3.555473e+00

 Converged at time = 1.421000e+01

 Converged at time = 1.422000e+01

 Converged at time = 1.423000e+01

 Converged at time = 1.424000e+01

 Converged at time = 1.425000e+01

 Converged at time = 1.426000e+01

 Converged at time = 1.427000e+01

 Converged at time = 1.428000e+01

 Converged at time = 1.429000e+01

 Converged at time = 1.430000e+01

 Time = 1.430000e+01
 Step 1430 of 25000
 field: displacement ID: 1 force:   -1.858780e-11   7.568051e-01
 field: electric_scalar_potential ID: 2 force:    3.747314e+00

 Converged at time = 1.431000e+01

 Converged at time = 1.432000e+01

 Converged at time = 1.433000e+01

 Converged at time = 1.434000e+01

 Converged at time = 1.435000e+01

 Converged at time = 1.436000e+01

 Converged at time = 1.437000e+01

 Converged at time = 1.438000e+01

 Converged at time = 1.439000e+01

 Converged at time = 1.440000e+01

 Time = 1.440000e+01
 Step 1440 of 25000
 field: displacement ID: 1 force:    5.955769e-11   6.509470e-02
 field: electric_scalar_potential ID: 2 force:    3.945444e+00

 Converged at time = 1.441000e+01

 Converged at time = 1.442000e+01

 Converged at time = 1.443000e+01

 Converged at time = 1.444000e+01

 Converged at time = 1.445000e+01

 Converged at time = 1.446000e+01

 Converged at time = 1.447000e+01

 Converged at time = 1.448000e+01

 Converged at time = 1.449000e+01

 Converged at time = 1.450000e+01

 Time = 1.450000e+01
 Step 1450 of 25000
 field: displacement ID: 1 force:   -4.170175e-11   5.493798e-01
 field: electric_scalar_potential ID: 2 force:    4.315793e+00

 Converged at time = 1.451000e+01

 Converged at time = 1.452000e+01

 Converged at time = 1.453000e+01

 Converged at time = 1.454000e+01

 Converged at time = 1.455000e+01

 Converged at time = 1.456000e+01

 Converged at time = 1.457000e+01

 Converged at time = 1.458000e+01

 Converged at time = 1.459000e+01

 Converged at time = 1.460000e+01

 Time = 1.460000e+01
 Step 1460 of 25000
 field: displacement ID: 1 force:   -2.178524e-10   5.022140e-01
 field: electric_scalar_potential ID: 2 force:    4.812645e+00

 Converged at time = 1.461000e+01

 Converged at time = 1.462000e+01

 Converged at time = 1.463000e+01

 Converged at time = 1.464000e+01

 Converged at time = 1.465000e+01

 Converged at time = 1.466000e+01

 Converged at time = 1.467000e+01

 Converged at time = 1.468000e+01

 Converged at time = 1.469000e+01

 Converged at time = 1.470000e+01

 Time = 1.470000e+01
 Step 1470 of 25000
 field: displacement ID: 1 force:   -1.540030e-10   4.760215e-01
 field: electric_scalar_potential ID: 2 force:    5.788634e+00

 Converged at time = 1.471000e+01

 Converged at time = 1.472000e+01

 Converged at time = 1.473000e+01

 Converged at time = 1.474000e+01

 Converged at time = 1.475000e+01

 Converged at time = 1.476000e+01

 Converged at time = 1.477000e+01

 Converged at time = 1.478000e+01

 Converged at time = 1.479000e+01

 Converged at time = 1.480000e+01

 Time = 1.480000e+01
 Step 1480 of 25000
 field: displacement ID: 1 force:   -3.083969e-10   6.158606e-01
 field: electric_scalar_potential ID: 2 force:    8.446147e+00

 Converged at time = 1.481000e+01

 Converged at time = 1.482000e+01

 Converged at time = 1.483000e+01

   Start time: Fri Jan 15 14:51:21 2016
 Construction: 8.935000e-03 sec.
     Solution: 5.434023e+02 sec.
    Stop time: Fri Jan 15 15:00:39 2016

 End Execution

