# Generated by Tahoe::DotLine_FormatterT $Revision: 1.6 $

begin: tahoe
title. . . . . . . . . . . . . . . . . . . . . . . = Dielectric Elastomer Testing
author . . . . . . . . . . . . . . . . . . . . . . = hspark
geometry_format. . . . . . . . . . . . . . . . . . = automatic
geometry_format = automatic (default)
geometry_format = TahoeII
geometry_format = ExodusII
geometry_file. . . . . . . . . . . . . . . . . . . = ../geometry/8x8.geom
output_format. . . . . . . . . . . . . . . . . . . = ExodusII
output_format = automatic (default)
output_format = Tahoe
output_format = TecPlot
output_format = EnSight
output_format = ExodusII
restart_output_inc . . . . . . . . . . . . . . . . = 0
restart_output_inc >= 0 (default)
echo_input . . . . . . . . . . . . . . . . . . . . = false
echo_input(default) = false
logging. . . . . . . . . . . . . . . . . . . . . . = moderate
logging = verbose
logging = moderate (default)
logging = silent
compute_IC . . . . . . . . . . . . . . . . . . . . = false
compute_IC(default) = true

begin: tahoe::time
scaling. . . . . . . . . . . . . . . . . . . . . . = linear
scaling = linear (default)
scaling = logarithmic
init_time. . . . . . . . . . . . . . . . . . . . . = 0.000000e+00
init_time >= 0 (default)
num_steps. . . . . . . . . . . . . . . . . . . . . = 15000
num_steps >= 0
output_inc . . . . . . . . . . . . . . . . . . . . = 1
output_inc(default) = 0
max_step_cuts. . . . . . . . . . . . . . . . . . . = 0
max_step_cuts >= 0 (default)
time_step. . . . . . . . . . . . . . . . . . . . . = 1.000000e-02
time_step >= 0

begin: tahoe::time::schedule_function

begin: tahoe::time::schedule_function::linear_function
a. . . . . . . . . . . . . . . . . . . . . . . . . = 1.000000e+00
b. . . . . . . . . . . . . . . . . . . . . . . . . = 0.000000e+00
end: tahoe::time::schedule_function::linear_function

end: tahoe::time::schedule_function

end: tahoe::time

begin: tahoe::nodes

begin: tahoe::nodes::field
field_name . . . . . . . . . . . . . . . . . . . . = displacement
solution_group . . . . . . . . . . . . . . . . . . = 1
solution_group >= 1 (default)
integrator . . . . . . . . . . . . . . . . . . . . = nonlinear_HHT
integrator = linear_static
integrator = static (default)
integrator = trapezoid
integrator = linear_HHT
integrator = nonlinear_HHT
integrator = central_difference
integrator = Verlet
integrator = Gear6
integrator = mixed
total_energy_output_inc. . . . . . . . . . . . . . = 0
total_energy_output_inc >= 0 (default)

begin: tahoe::nodes::field::dof_labels

begin: tahoe::nodes::field::dof_labels::String
value. . . . . . . . . . . . . . . . . . . . . . . = D_X
end: tahoe::nodes::field::dof_labels::String

begin: tahoe::nodes::field::dof_labels::String
value. . . . . . . . . . . . . . . . . . . . . . . = D_Y
end: tahoe::nodes::field::dof_labels::String

end: tahoe::nodes::field::dof_labels

begin: tahoe::nodes::field::kinematic_BC
node_ID. . . . . . . . . . . . . . . . . . . . . . = 4
dof. . . . . . . . . . . . . . . . . . . . . . . . = 1
type . . . . . . . . . . . . . . . . . . . . . . . = fixed
type = fixed (default)
type = u
type = D_u
type = DD_u
type = D3_u
type = D4_u
schedule . . . . . . . . . . . . . . . . . . . . . = 0
schedule(default) = 0
value. . . . . . . . . . . . . . . . . . . . . . . = 0.000000e+00
value(default) = 0.000000e+00
end: tahoe::nodes::field::kinematic_BC

begin: tahoe::nodes::field::kinematic_BC
node_ID. . . . . . . . . . . . . . . . . . . . . . = 1
dof. . . . . . . . . . . . . . . . . . . . . . . . = 2
type . . . . . . . . . . . . . . . . . . . . . . . = fixed
type = fixed (default)
type = u
type = D_u
type = DD_u
type = D3_u
type = D4_u
schedule . . . . . . . . . . . . . . . . . . . . . = 0
schedule(default) = 0
value. . . . . . . . . . . . . . . . . . . . . . . = 0.000000e+00
value(default) = 0.000000e+00
end: tahoe::nodes::field::kinematic_BC

end: tahoe::nodes::field

begin: tahoe::nodes::field
field_name . . . . . . . . . . . . . . . . . . . . = electric_scalar_potential
solution_group . . . . . . . . . . . . . . . . . . = 1
solution_group >= 1 (default)
integrator . . . . . . . . . . . . . . . . . . . . = static
integrator = linear_static
integrator = static (default)
integrator = trapezoid
integrator = linear_HHT
integrator = nonlinear_HHT
integrator = central_difference
integrator = Verlet
integrator = Gear6
integrator = mixed
total_energy_output_inc. . . . . . . . . . . . . . = 0
total_energy_output_inc >= 0 (default)

begin: tahoe::nodes::field::dof_labels

begin: tahoe::nodes::field::dof_labels::String
value. . . . . . . . . . . . . . . . . . . . . . . = Psi
end: tahoe::nodes::field::dof_labels::String

end: tahoe::nodes::field::dof_labels

end: tahoe::nodes::field

begin: tahoe::nodes::history_node_ID_list

begin: tahoe::nodes::history_node_ID_list::String
value. . . . . . . . . . . . . . . . . . . . . . . = 3
end: tahoe::nodes::history_node_ID_list::String

end: tahoe::nodes::history_node_ID_list

end: tahoe::nodes

begin: tahoe::element_list

begin: tahoe::element_list::dielectric_elastomer_Q1P0Elastocapillary
field_name . . . . . . . . . . . . . . . . . . . . = displacement
mass_type. . . . . . . . . . . . . . . . . . . . . = lumped_mass
mass_type = automatic (default)
mass_type = no_mass
mass_type = consistent_mass
mass_type = lumped_mass
eigenvalue_inc . . . . . . . . . . . . . . . . . . = 0
eigenvalue_inc >= 0 (default)
electric_field_name. . . . . . . . . . . . . . . . = electric_scalar_potential
output_surface . . . . . . . . . . . . . . . . . . = false
output_surface(default) = false

begin: tahoe::element_list::dielectric_elastomer_Q1P0Elastocapillary::quadrilateral
num_ip . . . . . . . . . . . . . . . . . . . . . . = 4
num_ip = 1
num_ip = 4 (default)
num_ip = 5
num_ip = 9
num_ip = 16
end: tahoe::element_list::dielectric_elastomer_Q1P0Elastocapillary::quadrilateral

begin: tahoe::element_list::dielectric_elastomer_Q1P0Elastocapillary::solid_element_nodal_output
displacements. . . . . . . . . . . . . . . . . . . = 1
displacements(default) = 1
stress . . . . . . . . . . . . . . . . . . . . . . = 1
stress(default) = 1
electric_displacement. . . . . . . . . . . . . . . = 1
electric_displacement(default) = 1
electric_scalar_potential. . . . . . . . . . . . . = 1
electric_scalar_potential(default) = 1
end: tahoe::element_list::dielectric_elastomer_Q1P0Elastocapillary::solid_element_nodal_output

begin: tahoe::element_list::dielectric_elastomer_Q1P0Elastocapillary::large_strain_element_block

begin: tahoe::element_list::dielectric_elastomer_Q1P0Elastocapillary::large_strain_element_block::block_ID_list

begin: tahoe::element_list::dielectric_elastomer_Q1P0Elastocapillary::large_strain_element_block::block_ID_list::String
value. . . . . . . . . . . . . . . . . . . . . . . = 1
end: tahoe::element_list::dielectric_elastomer_Q1P0Elastocapillary::large_strain_element_block::block_ID_list::String

end: tahoe::element_list::dielectric_elastomer_Q1P0Elastocapillary::large_strain_element_block::block_ID_list

begin: tahoe::element_list::dielectric_elastomer_Q1P0Elastocapillary::large_strain_element_block::large_strain_material_2D

begin: tahoe::element_list::dielectric_elastomer_Q1P0Elastocapillary::large_strain_element_block::large_strain_material_2D::Dielectric_Elastomer_Q1P02D
density. . . . . . . . . . . . . . . . . . . . . . = 1.000000e+00
density >= 0.000000e+00
constraint_2D. . . . . . . . . . . . . . . . . . . = none
constraint_2D = none (default)
constraint_2D = plane_stress
constraint_2D = plane_strain
CTE. . . . . . . . . . . . . . . . . . . . . . . . = 0.000000e+00
CTE(default) = 0.000000e+00
mu . . . . . . . . . . . . . . . . . . . . . . . . = 1.000000e+00
epsilon. . . . . . . . . . . . . . . . . . . . . . = 1.000000e+00
Nrig . . . . . . . . . . . . . . . . . . . . . . . = 5.000000e+00
lambda . . . . . . . . . . . . . . . . . . . . . . = 1.000000e+03
gamma. . . . . . . . . . . . . . . . . . . . . . . = 1.000000e+00
t_0. . . . . . . . . . . . . . . . . . . . . . . . = 1.000000e+00
end: tahoe::element_list::dielectric_elastomer_Q1P0Elastocapillary::large_strain_element_block::large_strain_material_2D::Dielectric_Elastomer_Q1P02D

end: tahoe::element_list::dielectric_elastomer_Q1P0Elastocapillary::large_strain_element_block::large_strain_material_2D

end: tahoe::element_list::dielectric_elastomer_Q1P0Elastocapillary::large_strain_element_block

end: tahoe::element_list::dielectric_elastomer_Q1P0Elastocapillary

end: tahoe::element_list

begin: tahoe::nonlinear_solver
print_eqnos. . . . . . . . . . . . . . . . . . . . = false
print_eqnos(default) = false
check_code . . . . . . . . . . . . . . . . . . . . = no_check
check_code = no_check (default)
check_code = small_pivots
check_code = all_pivots
check_code = print_LHS
check_code = print_RHS
check_code = print_solution
check_code = check_LHS
check_LHS_perturbation . . . . . . . . . . . . . . = 1.000000e-08
check_LHS_perturbation >= 0.000000e+00
check_LHS_perturbation(default) = 1.000000e-08
max_iterations . . . . . . . . . . . . . . . . . . = 20
min_iterations . . . . . . . . . . . . . . . . . . = 0
min_iterations(default) = 0
reform_tangent_iterations. . . . . . . . . . . . . = 1
reform_tangent_iterations >= 1 (default)
abs_tolerance. . . . . . . . . . . . . . . . . . . = 1.000000e-07
rel_tolerance. . . . . . . . . . . . . . . . . . . = 1.000000e-09
divergence_tolerance . . . . . . . . . . . . . . . = 1.000000e+10
quick_solve_iter . . . . . . . . . . . . . . . . . = 6
quick_solve_iter(default) = 6
quick_solve_count. . . . . . . . . . . . . . . . . = 3
quick_solve_count(default) = 3
output_inc . . . . . . . . . . . . . . . . . . . . = 0
output_inc >= 0 (default)

begin: tahoe::nonlinear_solver::profile_matrix
end: tahoe::nonlinear_solver::profile_matrix

end: tahoe::nonlinear_solver

end: tahoe


 E q u a t i o n    S y s t e m    D a t a :

 Local number of equations . . . . . . . . . . . = 225
 Total number of equations . . . . . . . . . . . = 225
 Number of terms in global matrix. . . . . . . . = 12321
 Mean half bandwidth . . . . . . . . . . . . . . = 55
 Bandwidth . . . . . . . . . . . . . . . . . . . = 32


 Converged at time = 1.000000e-02

 Time = 1.000000e-02
 Step 1 of 15000
 field: displacement ID: 1 force:    6.987196e-03  -2.914976e-02
 field: electric_scalar_potential ID: 2 force:    0.000000e+00

 Converged at time = 2.000000e-02

 Time = 2.000000e-02
 Step 2 of 15000
 field: displacement ID: 1 force:    1.124060e-02  -8.105879e-02
 field: electric_scalar_potential ID: 2 force:    0.000000e+00

 Converged at time = 3.000000e-02

 Time = 3.000000e-02
 Step 3 of 15000
 field: displacement ID: 1 force:    1.725047e-02  -1.148829e-01
 field: electric_scalar_potential ID: 2 force:    0.000000e+00

 Converged at time = 4.000000e-02

 Time = 4.000000e-02
 Step 4 of 15000
 field: displacement ID: 1 force:    2.144601e-02  -1.596567e-01
 field: electric_scalar_potential ID: 2 force:    0.000000e+00

 Converged at time = 5.000000e-02

 Time = 5.000000e-02
 Step 5 of 15000
 field: displacement ID: 1 force:    2.343401e-02  -2.087154e-01
 field: electric_scalar_potential ID: 2 force:    0.000000e+00

 Converged at time = 6.000000e-02

 Time = 6.000000e-02
 Step 6 of 15000
 field: displacement ID: 1 force:    2.580636e-02  -2.494956e-01
 field: electric_scalar_potential ID: 2 force:    0.000000e+00

 Converged at time = 7.000000e-02

 Time = 7.000000e-02
 Step 7 of 15000
 field: displacement ID: 1 force:    2.495063e-02  -3.032380e-01
 field: electric_scalar_potential ID: 2 force:    0.000000e+00

 Converged at time = 8.000000e-02

 Time = 8.000000e-02
 Step 8 of 15000
 field: displacement ID: 1 force:    2.357791e-02  -3.458613e-01
 field: electric_scalar_potential ID: 2 force:    0.000000e+00

 Converged at time = 9.000000e-02

 Time = 9.000000e-02
 Step 9 of 15000
 field: displacement ID: 1 force:    2.137221e-02  -3.896330e-01
 field: electric_scalar_potential ID: 2 force:    0.000000e+00

 Converged at time = 1.000000e-01

 Time = 1.000000e-01
 Step 10 of 15000
 field: displacement ID: 1 force:    1.748135e-02  -4.299121e-01
 field: electric_scalar_potential ID: 2 force:    0.000000e+00

 Converged at time = 1.100000e-01

 Time = 1.100000e-01
 Step 11 of 15000
 field: displacement ID: 1 force:    1.553967e-02  -4.550603e-01
 field: electric_scalar_potential ID: 2 force:    0.000000e+00

 Converged at time = 1.200000e-01

 Time = 1.200000e-01
 Step 12 of 15000
 field: displacement ID: 1 force:    1.292270e-02  -4.923889e-01
 field: electric_scalar_potential ID: 2 force:    0.000000e+00

 Converged at time = 1.300000e-01

 Time = 1.300000e-01
 Step 13 of 15000
 field: displacement ID: 1 force:    1.318370e-02  -5.203680e-01
 field: electric_scalar_potential ID: 2 force:    0.000000e+00

 Converged at time = 1.400000e-01

 Time = 1.400000e-01
 Step 14 of 15000
 field: displacement ID: 1 force:    1.539981e-02  -5.438850e-01
 field: electric_scalar_potential ID: 2 force:    0.000000e+00

 Converged at time = 1.500000e-01

 Time = 1.500000e-01
 Step 15 of 15000
 field: displacement ID: 1 force:    1.900933e-02  -5.712618e-01
 field: electric_scalar_potential ID: 2 force:    0.000000e+00

 Converged at time = 1.600000e-01

 Time = 1.600000e-01
 Step 16 of 15000
 field: displacement ID: 1 force:    2.667972e-02  -5.952656e-01
 field: electric_scalar_potential ID: 2 force:    0.000000e+00

 Converged at time = 1.700000e-01

 Time = 1.700000e-01
 Step 17 of 15000
 field: displacement ID: 1 force:    3.416781e-02  -6.385604e-01
 field: electric_scalar_potential ID: 2 force:    0.000000e+00

 Converged at time = 1.800000e-01

 Time = 1.800000e-01
 Step 18 of 15000
 field: displacement ID: 1 force:    4.545985e-02  -6.758659e-01
 field: electric_scalar_potential ID: 2 force:    0.000000e+00

 Converged at time = 1.900000e-01

 Time = 1.900000e-01
 Step 19 of 15000
 field: displacement ID: 1 force:    5.815247e-02  -7.123424e-01
 field: electric_scalar_potential ID: 2 force:    0.000000e+00

 Converged at time = 2.000000e-01

 Time = 2.000000e-01
 Step 20 of 15000
 field: displacement ID: 1 force:    7.145251e-02  -7.651649e-01
 field: electric_scalar_potential ID: 2 force:    0.000000e+00

 Converged at time = 2.100000e-01

 Time = 2.100000e-01
 Step 21 of 15000
 field: displacement ID: 1 force:    8.664227e-02  -8.102126e-01
 field: electric_scalar_potential ID: 2 force:    0.000000e+00

 Converged at time = 2.200000e-01

 Time = 2.200000e-01
 Step 22 of 15000
 field: displacement ID: 1 force:    9.915880e-02  -8.601287e-01
 field: electric_scalar_potential ID: 2 force:    0.000000e+00

 Converged at time = 2.300000e-01

 Time = 2.300000e-01
 Step 23 of 15000
 field: displacement ID: 1 force:    1.099191e-01  -9.090521e-01
 field: electric_scalar_potential ID: 2 force:    0.000000e+00

 Converged at time = 2.400000e-01

 Time = 2.400000e-01
 Step 24 of 15000
 field: displacement ID: 1 force:    1.152079e-01  -9.516528e-01
 field: electric_scalar_potential ID: 2 force:    0.000000e+00

 Converged at time = 2.500000e-01

 Time = 2.500000e-01
 Step 25 of 15000
 field: displacement ID: 1 force:    1.142419e-01  -9.926859e-01
 field: electric_scalar_potential ID: 2 force:    0.000000e+00

 Converged at time = 2.600000e-01

 Time = 2.600000e-01
 Step 26 of 15000
 field: displacement ID: 1 force:    1.091704e-01  -1.019176e+00
 field: electric_scalar_potential ID: 2 force:    0.000000e+00

 Converged at time = 2.700000e-01

 Time = 2.700000e-01
 Step 27 of 15000
 field: displacement ID: 1 force:    9.863590e-02  -1.047856e+00
 field: electric_scalar_potential ID: 2 force:    0.000000e+00

 Converged at time = 2.800000e-01

 Time = 2.800000e-01
 Step 28 of 15000
 field: displacement ID: 1 force:    8.790100e-02  -1.062091e+00
 field: electric_scalar_potential ID: 2 force:    0.000000e+00

 Converged at time = 2.900000e-01

 Time = 2.900000e-01
 Step 29 of 15000
 field: displacement ID: 1 force:    7.821340e-02  -1.056165e+00
 field: electric_scalar_potential ID: 2 force:    0.000000e+00

 Converged at time = 3.000000e-01

 Time = 3.000000e-01
 Step 30 of 15000
 field: displacement ID: 1 force:    7.168250e-02  -1.063836e+00
 field: electric_scalar_potential ID: 2 force:    0.000000e+00

 Converged at time = 3.100000e-01

 Time = 3.100000e-01
 Step 31 of 15000
 field: displacement ID: 1 force:    7.198254e-02  -1.076054e+00
 field: electric_scalar_potential ID: 2 force:    0.000000e+00

 Converged at time = 3.200000e-01

 Time = 3.200000e-01
 Step 32 of 15000
 field: displacement ID: 1 force:    7.404335e-02  -1.103488e+00
 field: electric_scalar_potential ID: 2 force:    0.000000e+00

 Converged at time = 3.300000e-01

 Time = 3.300000e-01
 Step 33 of 15000
 field: displacement ID: 1 force:    8.358522e-02  -1.155197e+00
 field: electric_scalar_potential ID: 2 force:    0.000000e+00

 Converged at time = 3.400000e-01

 Time = 3.400000e-01
 Step 34 of 15000
 field: displacement ID: 1 force:    9.775705e-02  -1.219291e+00
 field: electric_scalar_potential ID: 2 force:    0.000000e+00

 Converged at time = 3.500000e-01

 Time = 3.500000e-01
 Step 35 of 15000
 field: displacement ID: 1 force:    1.139191e-01  -1.299058e+00
 field: electric_scalar_potential ID: 2 force:    0.000000e+00

 Converged at time = 3.600000e-01

 Time = 3.600000e-01
 Step 36 of 15000
 field: displacement ID: 1 force:    1.358351e-01  -1.379639e+00
 field: electric_scalar_potential ID: 2 force:    0.000000e+00

 Converged at time = 3.700000e-01

 Time = 3.700000e-01
 Step 37 of 15000
 field: displacement ID: 1 force:    1.538958e-01  -1.453430e+00
 field: electric_scalar_potential ID: 2 force:    0.000000e+00

 Converged at time = 3.800000e-01

 Time = 3.800000e-01
 Step 38 of 15000
 field: displacement ID: 1 force:    1.699231e-01  -1.514812e+00
 field: electric_scalar_potential ID: 2 force:    0.000000e+00

 Converged at time = 3.900000e-01

 Time = 3.900000e-01
 Step 39 of 15000
 field: displacement ID: 1 force:    1.809338e-01  -1.556136e+00
 field: electric_scalar_potential ID: 2 force:    0.000000e+00

 Converged at time = 4.000000e-01

 Time = 4.000000e-01
 Step 40 of 15000
 field: displacement ID: 1 force:    1.809203e-01  -1.583824e+00
 field: electric_scalar_potential ID: 2 force:    0.000000e+00

 Converged at time = 4.100000e-01

 Time = 4.100000e-01
 Step 41 of 15000
 field: displacement ID: 1 force:    1.804030e-01  -1.597291e+00
 field: electric_scalar_potential ID: 2 force:    0.000000e+00

 Converged at time = 4.200000e-01

 Time = 4.200000e-01
 Step 42 of 15000
 field: displacement ID: 1 force:    1.783776e-01  -1.597347e+00
 field: electric_scalar_potential ID: 2 force:    0.000000e+00

 Converged at time = 4.300000e-01

 Time = 4.300000e-01
 Step 43 of 15000
 field: displacement ID: 1 force:    1.776487e-01  -1.586062e+00
 field: electric_scalar_potential ID: 2 force:    0.000000e+00

 Converged at time = 4.400000e-01

 Time = 4.400000e-01
 Step 44 of 15000
 field: displacement ID: 1 force:    1.841496e-01  -1.586189e+00
 field: electric_scalar_potential ID: 2 force:    0.000000e+00

 Converged at time = 4.500000e-01

 Time = 4.500000e-01
 Step 45 of 15000
 field: displacement ID: 1 force:    1.928394e-01  -1.619722e+00
 field: electric_scalar_potential ID: 2 force:    0.000000e+00

 Converged at time = 4.600000e-01

 Time = 4.600000e-01
 Step 46 of 15000
 field: displacement ID: 1 force:    2.073964e-01  -1.680063e+00
 field: electric_scalar_potential ID: 2 force:    0.000000e+00

 Converged at time = 4.700000e-01

 Time = 4.700000e-01
 Step 47 of 15000
 field: displacement ID: 1 force:    2.243810e-01  -1.768934e+00
 field: electric_scalar_potential ID: 2 force:    0.000000e+00

 Converged at time = 4.800000e-01

 Time = 4.800000e-01
 Step 48 of 15000
 field: displacement ID: 1 force:    2.442367e-01  -1.870362e+00
 field: electric_scalar_potential ID: 2 force:    0.000000e+00

 Converged at time = 4.900000e-01

 Time = 4.900000e-01
 Step 49 of 15000
 field: displacement ID: 1 force:    2.664283e-01  -1.965540e+00
 field: electric_scalar_potential ID: 2 force:    0.000000e+00

 Converged at time = 5.000000e-01

 Time = 5.000000e-01
 Step 50 of 15000
 field: displacement ID: 1 force:    2.844842e-01  -2.042132e+00
 field: electric_scalar_potential ID: 2 force:    0.000000e+00

 Converged at time = 5.100000e-01

 Time = 5.100000e-01
 Step 51 of 15000
 field: displacement ID: 1 force:    2.971573e-01  -2.095083e+00
 field: electric_scalar_potential ID: 2 force:    0.000000e+00

 Converged at time = 5.200000e-01

 Time = 5.200000e-01
 Step 52 of 15000
 field: displacement ID: 1 force:    2.989694e-01  -2.135506e+00
 field: electric_scalar_potential ID: 2 force:    0.000000e+00

 Converged at time = 5.300000e-01

 Time = 5.300000e-01
 Step 53 of 15000
 field: displacement ID: 1 force:    2.919557e-01  -2.146019e+00
 field: electric_scalar_potential ID: 2 force:    0.000000e+00

 Converged at time = 5.400000e-01

 Time = 5.400000e-01
 Step 54 of 15000
 field: displacement ID: 1 force:    2.833185e-01  -2.135099e+00
 field: electric_scalar_potential ID: 2 force:    0.000000e+00

 Converged at time = 5.500000e-01

 Time = 5.500000e-01
 Step 55 of 15000
 field: displacement ID: 1 force:    2.741181e-01  -2.125159e+00
 field: electric_scalar_potential ID: 2 force:    0.000000e+00

 Converged at time = 5.600000e-01

 Time = 5.600000e-01
 Step 56 of 15000
 field: displacement ID: 1 force:    2.689088e-01  -2.113445e+00
 field: electric_scalar_potential ID: 2 force:    0.000000e+00

 Converged at time = 5.700000e-01

 Time = 5.700000e-01
 Step 57 of 15000
 field: displacement ID: 1 force:    2.655522e-01  -2.121120e+00
 field: electric_scalar_potential ID: 2 force:    0.000000e+00

 Converged at time = 5.800000e-01

 Time = 5.800000e-01
 Step 58 of 15000
 field: displacement ID: 1 force:    2.649530e-01  -2.150329e+00
 field: electric_scalar_potential ID: 2 force:    0.000000e+00

 Converged at time = 5.900000e-01

 Time = 5.900000e-01
 Step 59 of 15000
 field: displacement ID: 1 force:    2.698291e-01  -2.201783e+00
 field: electric_scalar_potential ID: 2 force:    0.000000e+00

 Converged at time = 6.000000e-01

 Time = 6.000000e-01
 Step 60 of 15000
 field: displacement ID: 1 force:    2.782043e-01  -2.262100e+00
 field: electric_scalar_potential ID: 2 force:    0.000000e+00

 Converged at time = 6.100000e-01

 Time = 6.100000e-01
 Step 61 of 15000
 field: displacement ID: 1 force:    2.927309e-01  -2.305362e+00
 field: electric_scalar_potential ID: 2 force:    0.000000e+00

 Converged at time = 6.200000e-01

 Time = 6.200000e-01
 Step 62 of 15000
 field: displacement ID: 1 force:    3.056713e-01  -2.350548e+00
 field: electric_scalar_potential ID: 2 force:    0.000000e+00

 Converged at time = 6.300000e-01

 Time = 6.300000e-01
 Step 63 of 15000
 field: displacement ID: 1 force:    3.130478e-01  -2.378738e+00
 field: electric_scalar_potential ID: 2 force:    0.000000e+00

 Converged at time = 6.400000e-01

 Time = 6.400000e-01
 Step 64 of 15000
 field: displacement ID: 1 force:    3.144153e-01  -2.394528e+00
 field: electric_scalar_potential ID: 2 force:    0.000000e+00

 Converged at time = 6.500000e-01

 Time = 6.500000e-01
 Step 65 of 15000
 field: displacement ID: 1 force:    3.099796e-01  -2.414648e+00
 field: electric_scalar_potential ID: 2 force:    0.000000e+00

 Converged at time = 6.600000e-01

 Time = 6.600000e-01
 Step 66 of 15000
 field: displacement ID: 1 force:    3.106200e-01  -2.411392e+00
 field: electric_scalar_potential ID: 2 force:    0.000000e+00

 Converged at time = 6.700000e-01

 Time = 6.700000e-01
 Step 67 of 15000
 field: displacement ID: 1 force:    3.149847e-01  -2.413350e+00
 field: electric_scalar_potential ID: 2 force:    0.000000e+00

 Converged at time = 6.800000e-01

 Time = 6.800000e-01
 Step 68 of 15000
 field: displacement ID: 1 force:    3.245124e-01  -2.425057e+00
 field: electric_scalar_potential ID: 2 force:    0.000000e+00

 Converged at time = 6.900000e-01

 Time = 6.900000e-01
 Step 69 of 15000
 field: displacement ID: 1 force:    3.424949e-01  -2.458198e+00
 field: electric_scalar_potential ID: 2 force:    0.000000e+00

 Converged at time = 7.000000e-01

 Time = 7.000000e-01
 Step 70 of 15000
 field: displacement ID: 1 force:    3.611570e-01  -2.536305e+00
 field: electric_scalar_potential ID: 2 force:    0.000000e+00

 Converged at time = 7.100000e-01

 Time = 7.100000e-01
 Step 71 of 15000
 field: displacement ID: 1 force:    3.863031e-01  -2.616214e+00
 field: electric_scalar_potential ID: 2 force:    0.000000e+00

 Converged at time = 7.200000e-01

 Time = 7.200000e-01
 Step 72 of 15000
 field: displacement ID: 1 force:    4.131975e-01  -2.702725e+00
 field: electric_scalar_potential ID: 2 force:    0.000000e+00

 Converged at time = 7.300000e-01

 Time = 7.300000e-01
 Step 73 of 15000
 field: displacement ID: 1 force:    4.350579e-01  -2.784200e+00
 field: electric_scalar_potential ID: 2 force:    0.000000e+00

 Converged at time = 7.400000e-01

 Time = 7.400000e-01
 Step 74 of 15000
 field: displacement ID: 1 force:    4.480518e-01  -2.844925e+00
 field: electric_scalar_potential ID: 2 force:    0.000000e+00

 Converged at time = 7.500000e-01

 Time = 7.500000e-01
 Step 75 of 15000
 field: displacement ID: 1 force:    4.430078e-01  -2.899274e+00
 field: electric_scalar_potential ID: 2 force:    0.000000e+00

 Converged at time = 7.600000e-01

 Time = 7.600000e-01
 Step 76 of 15000
 field: displacement ID: 1 force:    4.308670e-01  -2.918747e+00
 field: electric_scalar_potential ID: 2 force:    0.000000e+00

 Converged at time = 7.700000e-01

 Time = 7.700000e-01
 Step 77 of 15000
 field: displacement ID: 1 force:    4.229870e-01  -2.906886e+00
 field: electric_scalar_potential ID: 2 force:    0.000000e+00

 Converged at time = 7.800000e-01

 Time = 7.800000e-01
 Step 78 of 15000
 field: displacement ID: 1 force:    4.222874e-01  -2.865322e+00
 field: electric_scalar_potential ID: 2 force:    0.000000e+00

 Converged at time = 7.900000e-01

 Time = 7.900000e-01
 Step 79 of 15000
 field: displacement ID: 1 force:    4.316170e-01  -2.823350e+00
 field: electric_scalar_potential ID: 2 force:    0.000000e+00

 Converged at time = 8.000000e-01

 Time = 8.000000e-01
 Step 80 of 15000
 field: displacement ID: 1 force:    4.399847e-01  -2.836699e+00
 field: electric_scalar_potential ID: 2 force:    0.000000e+00

 Converged at time = 8.100000e-01

 Time = 8.100000e-01
 Step 81 of 15000
 field: displacement ID: 1 force:    4.488979e-01  -2.893283e+00
 field: electric_scalar_potential ID: 2 force:    0.000000e+00

 Converged at time = 8.200000e-01

 Time = 8.200000e-01
 Step 82 of 15000
 field: displacement ID: 1 force:    4.602933e-01  -3.000897e+00
 field: electric_scalar_potential ID: 2 force:    0.000000e+00

 Converged at time = 8.300000e-01

 Time = 8.300000e-01
 Step 83 of 15000
 field: displacement ID: 1 force:    4.791577e-01  -3.137133e+00
 field: electric_scalar_potential ID: 2 force:    0.000000e+00

 Converged at time = 8.400000e-01

 Time = 8.400000e-01
 Step 84 of 15000
 field: displacement ID: 1 force:    5.091336e-01  -3.261236e+00
 field: electric_scalar_potential ID: 2 force:    0.000000e+00

 Converged at time = 8.500000e-01

 Time = 8.500000e-01
 Step 85 of 15000
 field: displacement ID: 1 force:    5.377343e-01  -3.356499e+00
 field: electric_scalar_potential ID: 2 force:    0.000000e+00

 Converged at time = 8.600000e-01

 Time = 8.600000e-01
 Step 86 of 15000
 field: displacement ID: 1 force:    5.558252e-01  -3.412230e+00
 field: electric_scalar_potential ID: 2 force:    0.000000e+00

 Converged at time = 8.700000e-01

 Time = 8.700000e-01
 Step 87 of 15000
 field: displacement ID: 1 force:    5.599234e-01  -3.447273e+00
 field: electric_scalar_potential ID: 2 force:    0.000000e+00

 Converged at time = 8.800000e-01

 Time = 8.800000e-01
 Step 88 of 15000
 field: displacement ID: 1 force:    5.552083e-01  -3.430555e+00
 field: electric_scalar_potential ID: 2 force:    0.000000e+00

 Converged at time = 8.900000e-01

 Time = 8.900000e-01
 Step 89 of 15000
 field: displacement ID: 1 force:    5.540622e-01  -3.374730e+00
 field: electric_scalar_potential ID: 2 force:    0.000000e+00

 Converged at time = 9.000000e-01

 Time = 9.000000e-01
 Step 90 of 15000
 field: displacement ID: 1 force:    5.578176e-01  -3.331069e+00
 field: electric_scalar_potential ID: 2 force:    0.000000e+00

 Converged at time = 9.100000e-01

 Time = 9.100000e-01
 Step 91 of 15000
 field: displacement ID: 1 force:    5.647155e-01  -3.309968e+00
 field: electric_scalar_potential ID: 2 force:    0.000000e+00

 Converged at time = 9.200000e-01

 Time = 9.200000e-01
 Step 92 of 15000
 field: displacement ID: 1 force:    5.728124e-01  -3.362723e+00
 field: electric_scalar_potential ID: 2 force:    0.000000e+00

 Converged at time = 9.300000e-01

 Time = 9.300000e-01
 Step 93 of 15000
 field: displacement ID: 1 force:    5.875493e-01  -3.460428e+00
 field: electric_scalar_potential ID: 2 force:    0.000000e+00

 Converged at time = 9.400000e-01

 Time = 9.400000e-01
 Step 94 of 15000
 field: displacement ID: 1 force:    6.084465e-01  -3.557008e+00
 field: electric_scalar_potential ID: 2 force:    0.000000e+00

 Converged at time = 9.500000e-01

 Time = 9.500000e-01
 Step 95 of 15000
 field: displacement ID: 1 force:    6.258464e-01  -3.640682e+00
 field: electric_scalar_potential ID: 2 force:    0.000000e+00

 Converged at time = 9.600000e-01

 Time = 9.600000e-01
 Step 96 of 15000
 field: displacement ID: 1 force:    6.379848e-01  -3.662239e+00
 field: electric_scalar_potential ID: 2 force:    0.000000e+00

 Converged at time = 9.700000e-01

 Time = 9.700000e-01
 Step 97 of 15000
 field: displacement ID: 1 force:    6.417633e-01  -3.655176e+00
 field: electric_scalar_potential ID: 2 force:    0.000000e+00

 Converged at time = 9.800000e-01

 Time = 9.800000e-01
 Step 98 of 15000
 field: displacement ID: 1 force:    6.395911e-01  -3.630537e+00
 field: electric_scalar_potential ID: 2 force:    0.000000e+00

 Converged at time = 9.900000e-01

 Time = 9.900000e-01
 Step 99 of 15000
 field: displacement ID: 1 force:    6.386167e-01  -3.589429e+00
 field: electric_scalar_potential ID: 2 force:    0.000000e+00

 Converged at time = 1.000000e+00

 Time = 1.000000e+00
 Step 100 of 15000
 field: displacement ID: 1 force:    6.374062e-01  -3.580344e+00
 field: electric_scalar_potential ID: 2 force:    0.000000e+00

 Converged at time = 1.010000e+00

 Time = 1.010000e+00
 Step 101 of 15000
 field: displacement ID: 1 force:    6.352107e-01  -3.568933e+00
 field: electric_scalar_potential ID: 2 force:    0.000000e+00

 Converged at time = 1.020000e+00

 Time = 1.020000e+00
 Step 102 of 15000
 field: displacement ID: 1 force:    6.412141e-01  -3.575570e+00
 field: electric_scalar_potential ID: 2 force:    0.000000e+00

 Converged at time = 1.030000e+00

 Time = 1.030000e+00
 Step 103 of 15000
 field: displacement ID: 1 force:    6.489856e-01  -3.624320e+00
 field: electric_scalar_potential ID: 2 force:    0.000000e+00

 Converged at time = 1.040000e+00

 Time = 1.040000e+00
 Step 104 of 15000
 field: displacement ID: 1 force:    6.567132e-01  -3.672242e+00
 field: electric_scalar_potential ID: 2 force:    0.000000e+00

 Converged at time = 1.050000e+00

 Time = 1.050000e+00
 Step 105 of 15000
 field: displacement ID: 1 force:    6.597021e-01  -3.720640e+00
 field: electric_scalar_potential ID: 2 force:    0.000000e+00

 Converged at time = 1.060000e+00

 Time = 1.060000e+00
 Step 106 of 15000
 field: displacement ID: 1 force:    6.589173e-01  -3.735514e+00
 field: electric_scalar_potential ID: 2 force:    0.000000e+00

 Converged at time = 1.070000e+00

 Time = 1.070000e+00
 Step 107 of 15000
 field: displacement ID: 1 force:    6.612626e-01  -3.722569e+00
 field: electric_scalar_potential ID: 2 force:    0.000000e+00

 Converged at time = 1.080000e+00

 Time = 1.080000e+00
 Step 108 of 15000
 field: displacement ID: 1 force:    6.659463e-01  -3.709374e+00
 field: electric_scalar_potential ID: 2 force:    0.000000e+00

 Converged at time = 1.090000e+00

 Time = 1.090000e+00
 Step 109 of 15000
 field: displacement ID: 1 force:    6.712297e-01  -3.689109e+00
 field: electric_scalar_potential ID: 2 force:    0.000000e+00

 Converged at time = 1.100000e+00

 Time = 1.100000e+00
 Step 110 of 15000
 field: displacement ID: 1 force:    6.759995e-01  -3.696219e+00
 field: electric_scalar_potential ID: 2 force:    0.000000e+00

 Converged at time = 1.110000e+00

 Time = 1.110000e+00
 Step 111 of 15000
 field: displacement ID: 1 force:    6.790530e-01  -3.725820e+00
 field: electric_scalar_potential ID: 2 force:    0.000000e+00

 Converged at time = 1.120000e+00

 Time = 1.120000e+00
 Step 112 of 15000
 field: displacement ID: 1 force:    6.826701e-01  -3.756358e+00
 field: electric_scalar_potential ID: 2 force:    0.000000e+00

 Converged at time = 1.130000e+00

 Time = 1.130000e+00
 Step 113 of 15000
 field: displacement ID: 1 force:    6.883109e-01  -3.765322e+00
 field: electric_scalar_potential ID: 2 force:    0.000000e+00

 Converged at time = 1.140000e+00

 Time = 1.140000e+00
 Step 114 of 15000
 field: displacement ID: 1 force:    6.908053e-01  -3.759163e+00
 field: electric_scalar_potential ID: 2 force:    0.000000e+00

 Converged at time = 1.150000e+00

 Time = 1.150000e+00
 Step 115 of 15000
 field: displacement ID: 1 force:    6.895435e-01  -3.759866e+00
 field: electric_scalar_potential ID: 2 force:    0.000000e+00

 Converged at time = 1.160000e+00

 Time = 1.160000e+00
 Step 116 of 15000
 field: displacement ID: 1 force:    6.854316e-01  -3.738678e+00
 field: electric_scalar_potential ID: 2 force:    0.000000e+00

 Converged at time = 1.170000e+00

 Time = 1.170000e+00
 Step 117 of 15000
 field: displacement ID: 1 force:    6.793782e-01  -3.728831e+00
 field: electric_scalar_potential ID: 2 force:    0.000000e+00

 Converged at time = 1.180000e+00

 Time = 1.180000e+00
 Step 118 of 15000
 field: displacement ID: 1 force:    6.772125e-01  -3.738063e+00
 field: electric_scalar_potential ID: 2 force:    0.000000e+00

 Converged at time = 1.190000e+00

 Time = 1.190000e+00
 Step 119 of 15000
 field: displacement ID: 1 force:    6.745158e-01  -3.757390e+00
 field: electric_scalar_potential ID: 2 force:    0.000000e+00

 Converged at time = 1.200000e+00

 Time = 1.200000e+00
 Step 120 of 15000
 field: displacement ID: 1 force:    6.709747e-01  -3.812614e+00
 field: electric_scalar_potential ID: 2 force:    0.000000e+00

 Converged at time = 1.210000e+00

 Time = 1.210000e+00
 Step 121 of 15000
 field: displacement ID: 1 force:    6.727624e-01  -3.854809e+00
 field: electric_scalar_potential ID: 2 force:    0.000000e+00

 Converged at time = 1.220000e+00

 Time = 1.220000e+00
 Step 122 of 15000
 field: displacement ID: 1 force:    6.675068e-01  -3.881904e+00
 field: electric_scalar_potential ID: 2 force:    0.000000e+00

 Converged at time = 1.230000e+00

 Time = 1.230000e+00
 Step 123 of 15000
 field: displacement ID: 1 force:    6.523129e-01  -3.877373e+00
 field: electric_scalar_potential ID: 2 force:    0.000000e+00

 Converged at time = 1.240000e+00

 Time = 1.240000e+00
 Step 124 of 15000
 field: displacement ID: 1 force:    6.303013e-01  -3.818436e+00
 field: electric_scalar_potential ID: 2 force:    0.000000e+00

 Converged at time = 1.250000e+00

 Time = 1.250000e+00
 Step 125 of 15000
 field: displacement ID: 1 force:    6.057193e-01  -3.768094e+00
 field: electric_scalar_potential ID: 2 force:    0.000000e+00

 Converged at time = 1.260000e+00

 Time = 1.260000e+00
 Step 126 of 15000
 field: displacement ID: 1 force:    5.896949e-01  -3.715752e+00
 field: electric_scalar_potential ID: 2 force:    0.000000e+00

 Converged at time = 1.270000e+00

 Time = 1.270000e+00
 Step 127 of 15000
 field: displacement ID: 1 force:    5.766832e-01  -3.678548e+00
 field: electric_scalar_potential ID: 2 force:    0.000000e+00

 Converged at time = 1.280000e+00

 Time = 1.280000e+00
 Step 128 of 15000
 field: displacement ID: 1 force:    5.676988e-01  -3.683871e+00
 field: electric_scalar_potential ID: 2 force:    0.000000e+00

 Converged at time = 1.290000e+00

 Time = 1.290000e+00
 Step 129 of 15000
 field: displacement ID: 1 force:    5.681304e-01  -3.693917e+00
 field: electric_scalar_potential ID: 2 force:    0.000000e+00

 Converged at time = 1.300000e+00

 Time = 1.300000e+00
 Step 130 of 15000
 field: displacement ID: 1 force:    5.722721e-01  -3.708839e+00
 field: electric_scalar_potential ID: 2 force:    0.000000e+00

 Converged at time = 1.310000e+00

 Time = 1.310000e+00
 Step 131 of 15000
 field: displacement ID: 1 force:    5.779796e-01  -3.704585e+00
 field: electric_scalar_potential ID: 2 force:    0.000000e+00

 Converged at time = 1.320000e+00

 Time = 1.320000e+00
 Step 132 of 15000
 field: displacement ID: 1 force:    5.756810e-01  -3.687327e+00
 field: electric_scalar_potential ID: 2 force:    0.000000e+00

 Converged at time = 1.330000e+00

 Time = 1.330000e+00
 Step 133 of 15000
 field: displacement ID: 1 force:    5.685327e-01  -3.658276e+00
 field: electric_scalar_potential ID: 2 force:    0.000000e+00

 Converged at time = 1.340000e+00

 Time = 1.340000e+00
 Step 134 of 15000
 field: displacement ID: 1 force:    5.611880e-01  -3.598898e+00
 field: electric_scalar_potential ID: 2 force:    0.000000e+00

 Converged at time = 1.350000e+00

 Time = 1.350000e+00
 Step 135 of 15000
 field: displacement ID: 1 force:    5.574645e-01  -3.558241e+00
 field: electric_scalar_potential ID: 2 force:    0.000000e+00

 Converged at time = 1.360000e+00

 Time = 1.360000e+00
 Step 136 of 15000
 field: displacement ID: 1 force:    5.650474e-01  -3.534582e+00
 field: electric_scalar_potential ID: 2 force:    0.000000e+00

 Converged at time = 1.370000e+00

 Time = 1.370000e+00
 Step 137 of 15000
 field: displacement ID: 1 force:    5.743209e-01  -3.537538e+00
 field: electric_scalar_potential ID: 2 force:    0.000000e+00

 Converged at time = 1.380000e+00

 Time = 1.380000e+00
 Step 138 of 15000
 field: displacement ID: 1 force:    5.884123e-01  -3.600550e+00
 field: electric_scalar_potential ID: 2 force:    0.000000e+00

 Converged at time = 1.390000e+00

 Time = 1.390000e+00
 Step 139 of 15000
 field: displacement ID: 1 force:    6.078075e-01  -3.700061e+00
 field: electric_scalar_potential ID: 2 force:    0.000000e+00

 Converged at time = 1.400000e+00

 Time = 1.400000e+00
 Step 140 of 15000
 field: displacement ID: 1 force:    6.287097e-01  -3.801325e+00
 field: electric_scalar_potential ID: 2 force:    0.000000e+00

 Converged at time = 1.410000e+00

 Time = 1.410000e+00
 Step 141 of 15000
 field: displacement ID: 1 force:    6.500909e-01  -3.848673e+00
 field: electric_scalar_potential ID: 2 force:    0.000000e+00

 Converged at time = 1.420000e+00

 Time = 1.420000e+00
 Step 142 of 15000
 field: displacement ID: 1 force:    6.503135e-01  -3.839304e+00
 field: electric_scalar_potential ID: 2 force:    0.000000e+00

 Converged at time = 1.430000e+00

 Time = 1.430000e+00
 Step 143 of 15000
 field: displacement ID: 1 force:    6.324353e-01  -3.792101e+00
 field: electric_scalar_potential ID: 2 force:    0.000000e+00

 Converged at time = 1.440000e+00

 Time = 1.440000e+00
 Step 144 of 15000
 field: displacement ID: 1 force:    6.121405e-01  -3.705767e+00
 field: electric_scalar_potential ID: 2 force:    0.000000e+00

 Converged at time = 1.450000e+00

 Time = 1.450000e+00
 Step 145 of 15000
 field: displacement ID: 1 force:    5.969349e-01  -3.618205e+00
 field: electric_scalar_potential ID: 2 force:    0.000000e+00

 Converged at time = 1.460000e+00

 Time = 1.460000e+00
 Step 146 of 15000
 field: displacement ID: 1 force:    5.984680e-01  -3.556373e+00
 field: electric_scalar_potential ID: 2 force:    0.000000e+00

 Converged at time = 1.470000e+00

 Time = 1.470000e+00
 Step 147 of 15000
 field: displacement ID: 1 force:    6.019851e-01  -3.555895e+00
 field: electric_scalar_potential ID: 2 force:    0.000000e+00

 Converged at time = 1.480000e+00

 Time = 1.480000e+00
 Step 148 of 15000
 field: displacement ID: 1 force:    6.048749e-01  -3.624862e+00
 field: electric_scalar_potential ID: 2 force:    0.000000e+00

 Converged at time = 1.490000e+00

 Time = 1.490000e+00
 Step 149 of 15000
 field: displacement ID: 1 force:    6.159573e-01  -3.732139e+00
 field: electric_scalar_potential ID: 2 force:    0.000000e+00

 Converged at time = 1.500000e+00

 Time = 1.500000e+00
 Step 150 of 15000
 field: displacement ID: 1 force:    6.300402e-01  -3.847534e+00
 field: electric_scalar_potential ID: 2 force:    0.000000e+00

 Converged at time = 1.510000e+00

 Time = 1.510000e+00
 Step 151 of 15000
 field: displacement ID: 1 force:    6.485881e-01  -3.903886e+00
 field: electric_scalar_potential ID: 2 force:    0.000000e+00

 Converged at time = 1.520000e+00

 Time = 1.520000e+00
 Step 152 of 15000
 field: displacement ID: 1 force:    6.587868e-01  -3.894503e+00
 field: electric_scalar_potential ID: 2 force:    0.000000e+00

 Converged at time = 1.530000e+00

 Time = 1.530000e+00
 Step 153 of 15000
 field: displacement ID: 1 force:    6.625140e-01  -3.852938e+00
 field: electric_scalar_potential ID: 2 force:    0.000000e+00

 Converged at time = 1.540000e+00

 Time = 1.540000e+00
 Step 154 of 15000
 field: displacement ID: 1 force:    6.666786e-01  -3.789147e+00
 field: electric_scalar_potential ID: 2 force:    0.000000e+00

 Converged at time = 1.550000e+00

 Time = 1.550000e+00
 Step 155 of 15000
 field: displacement ID: 1 force:    6.633487e-01  -3.727873e+00
 field: electric_scalar_potential ID: 2 force:    0.000000e+00

 Converged at time = 1.560000e+00

 Time = 1.560000e+00
 Step 156 of 15000
 field: displacement ID: 1 force:    6.600329e-01  -3.695295e+00
 field: electric_scalar_potential ID: 2 force:    0.000000e+00

 Converged at time = 1.570000e+00

 Time = 1.570000e+00
 Step 157 of 15000
 field: displacement ID: 1 force:    6.544342e-01  -3.714583e+00
 field: electric_scalar_potential ID: 2 force:    0.000000e+00

 Converged at time = 1.580000e+00

 Time = 1.580000e+00
 Step 158 of 15000
 field: displacement ID: 1 force:    6.485763e-01  -3.761343e+00
 field: electric_scalar_potential ID: 2 force:    0.000000e+00

 Converged at time = 1.590000e+00

 Time = 1.590000e+00
 Step 159 of 15000
 field: displacement ID: 1 force:    6.513561e-01  -3.805188e+00
 field: electric_scalar_potential ID: 2 force:    0.000000e+00

 Converged at time = 1.600000e+00

 Time = 1.600000e+00
 Step 160 of 15000
 field: displacement ID: 1 force:    6.547029e-01  -3.826867e+00
 field: electric_scalar_potential ID: 2 force:    0.000000e+00

 Converged at time = 1.610000e+00

 Time = 1.610000e+00
 Step 161 of 15000
 field: displacement ID: 1 force:    6.558512e-01  -3.788723e+00
 field: electric_scalar_potential ID: 2 force:    0.000000e+00

 Converged at time = 1.620000e+00

 Time = 1.620000e+00
 Step 162 of 15000
 field: displacement ID: 1 force:    6.463536e-01  -3.716676e+00
 field: electric_scalar_potential ID: 2 force:    0.000000e+00

 Converged at time = 1.630000e+00

 Time = 1.630000e+00
 Step 163 of 15000
 field: displacement ID: 1 force:    6.332283e-01  -3.637486e+00
 field: electric_scalar_potential ID: 2 force:    0.000000e+00

 Converged at time = 1.640000e+00

 Time = 1.640000e+00
 Step 164 of 15000
 field: displacement ID: 1 force:    6.288184e-01  -3.565800e+00
 field: electric_scalar_potential ID: 2 force:    0.000000e+00

 Converged at time = 1.650000e+00

 Time = 1.650000e+00
 Step 165 of 15000
 field: displacement ID: 1 force:    6.271101e-01  -3.529573e+00
 field: electric_scalar_potential ID: 2 force:    0.000000e+00

 Converged at time = 1.660000e+00

 Time = 1.660000e+00
 Step 166 of 15000
 field: displacement ID: 1 force:    6.351289e-01  -3.536087e+00
 field: electric_scalar_potential ID: 2 force:    0.000000e+00

 Converged at time = 1.670000e+00

 Time = 1.670000e+00
 Step 167 of 15000
 field: displacement ID: 1 force:    6.470224e-01  -3.621954e+00
 field: electric_scalar_potential ID: 2 force:    0.000000e+00

 Converged at time = 1.680000e+00

 Time = 1.680000e+00
 Step 168 of 15000
 field: displacement ID: 1 force:    6.617180e-01  -3.747711e+00
 field: electric_scalar_potential ID: 2 force:    0.000000e+00

 Converged at time = 1.690000e+00

 Time = 1.690000e+00
 Step 169 of 15000
 field: displacement ID: 1 force:    6.784848e-01  -3.834946e+00
 field: electric_scalar_potential ID: 2 force:    0.000000e+00

 Converged at time = 1.700000e+00

 Time = 1.700000e+00
 Step 170 of 15000
 field: displacement ID: 1 force:    6.820740e-01  -3.869279e+00
 field: electric_scalar_potential ID: 2 force:    0.000000e+00

 Converged at time = 1.710000e+00

 Time = 1.710000e+00
 Step 171 of 15000
 field: displacement ID: 1 force:    6.747084e-01  -3.831580e+00
 field: electric_scalar_potential ID: 2 force:    0.000000e+00

 Converged at time = 1.720000e+00

 Time = 1.720000e+00
 Step 172 of 15000
 field: displacement ID: 1 force:    6.615005e-01  -3.750936e+00
 field: electric_scalar_potential ID: 2 force:    0.000000e+00

 Converged at time = 1.730000e+00

 Time = 1.730000e+00
 Step 173 of 15000
 field: displacement ID: 1 force:    6.554581e-01  -3.667784e+00
 field: electric_scalar_potential ID: 2 force:    0.000000e+00

 Converged at time = 1.740000e+00

 Time = 1.740000e+00
 Step 174 of 15000
 field: displacement ID: 1 force:    6.640168e-01  -3.598037e+00
 field: electric_scalar_potential ID: 2 force:    0.000000e+00

 Converged at time = 1.750000e+00

 Time = 1.750000e+00
 Step 175 of 15000
 field: displacement ID: 1 force:    6.727126e-01  -3.579426e+00
 field: electric_scalar_potential ID: 2 force:    0.000000e+00

 Converged at time = 1.760000e+00

 Time = 1.760000e+00
 Step 176 of 15000
 field: displacement ID: 1 force:    6.839343e-01  -3.618820e+00
 field: electric_scalar_potential ID: 2 force:    0.000000e+00

 Converged at time = 1.770000e+00

 Time = 1.770000e+00
 Step 177 of 15000
 field: displacement ID: 1 force:    7.001582e-01  -3.717206e+00
 field: electric_scalar_potential ID: 2 force:    0.000000e+00

 Converged at time = 1.780000e+00

 Time = 1.780000e+00
 Step 178 of 15000
 field: displacement ID: 1 force:    7.222748e-01  -3.841112e+00
 field: electric_scalar_potential ID: 2 force:    0.000000e+00

 Converged at time = 1.790000e+00

 Time = 1.790000e+00
 Step 179 of 15000
 field: displacement ID: 1 force:    7.392944e-01  -3.921781e+00
 field: electric_scalar_potential ID: 2 force:    0.000000e+00

 Converged at time = 1.800000e+00

 Time = 1.800000e+00
 Step 180 of 15000
 field: displacement ID: 1 force:    7.350812e-01  -3.933730e+00
 field: electric_scalar_potential ID: 2 force:    0.000000e+00

 Converged at time = 1.810000e+00

 Time = 1.810000e+00
 Step 181 of 15000
 field: displacement ID: 1 force:    7.178003e-01  -3.889141e+00
 field: electric_scalar_potential ID: 2 force:    0.000000e+00

 Converged at time = 1.820000e+00

 Time = 1.820000e+00
 Step 182 of 15000
 field: displacement ID: 1 force:    6.953465e-01  -3.809300e+00
 field: electric_scalar_potential ID: 2 force:    0.000000e+00

 Converged at time = 1.830000e+00

 Time = 1.830000e+00
 Step 183 of 15000
 field: displacement ID: 1 force:    6.783442e-01  -3.701620e+00
 field: electric_scalar_potential ID: 2 force:    0.000000e+00

 Converged at time = 1.840000e+00

 Time = 1.840000e+00
 Step 184 of 15000
 field: displacement ID: 1 force:    6.699492e-01  -3.613132e+00
 field: electric_scalar_potential ID: 2 force:    0.000000e+00

 Converged at time = 1.850000e+00

 Time = 1.850000e+00
 Step 185 of 15000
 field: displacement ID: 1 force:    6.571169e-01  -3.596689e+00
 field: electric_scalar_potential ID: 2 force:    0.000000e+00

 Converged at time = 1.860000e+00

 Time = 1.860000e+00
 Step 186 of 15000
 field: displacement ID: 1 force:    6.473766e-01  -3.650573e+00
 field: electric_scalar_potential ID: 2 force:    0.000000e+00

 Converged at time = 1.870000e+00

 Time = 1.870000e+00
 Step 187 of 15000
 field: displacement ID: 1 force:    6.433508e-01  -3.768892e+00
 field: electric_scalar_potential ID: 2 force:    0.000000e+00

 Converged at time = 1.880000e+00

 Time = 1.880000e+00
 Step 188 of 15000
 field: displacement ID: 1 force:    6.489021e-01  -3.877190e+00
 field: electric_scalar_potential ID: 2 force:    0.000000e+00

 Converged at time = 1.890000e+00

 Time = 1.890000e+00
 Step 189 of 15000
 field: displacement ID: 1 force:    6.537116e-01  -3.908447e+00
 field: electric_scalar_potential ID: 2 force:    0.000000e+00

 Converged at time = 1.900000e+00

 Time = 1.900000e+00
 Step 190 of 15000
 field: displacement ID: 1 force:    6.378881e-01  -3.880760e+00
 field: electric_scalar_potential ID: 2 force:    0.000000e+00

 Converged at time = 1.910000e+00

 Time = 1.910000e+00
 Step 191 of 15000
 field: displacement ID: 1 force:    6.119726e-01  -3.823470e+00
 field: electric_scalar_potential ID: 2 force:    0.000000e+00

 Converged at time = 1.920000e+00

 Time = 1.920000e+00
 Step 192 of 15000
 field: displacement ID: 1 force:    5.854866e-01  -3.762975e+00
 field: electric_scalar_potential ID: 2 force:    0.000000e+00

 Converged at time = 1.930000e+00

 Time = 1.930000e+00
 Step 193 of 15000
 field: displacement ID: 1 force:    5.663677e-01  -3.680574e+00
 field: electric_scalar_potential ID: 2 force:    0.000000e+00

 Converged at time = 1.940000e+00

 Time = 1.940000e+00
 Step 194 of 15000
 field: displacement ID: 1 force:    5.571591e-01  -3.585625e+00
 field: electric_scalar_potential ID: 2 force:    0.000000e+00

 Converged at time = 1.950000e+00

 Time = 1.950000e+00
 Step 195 of 15000
 field: displacement ID: 1 force:    5.449076e-01  -3.536583e+00
 field: electric_scalar_potential ID: 2 force:    0.000000e+00

 Converged at time = 1.960000e+00

 Time = 1.960000e+00
 Step 196 of 15000
 field: displacement ID: 1 force:    5.408878e-01  -3.547508e+00
 field: electric_scalar_potential ID: 2 force:    0.000000e+00

 Converged at time = 1.970000e+00

 Time = 1.970000e+00
 Step 197 of 15000
 field: displacement ID: 1 force:    5.436462e-01  -3.610253e+00
 field: electric_scalar_potential ID: 2 force:    0.000000e+00

 Converged at time = 1.980000e+00

 Time = 1.980000e+00
 Step 198 of 15000
 field: displacement ID: 1 force:    5.496163e-01  -3.669363e+00
 field: electric_scalar_potential ID: 2 force:    0.000000e+00

 Converged at time = 1.990000e+00

 Time = 1.990000e+00
 Step 199 of 15000
 field: displacement ID: 1 force:    5.595115e-01  -3.687730e+00
 field: electric_scalar_potential ID: 2 force:    0.000000e+00

 Converged at time = 2.000000e+00

 Time = 2.000000e+00
 Step 200 of 15000
 field: displacement ID: 1 force:    5.614210e-01  -3.675467e+00
 field: electric_scalar_potential ID: 2 force:    0.000000e+00

 Converged at time = 2.010000e+00

 Time = 2.010000e+00
 Step 201 of 15000
 field: displacement ID: 1 force:    5.629440e-01  -3.659651e+00
 field: electric_scalar_potential ID: 2 force:    0.000000e+00

 Converged at time = 2.020000e+00

 Time = 2.020000e+00
 Step 202 of 15000
 field: displacement ID: 1 force:    5.643267e-01  -3.674841e+00
 field: electric_scalar_potential ID: 2 force:    0.000000e+00

 Converged at time = 2.030000e+00

 Time = 2.030000e+00
 Step 203 of 15000
 field: displacement ID: 1 force:    5.648538e-01  -3.675474e+00
 field: electric_scalar_potential ID: 2 force:    0.000000e+00

 Converged at time = 2.040000e+00

 Time = 2.040000e+00
 Step 204 of 15000
 field: displacement ID: 1 force:    5.738286e-01  -3.649921e+00
 field: electric_scalar_potential ID: 2 force:    0.000000e+00

 Converged at time = 2.050000e+00

 Time = 2.050000e+00
 Step 205 of 15000
 field: displacement ID: 1 force:    5.826508e-01  -3.651610e+00
 field: electric_scalar_potential ID: 2 force:    0.000000e+00

 Converged at time = 2.060000e+00

 Time = 2.060000e+00
 Step 206 of 15000
 field: displacement ID: 1 force:    5.941636e-01  -3.698875e+00
 field: electric_scalar_potential ID: 2 force:    0.000000e+00

 Converged at time = 2.070000e+00

 Time = 2.070000e+00
 Step 207 of 15000
 field: displacement ID: 1 force:    6.077532e-01  -3.781739e+00
 field: electric_scalar_potential ID: 2 force:    0.000000e+00

 Converged at time = 2.080000e+00

 Time = 2.080000e+00
 Step 208 of 15000
 field: displacement ID: 1 force:    6.181769e-01  -3.827153e+00
 field: electric_scalar_potential ID: 2 force:    0.000000e+00

 Converged at time = 2.090000e+00

 Time = 2.090000e+00
 Step 209 of 15000
 field: displacement ID: 1 force:    6.264581e-01  -3.820642e+00
 field: electric_scalar_potential ID: 2 force:    0.000000e+00

 Converged at time = 2.100000e+00

 Time = 2.100000e+00
 Step 210 of 15000
 field: displacement ID: 1 force:    6.272295e-01  -3.797262e+00
 field: electric_scalar_potential ID: 2 force:    0.000000e+00

 Converged at time = 2.110000e+00

 Time = 2.110000e+00
 Step 211 of 15000
 field: displacement ID: 1 force:    6.243238e-01  -3.755807e+00
 field: electric_scalar_potential ID: 2 force:    0.000000e+00

 Converged at time = 2.120000e+00

 Time = 2.120000e+00
 Step 212 of 15000
 field: displacement ID: 1 force:    6.247623e-01  -3.726624e+00
 field: electric_scalar_potential ID: 2 force:    0.000000e+00

 Converged at time = 2.130000e+00

 Time = 2.130000e+00
 Step 213 of 15000
 field: displacement ID: 1 force:    6.285232e-01  -3.694209e+00
 field: electric_scalar_potential ID: 2 force:    0.000000e+00

 Converged at time = 2.140000e+00

 Time = 2.140000e+00
 Step 214 of 15000
 field: displacement ID: 1 force:    6.347775e-01  -3.662715e+00
 field: electric_scalar_potential ID: 2 force:    0.000000e+00

 Converged at time = 2.150000e+00

 Time = 2.150000e+00
 Step 215 of 15000
 field: displacement ID: 1 force:    6.419080e-01  -3.679163e+00
 field: electric_scalar_potential ID: 2 force:    0.000000e+00

 Converged at time = 2.160000e+00

 Time = 2.160000e+00
 Step 216 of 15000
 field: displacement ID: 1 force:    6.542884e-01  -3.732089e+00
 field: electric_scalar_potential ID: 2 force:    0.000000e+00

 Converged at time = 2.170000e+00

 Time = 2.170000e+00
 Step 217 of 15000
 field: displacement ID: 1 force:    6.679229e-01  -3.794290e+00
 field: electric_scalar_potential ID: 2 force:    0.000000e+00

 Converged at time = 2.180000e+00

 Time = 2.180000e+00
 Step 218 of 15000
 field: displacement ID: 1 force:    6.777074e-01  -3.810935e+00
 field: electric_scalar_potential ID: 2 force:    0.000000e+00

 Converged at time = 2.190000e+00

 Time = 2.190000e+00
 Step 219 of 15000
 field: displacement ID: 1 force:    6.822691e-01  -3.805772e+00
 field: electric_scalar_potential ID: 2 force:    0.000000e+00

 Converged at time = 2.200000e+00

 Time = 2.200000e+00
 Step 220 of 15000
 field: displacement ID: 1 force:    6.843309e-01  -3.823076e+00
 field: electric_scalar_potential ID: 2 force:    0.000000e+00

 Converged at time = 2.210000e+00

 Time = 2.210000e+00
 Step 221 of 15000
 field: displacement ID: 1 force:    6.886130e-01  -3.828044e+00
 field: electric_scalar_potential ID: 2 force:    0.000000e+00

 Converged at time = 2.220000e+00

 Time = 2.220000e+00
 Step 222 of 15000
 field: displacement ID: 1 force:    6.855090e-01  -3.827552e+00
 field: electric_scalar_potential ID: 2 force:    0.000000e+00

 Converged at time = 2.230000e+00

 Time = 2.230000e+00
 Step 223 of 15000
 field: displacement ID: 1 force:    6.758722e-01  -3.795659e+00
 field: electric_scalar_potential ID: 2 force:    0.000000e+00

 Converged at time = 2.240000e+00

 Time = 2.240000e+00
 Step 224 of 15000
 field: displacement ID: 1 force:    6.661776e-01  -3.741610e+00
 field: electric_scalar_potential ID: 2 force:    0.000000e+00

 Converged at time = 2.250000e+00

 Time = 2.250000e+00
 Step 225 of 15000
 field: displacement ID: 1 force:    6.538147e-01  -3.715058e+00
 field: electric_scalar_potential ID: 2 force:    0.000000e+00

 Converged at time = 2.260000e+00

 Time = 2.260000e+00
 Step 226 of 15000
 field: displacement ID: 1 force:    6.455478e-01  -3.679777e+00
 field: electric_scalar_potential ID: 2 force:    0.000000e+00

 Converged at time = 2.270000e+00

 Time = 2.270000e+00
 Step 227 of 15000
 field: displacement ID: 1 force:    6.404228e-01  -3.632070e+00
 field: electric_scalar_potential ID: 2 force:    0.000000e+00

 Converged at time = 2.280000e+00

 Time = 2.280000e+00
 Step 228 of 15000
 field: displacement ID: 1 force:    6.347140e-01  -3.560826e+00
 field: electric_scalar_potential ID: 2 force:    0.000000e+00

 Converged at time = 2.290000e+00

 Time = 2.290000e+00
 Step 229 of 15000
 field: displacement ID: 1 force:    6.312255e-01  -3.502520e+00
 field: electric_scalar_potential ID: 2 force:    0.000000e+00

 Converged at time = 2.300000e+00

 Time = 2.300000e+00
 Step 230 of 15000
 field: displacement ID: 1 force:    6.270408e-01  -3.536014e+00
 field: electric_scalar_potential ID: 2 force:    0.000000e+00

 Converged at time = 2.310000e+00

 Time = 2.310000e+00
 Step 231 of 15000
 field: displacement ID: 1 force:    6.308100e-01  -3.612633e+00
 field: electric_scalar_potential ID: 2 force:    0.000000e+00

 Converged at time = 2.320000e+00

 Time = 2.320000e+00
 Step 232 of 15000
 field: displacement ID: 1 force:    6.426762e-01  -3.686990e+00
 field: electric_scalar_potential ID: 2 force:    0.000000e+00

 Converged at time = 2.330000e+00

 Time = 2.330000e+00
 Step 233 of 15000
 field: displacement ID: 1 force:    6.576916e-01  -3.737288e+00
 field: electric_scalar_potential ID: 2 force:    0.000000e+00

 Converged at time = 2.340000e+00

 Time = 2.340000e+00
 Step 234 of 15000
 field: displacement ID: 1 force:    6.770231e-01  -3.775669e+00
 field: electric_scalar_potential ID: 2 force:    0.000000e+00

 Converged at time = 2.350000e+00

 Time = 2.350000e+00
 Step 235 of 15000
 field: displacement ID: 1 force:    6.888772e-01  -3.826885e+00
 field: electric_scalar_potential ID: 2 force:    0.000000e+00

 Converged at time = 2.360000e+00

 Time = 2.360000e+00
 Step 236 of 15000
 field: displacement ID: 1 force:    6.857566e-01  -3.837398e+00
 field: electric_scalar_potential ID: 2 force:    0.000000e+00

 Converged at time = 2.370000e+00

 Time = 2.370000e+00
 Step 237 of 15000
 field: displacement ID: 1 force:    6.745760e-01  -3.795298e+00
 field: electric_scalar_potential ID: 2 force:    0.000000e+00

 Converged at time = 2.380000e+00

 Time = 2.380000e+00
 Step 238 of 15000
 field: displacement ID: 1 force:    6.601666e-01  -3.703883e+00
 field: electric_scalar_potential ID: 2 force:    0.000000e+00

 Converged at time = 2.390000e+00

 Time = 2.390000e+00
 Step 239 of 15000
 field: displacement ID: 1 force:    6.514140e-01  -3.605823e+00
 field: electric_scalar_potential ID: 2 force:    0.000000e+00

 Converged at time = 2.400000e+00

 Time = 2.400000e+00
 Step 240 of 15000
 field: displacement ID: 1 force:    6.530675e-01  -3.590528e+00
 field: electric_scalar_potential ID: 2 force:    0.000000e+00

 Converged at time = 2.410000e+00

 Time = 2.410000e+00
 Step 241 of 15000
 field: displacement ID: 1 force:    6.593405e-01  -3.644668e+00
 field: electric_scalar_potential ID: 2 force:    0.000000e+00

 Converged at time = 2.420000e+00

 Time = 2.420000e+00
 Step 242 of 15000
 field: displacement ID: 1 force:    6.659635e-01  -3.727993e+00
 field: electric_scalar_potential ID: 2 force:    0.000000e+00

 Converged at time = 2.430000e+00

 Time = 2.430000e+00
 Step 243 of 15000
 field: displacement ID: 1 force:    6.759296e-01  -3.808108e+00
 field: electric_scalar_potential ID: 2 force:    0.000000e+00

 Converged at time = 2.440000e+00

 Time = 2.440000e+00
 Step 244 of 15000
 field: displacement ID: 1 force:    6.903439e-01  -3.872143e+00
 field: electric_scalar_potential ID: 2 force:    0.000000e+00

 Converged at time = 2.450000e+00

 Time = 2.450000e+00
 Step 245 of 15000
 field: displacement ID: 1 force:    7.007276e-01  -3.913282e+00
 field: electric_scalar_potential ID: 2 force:    0.000000e+00

 Converged at time = 2.460000e+00

 Time = 2.460000e+00
 Step 246 of 15000
 field: displacement ID: 1 force:    6.933402e-01  -3.894754e+00
 field: electric_scalar_potential ID: 2 force:    0.000000e+00

 Converged at time = 2.470000e+00

 Time = 2.470000e+00
 Step 247 of 15000
 field: displacement ID: 1 force:    6.729615e-01  -3.826217e+00
 field: electric_scalar_potential ID: 2 force:    0.000000e+00

 Converged at time = 2.480000e+00

 Time = 2.480000e+00
 Step 248 of 15000
 field: displacement ID: 1 force:    6.580782e-01  -3.727975e+00
 field: electric_scalar_potential ID: 2 force:    0.000000e+00

 Converged at time = 2.490000e+00

 Time = 2.490000e+00
 Step 249 of 15000
 field: displacement ID: 1 force:    6.498551e-01  -3.659096e+00
 field: electric_scalar_potential ID: 2 force:    0.000000e+00

 Converged at time = 2.500000e+00

 Time = 2.500000e+00
 Step 250 of 15000
 field: displacement ID: 1 force:    6.410411e-01  -3.659140e+00
 field: electric_scalar_potential ID: 2 force:    0.000000e+00

 Converged at time = 2.510000e+00

 Time = 2.510000e+00
 Step 251 of 15000
 field: displacement ID: 1 force:    6.326688e-01  -3.685142e+00
 field: electric_scalar_potential ID: 2 force:    0.000000e+00

 Converged at time = 2.520000e+00

 Time = 2.520000e+00
 Step 252 of 15000
 field: displacement ID: 1 force:    6.225945e-01  -3.732001e+00
 field: electric_scalar_potential ID: 2 force:    0.000000e+00

 Converged at time = 2.530000e+00

 Time = 2.530000e+00
 Step 253 of 15000
 field: displacement ID: 1 force:    6.196379e-01  -3.769834e+00
 field: electric_scalar_potential ID: 2 force:    0.000000e+00

 Converged at time = 2.540000e+00

 Time = 2.540000e+00
 Step 254 of 15000
 field: displacement ID: 1 force:    6.242867e-01  -3.807898e+00
 field: electric_scalar_potential ID: 2 force:    0.000000e+00

 Converged at time = 2.550000e+00

 Time = 2.550000e+00
 Step 255 of 15000
 field: displacement ID: 1 force:    6.266168e-01  -3.849173e+00
 field: electric_scalar_potential ID: 2 force:    0.000000e+00

 Converged at time = 2.560000e+00

 Time = 2.560000e+00
 Step 256 of 15000
 field: displacement ID: 1 force:    6.241225e-01  -3.806563e+00
 field: electric_scalar_potential ID: 2 force:    0.000000e+00

 Converged at time = 2.570000e+00

 Time = 2.570000e+00
 Step 257 of 15000
 field: displacement ID: 1 force:    6.129184e-01  -3.711398e+00
 field: electric_scalar_potential ID: 2 force:    0.000000e+00

 Converged at time = 2.580000e+00

 Time = 2.580000e+00
 Step 258 of 15000
 field: displacement ID: 1 force:    6.015075e-01  -3.613895e+00
 field: electric_scalar_potential ID: 2 force:    0.000000e+00

 Converged at time = 2.590000e+00

 Time = 2.590000e+00
 Step 259 of 15000
 field: displacement ID: 1 force:    5.965066e-01  -3.553922e+00
 field: electric_scalar_potential ID: 2 force:    0.000000e+00

 Converged at time = 2.600000e+00

 Time = 2.600000e+00
 Step 260 of 15000
 field: displacement ID: 1 force:    5.929405e-01  -3.566544e+00
 field: electric_scalar_potential ID: 2 force:    0.000000e+00

 Converged at time = 2.610000e+00

 Time = 2.610000e+00
 Step 261 of 15000
 field: displacement ID: 1 force:    5.934976e-01  -3.586150e+00
 field: electric_scalar_potential ID: 2 force:    0.000000e+00

 Converged at time = 2.620000e+00

 Time = 2.620000e+00
 Step 262 of 15000
 field: displacement ID: 1 force:    5.968346e-01  -3.625609e+00
 field: electric_scalar_potential ID: 2 force:    0.000000e+00

 Converged at time = 2.630000e+00

 Time = 2.630000e+00
 Step 263 of 15000
 field: displacement ID: 1 force:    6.025106e-01  -3.671879e+00
 field: electric_scalar_potential ID: 2 force:    0.000000e+00

 Converged at time = 2.640000e+00

 Time = 2.640000e+00
 Step 264 of 15000
 field: displacement ID: 1 force:    6.075263e-01  -3.687710e+00
 field: electric_scalar_potential ID: 2 force:    0.000000e+00

 Converged at time = 2.650000e+00

 Time = 2.650000e+00
 Step 265 of 15000
 field: displacement ID: 1 force:    6.086787e-01  -3.705832e+00
 field: electric_scalar_potential ID: 2 force:    0.000000e+00

 Converged at time = 2.660000e+00

 Time = 2.660000e+00
 Step 266 of 15000
 field: displacement ID: 1 force:    6.023421e-01  -3.679406e+00
 field: electric_scalar_potential ID: 2 force:    0.000000e+00

 Converged at time = 2.670000e+00

 Time = 2.670000e+00
 Step 267 of 15000
 field: displacement ID: 1 force:    5.913634e-01  -3.617458e+00
 field: electric_scalar_potential ID: 2 force:    0.000000e+00

 Converged at time = 2.680000e+00

 Time = 2.680000e+00
 Step 268 of 15000
 field: displacement ID: 1 force:    5.922961e-01  -3.581084e+00
 field: electric_scalar_potential ID: 2 force:    0.000000e+00

 Converged at time = 2.690000e+00

 Time = 2.690000e+00
 Step 269 of 15000
 field: displacement ID: 1 force:    6.018141e-01  -3.584119e+00
 field: electric_scalar_potential ID: 2 force:    0.000000e+00

 Converged at time = 2.700000e+00

 Time = 2.700000e+00
 Step 270 of 15000
 field: displacement ID: 1 force:    6.130231e-01  -3.635963e+00
 field: electric_scalar_potential ID: 2 force:    0.000000e+00

 Converged at time = 2.710000e+00

 Time = 2.710000e+00
 Step 271 of 15000
 field: displacement ID: 1 force:    6.259717e-01  -3.711390e+00
 field: electric_scalar_potential ID: 2 force:    0.000000e+00

 Converged at time = 2.720000e+00

 Time = 2.720000e+00
 Step 272 of 15000
 field: displacement ID: 1 force:    6.364285e-01  -3.804753e+00
 field: electric_scalar_potential ID: 2 force:    0.000000e+00

 Converged at time = 2.730000e+00

 Time = 2.730000e+00
 Step 273 of 15000
 field: displacement ID: 1 force:    6.474712e-01  -3.898704e+00
 field: electric_scalar_potential ID: 2 force:    0.000000e+00

 Converged at time = 2.740000e+00

 Time = 2.740000e+00
 Step 274 of 15000
 field: displacement ID: 1 force:    6.481507e-01  -3.952514e+00
 field: electric_scalar_potential ID: 2 force:    0.000000e+00

 Converged at time = 2.750000e+00

 Time = 2.750000e+00
 Step 275 of 15000
 field: displacement ID: 1 force:    6.380889e-01  -3.941041e+00
 field: electric_scalar_potential ID: 2 force:    0.000000e+00

 Converged at time = 2.760000e+00

 Time = 2.760000e+00
 Step 276 of 15000
 field: displacement ID: 1 force:    6.283912e-01  -3.849234e+00
 field: electric_scalar_potential ID: 2 force:    0.000000e+00

 Converged at time = 2.770000e+00

 Time = 2.770000e+00
 Step 277 of 15000
 field: displacement ID: 1 force:    6.174690e-01  -3.719643e+00
 field: electric_scalar_potential ID: 2 force:    0.000000e+00

 Converged at time = 2.780000e+00

 Time = 2.780000e+00
 Step 278 of 15000
 field: displacement ID: 1 force:    6.145947e-01  -3.603459e+00
 field: electric_scalar_potential ID: 2 force:    0.000000e+00

 Converged at time = 2.790000e+00

 Time = 2.790000e+00
 Step 279 of 15000
 field: displacement ID: 1 force:    6.172638e-01  -3.547561e+00
 field: electric_scalar_potential ID: 2 force:    0.000000e+00

 Converged at time = 2.800000e+00

 Time = 2.800000e+00
 Step 280 of 15000
 field: displacement ID: 1 force:    6.178269e-01  -3.572517e+00
 field: electric_scalar_potential ID: 2 force:    0.000000e+00

 Converged at time = 2.810000e+00

 Time = 2.810000e+00
 Step 281 of 15000
 field: displacement ID: 1 force:    6.254674e-01  -3.651774e+00
 field: electric_scalar_potential ID: 2 force:    0.000000e+00

 Converged at time = 2.820000e+00

 Time = 2.820000e+00
 Step 282 of 15000
 field: displacement ID: 1 force:    6.374351e-01  -3.781096e+00
 field: electric_scalar_potential ID: 2 force:    0.000000e+00

 Converged at time = 2.830000e+00

 Time = 2.830000e+00
 Step 283 of 15000
 field: displacement ID: 1 force:    6.565703e-01  -3.912503e+00
 field: electric_scalar_potential ID: 2 force:    0.000000e+00

 Converged at time = 2.840000e+00

 Time = 2.840000e+00
 Step 284 of 15000
 field: displacement ID: 1 force:    6.692883e-01  -3.989873e+00
 field: electric_scalar_potential ID: 2 force:    0.000000e+00

 Converged at time = 2.850000e+00

 Time = 2.850000e+00
 Step 285 of 15000
 field: displacement ID: 1 force:    6.635520e-01  -3.992141e+00
 field: electric_scalar_potential ID: 2 force:    0.000000e+00

 Converged at time = 2.860000e+00

 Time = 2.860000e+00
 Step 286 of 15000
 field: displacement ID: 1 force:    6.511365e-01  -3.916812e+00
 field: electric_scalar_potential ID: 2 force:    0.000000e+00

 Converged at time = 2.870000e+00

 Time = 2.870000e+00
 Step 287 of 15000
 field: displacement ID: 1 force:    6.381607e-01  -3.807934e+00
 field: electric_scalar_potential ID: 2 force:    0.000000e+00

 Converged at time = 2.880000e+00

 Time = 2.880000e+00
 Step 288 of 15000
 field: displacement ID: 1 force:    6.320265e-01  -3.687897e+00
 field: electric_scalar_potential ID: 2 force:    0.000000e+00

 Converged at time = 2.890000e+00

 Time = 2.890000e+00
 Step 289 of 15000
 field: displacement ID: 1 force:    6.257247e-01  -3.599948e+00
 field: electric_scalar_potential ID: 2 force:    0.000000e+00

 Converged at time = 2.900000e+00

 Time = 2.900000e+00
 Step 290 of 15000
 field: displacement ID: 1 force:    6.113502e-01  -3.587440e+00
 field: electric_scalar_potential ID: 2 force:    0.000000e+00

 Converged at time = 2.910000e+00

 Time = 2.910000e+00
 Step 291 of 15000
 field: displacement ID: 1 force:    6.077275e-01  -3.617859e+00
 field: electric_scalar_potential ID: 2 force:    0.000000e+00

 Converged at time = 2.920000e+00

 Time = 2.920000e+00
 Step 292 of 15000
 field: displacement ID: 1 force:    6.178500e-01  -3.678524e+00
 field: electric_scalar_potential ID: 2 force:    0.000000e+00

 Converged at time = 2.930000e+00

 Time = 2.930000e+00
 Step 293 of 15000
 field: displacement ID: 1 force:    6.344010e-01  -3.741902e+00
 field: electric_scalar_potential ID: 2 force:    0.000000e+00

 Converged at time = 2.940000e+00

 Time = 2.940000e+00
 Step 294 of 15000
 field: displacement ID: 1 force:    6.458552e-01  -3.769837e+00
 field: electric_scalar_potential ID: 2 force:    0.000000e+00

 Converged at time = 2.950000e+00

 Time = 2.950000e+00
 Step 295 of 15000
 field: displacement ID: 1 force:    6.455854e-01  -3.753364e+00
 field: electric_scalar_potential ID: 2 force:    0.000000e+00

 Converged at time = 2.960000e+00

 Time = 2.960000e+00
 Step 296 of 15000
 field: displacement ID: 1 force:    6.435898e-01  -3.698141e+00
 field: electric_scalar_potential ID: 2 force:    0.000000e+00

 Converged at time = 2.970000e+00

 Time = 2.970000e+00
 Step 297 of 15000
 field: displacement ID: 1 force:    6.436057e-01  -3.644200e+00
 field: electric_scalar_potential ID: 2 force:    0.000000e+00

 Converged at time = 2.980000e+00

 Time = 2.980000e+00
 Step 298 of 15000
 field: displacement ID: 1 force:    6.482085e-01  -3.594276e+00
 field: electric_scalar_potential ID: 2 force:    0.000000e+00

 Converged at time = 2.990000e+00

 Time = 2.990000e+00
 Step 299 of 15000
 field: displacement ID: 1 force:    6.548703e-01  -3.567283e+00
 field: electric_scalar_potential ID: 2 force:    0.000000e+00

 Converged at time = 3.000000e+00

 Time = 3.000000e+00
 Step 300 of 15000
 field: displacement ID: 1 force:    6.669609e-01  -3.614214e+00
 field: electric_scalar_potential ID: 2 force:    0.000000e+00

 Converged at time = 3.010000e+00

 Time = 3.010000e+00
 Step 301 of 15000
 field: displacement ID: 1 force:    6.904318e-01  -3.715097e+00
 field: electric_scalar_potential ID: 2 force:    0.000000e+00

 Converged at time = 3.020000e+00

 Time = 3.020000e+00
 Step 302 of 15000
 field: displacement ID: 1 force:    7.146633e-01  -3.828382e+00
 field: electric_scalar_potential ID: 2 force:    0.000000e+00

 Converged at time = 3.030000e+00

 Time = 3.030000e+00
 Step 303 of 15000
 field: displacement ID: 1 force:    7.351197e-01  -3.896459e+00
 field: electric_scalar_potential ID: 2 force:    0.000000e+00

 Converged at time = 3.040000e+00

 Time = 3.040000e+00
 Step 304 of 15000
 field: displacement ID: 1 force:    7.355969e-01  -3.890318e+00
 field: electric_scalar_potential ID: 2 force:    0.000000e+00

 Converged at time = 3.050000e+00

 Time = 3.050000e+00
 Step 305 of 15000
 field: displacement ID: 1 force:    7.132093e-01  -3.838927e+00
 field: electric_scalar_potential ID: 2 force:    0.000000e+00

 Converged at time = 3.060000e+00

 Time = 3.060000e+00
 Step 306 of 15000
 field: displacement ID: 1 force:    6.901648e-01  -3.759080e+00
 field: electric_scalar_potential ID: 2 force:    0.000000e+00

 Converged at time = 3.070000e+00

 Time = 3.070000e+00
 Step 307 of 15000
 field: displacement ID: 1 force:    6.709159e-01  -3.682063e+00
 field: electric_scalar_potential ID: 2 force:    0.000000e+00

 Converged at time = 3.080000e+00

 Time = 3.080000e+00
 Step 308 of 15000
 field: displacement ID: 1 force:    6.601311e-01  -3.624390e+00
 field: electric_scalar_potential ID: 2 force:    0.000000e+00

 Converged at time = 3.090000e+00

 Time = 3.090000e+00
 Step 309 of 15000
 field: displacement ID: 1 force:    6.534621e-01  -3.592312e+00
 field: electric_scalar_potential ID: 2 force:    0.000000e+00

 Converged at time = 3.100000e+00

 Time = 3.100000e+00
 Step 310 of 15000
 field: displacement ID: 1 force:    6.444764e-01  -3.624090e+00
 field: electric_scalar_potential ID: 2 force:    0.000000e+00

 Converged at time = 3.110000e+00

 Time = 3.110000e+00
 Step 311 of 15000
 field: displacement ID: 1 force:    6.468820e-01  -3.718347e+00
 field: electric_scalar_potential ID: 2 force:    0.000000e+00

 Converged at time = 3.120000e+00

 Time = 3.120000e+00
 Step 312 of 15000
 field: displacement ID: 1 force:    6.514215e-01  -3.821759e+00
 field: electric_scalar_potential ID: 2 force:    0.000000e+00

 Converged at time = 3.130000e+00

 Time = 3.130000e+00
 Step 313 of 15000
 field: displacement ID: 1 force:    6.530903e-01  -3.877378e+00
 field: electric_scalar_potential ID: 2 force:    0.000000e+00

 Converged at time = 3.140000e+00

 Time = 3.140000e+00
 Step 314 of 15000
 field: displacement ID: 1 force:    6.488863e-01  -3.880099e+00
 field: electric_scalar_potential ID: 2 force:    0.000000e+00

 Converged at time = 3.150000e+00

 Time = 3.150000e+00
 Step 315 of 15000
 field: displacement ID: 1 force:    6.342807e-01  -3.848575e+00
 field: electric_scalar_potential ID: 2 force:    0.000000e+00

 Converged at time = 3.160000e+00

 Time = 3.160000e+00
 Step 316 of 15000
 field: displacement ID: 1 force:    6.192458e-01  -3.801658e+00
 field: electric_scalar_potential ID: 2 force:    0.000000e+00

 Converged at time = 3.170000e+00

 Time = 3.170000e+00
 Step 317 of 15000
 field: displacement ID: 1 force:    5.976706e-01  -3.753799e+00
 field: electric_scalar_potential ID: 2 force:    0.000000e+00

 Converged at time = 3.180000e+00

 Time = 3.180000e+00
 Step 318 of 15000
 field: displacement ID: 1 force:    5.769337e-01  -3.689554e+00
 field: electric_scalar_potential ID: 2 force:    0.000000e+00

 Converged at time = 3.190000e+00

 Time = 3.190000e+00
 Step 319 of 15000
 field: displacement ID: 1 force:    5.657241e-01  -3.625807e+00
 field: electric_scalar_potential ID: 2 force:    0.000000e+00

 Converged at time = 3.200000e+00

 Time = 3.200000e+00
 Step 320 of 15000
 field: displacement ID: 1 force:    5.601736e-01  -3.587872e+00
 field: electric_scalar_potential ID: 2 force:    0.000000e+00

 Converged at time = 3.210000e+00

 Time = 3.210000e+00
 Step 321 of 15000
 field: displacement ID: 1 force:    5.639331e-01  -3.599810e+00
 field: electric_scalar_potential ID: 2 force:    0.000000e+00

 Converged at time = 3.220000e+00

 Time = 3.220000e+00
 Step 322 of 15000
 field: displacement ID: 1 force:    5.664943e-01  -3.654919e+00
 field: electric_scalar_potential ID: 2 force:    0.000000e+00

 Converged at time = 3.230000e+00

 Time = 3.230000e+00
 Step 323 of 15000
 field: displacement ID: 1 force:    5.723344e-01  -3.674984e+00
 field: electric_scalar_potential ID: 2 force:    0.000000e+00

 Converged at time = 3.240000e+00

 Time = 3.240000e+00
 Step 324 of 15000
 field: displacement ID: 1 force:    5.819718e-01  -3.674586e+00
 field: electric_scalar_potential ID: 2 force:    0.000000e+00

 Converged at time = 3.250000e+00

 Time = 3.250000e+00
 Step 325 of 15000
 field: displacement ID: 1 force:    5.897526e-01  -3.681998e+00
 field: electric_scalar_potential ID: 2 force:    0.000000e+00

 Converged at time = 3.260000e+00

 Time = 3.260000e+00
 Step 326 of 15000
 field: displacement ID: 1 force:    6.013575e-01  -3.671801e+00
 field: electric_scalar_potential ID: 2 force:    0.000000e+00

 Converged at time = 3.270000e+00

 Time = 3.270000e+00
 Step 327 of 15000
 field: displacement ID: 1 force:    6.067535e-01  -3.664546e+00
 field: electric_scalar_potential ID: 2 force:    0.000000e+00

 Converged at time = 3.280000e+00

 Time = 3.280000e+00
 Step 328 of 15000
 field: displacement ID: 1 force:    6.106323e-01  -3.649530e+00
 field: electric_scalar_potential ID: 2 force:    0.000000e+00

 Converged at time = 3.290000e+00

 Time = 3.290000e+00
 Step 329 of 15000
 field: displacement ID: 1 force:    6.151192e-01  -3.636849e+00
 field: electric_scalar_potential ID: 2 force:    0.000000e+00

 Converged at time = 3.300000e+00

 Time = 3.300000e+00
 Step 330 of 15000
 field: displacement ID: 1 force:    6.167426e-01  -3.648271e+00
 field: electric_scalar_potential ID: 2 force:    0.000000e+00

 Converged at time = 3.310000e+00

 Time = 3.310000e+00
 Step 331 of 15000
 field: displacement ID: 1 force:    6.247504e-01  -3.653260e+00
 field: electric_scalar_potential ID: 2 force:    0.000000e+00

 Converged at time = 3.320000e+00

 Time = 3.320000e+00
 Step 332 of 15000
 field: displacement ID: 1 force:    6.309647e-01  -3.649601e+00
 field: electric_scalar_potential ID: 2 force:    0.000000e+00

 Converged at time = 3.330000e+00

 Time = 3.330000e+00
 Step 333 of 15000
 field: displacement ID: 1 force:    6.357296e-01  -3.639084e+00
 field: electric_scalar_potential ID: 2 force:    0.000000e+00

 Converged at time = 3.340000e+00

 Time = 3.340000e+00
 Step 334 of 15000
 field: displacement ID: 1 force:    6.427444e-01  -3.642118e+00
 field: electric_scalar_potential ID: 2 force:    0.000000e+00

 Converged at time = 3.350000e+00

 Time = 3.350000e+00
 Step 335 of 15000
 field: displacement ID: 1 force:    6.547676e-01  -3.689486e+00
 field: electric_scalar_potential ID: 2 force:    0.000000e+00

 Converged at time = 3.360000e+00

 Time = 3.360000e+00
 Step 336 of 15000
 field: displacement ID: 1 force:    6.790658e-01  -3.761542e+00
 field: electric_scalar_potential ID: 2 force:    0.000000e+00

 Converged at time = 3.370000e+00

 Time = 3.370000e+00
 Step 337 of 15000
 field: displacement ID: 1 force:    7.022624e-01  -3.820910e+00
 field: electric_scalar_potential ID: 2 force:    0.000000e+00

 Converged at time = 3.380000e+00

 Time = 3.380000e+00
 Step 338 of 15000
 field: displacement ID: 1 force:    7.172351e-01  -3.848326e+00
 field: electric_scalar_potential ID: 2 force:    0.000000e+00

 Converged at time = 3.390000e+00

 Time = 3.390000e+00
 Step 339 of 15000
 field: displacement ID: 1 force:    7.223236e-01  -3.863048e+00
 field: electric_scalar_potential ID: 2 force:    0.000000e+00

 Converged at time = 3.400000e+00

 Time = 3.400000e+00
 Step 340 of 15000
 field: displacement ID: 1 force:    7.121902e-01  -3.862072e+00
 field: electric_scalar_potential ID: 2 force:    0.000000e+00

 Converged at time = 3.410000e+00

 Time = 3.410000e+00
 Step 341 of 15000
 field: displacement ID: 1 force:    6.958799e-01  -3.823952e+00
 field: electric_scalar_potential ID: 2 force:    0.000000e+00

 Converged at time = 3.420000e+00

 Time = 3.420000e+00
 Step 342 of 15000
 field: displacement ID: 1 force:    6.809896e-01  -3.753495e+00
 field: electric_scalar_potential ID: 2 force:    0.000000e+00

 Converged at time = 3.430000e+00

 Time = 3.430000e+00
 Step 343 of 15000
 field: displacement ID: 1 force:    6.737042e-01  -3.674072e+00
 field: electric_scalar_potential ID: 2 force:    0.000000e+00

 Converged at time = 3.440000e+00

 Time = 3.440000e+00
 Step 344 of 15000
 field: displacement ID: 1 force:    6.697958e-01  -3.642996e+00
 field: electric_scalar_potential ID: 2 force:    0.000000e+00

 Converged at time = 3.450000e+00

 Time = 3.450000e+00
 Step 345 of 15000
 field: displacement ID: 1 force:    6.589746e-01  -3.670643e+00
 field: electric_scalar_potential ID: 2 force:    0.000000e+00

 Converged at time = 3.460000e+00

 Time = 3.460000e+00
 Step 346 of 15000
 field: displacement ID: 1 force:    6.537423e-01  -3.732026e+00
 field: electric_scalar_potential ID: 2 force:    0.000000e+00

 Converged at time = 3.470000e+00

 Time = 3.470000e+00
 Step 347 of 15000
 field: displacement ID: 1 force:    6.530150e-01  -3.793745e+00
 field: electric_scalar_potential ID: 2 force:    0.000000e+00

 Converged at time = 3.480000e+00

 Time = 3.480000e+00
 Step 348 of 15000
 field: displacement ID: 1 force:    6.535449e-01  -3.813656e+00
 field: electric_scalar_potential ID: 2 force:    0.000000e+00

 Converged at time = 3.490000e+00
