# Generated by Tahoe::DotLine_FormatterT $Revision: 1.6 $

begin: tahoe
title. . . . . . . . . . . . . . . . . . . . . . . = Dielectric Elastomer Testing
author . . . . . . . . . . . . . . . . . . . . . . = hspark
geometry_format. . . . . . . . . . . . . . . . . . = automatic
geometry_format = automatic (default)
geometry_format = TahoeII
geometry_format = ExodusII
geometry_file. . . . . . . . . . . . . . . . . . . = ../geometry/1x1.geom
output_format. . . . . . . . . . . . . . . . . . . = Tahoe
output_format = automatic (default)
output_format = Tahoe
output_format = TecPlot
output_format = EnSight
output_format = ExodusII
restart_output_inc . . . . . . . . . . . . . . . . = 0
restart_output_inc >= 0 (default)
echo_input . . . . . . . . . . . . . . . . . . . . = false
echo_input(default) = false
logging. . . . . . . . . . . . . . . . . . . . . . = moderate
logging = verbose
logging = moderate (default)
logging = silent
compute_IC . . . . . . . . . . . . . . . . . . . . = false
compute_IC(default) = true

begin: tahoe::time
scaling. . . . . . . . . . . . . . . . . . . . . . = linear
scaling = linear (default)
scaling = logarithmic
init_time. . . . . . . . . . . . . . . . . . . . . = 0.000000e+00
init_time >= 0 (default)
num_steps. . . . . . . . . . . . . . . . . . . . . = 11000
num_steps >= 0
output_inc . . . . . . . . . . . . . . . . . . . . = 100
output_inc(default) = 0
max_step_cuts. . . . . . . . . . . . . . . . . . . = 0
max_step_cuts >= 0 (default)
time_step. . . . . . . . . . . . . . . . . . . . . = 1.000000e-02
time_step >= 0

begin: tahoe::time::schedule_function

begin: tahoe::time::schedule_function::linear_function
a. . . . . . . . . . . . . . . . . . . . . . . . . = 1.000000e+00
b. . . . . . . . . . . . . . . . . . . . . . . . . = 0.000000e+00
end: tahoe::time::schedule_function::linear_function

end: tahoe::time::schedule_function

end: tahoe::time

begin: tahoe::nodes

begin: tahoe::nodes::field
field_name . . . . . . . . . . . . . . . . . . . . = displacement
solution_group . . . . . . . . . . . . . . . . . . = 1
solution_group >= 1 (default)
integrator . . . . . . . . . . . . . . . . . . . . = nonlinear_HHT
integrator = linear_static
integrator = static (default)
integrator = trapezoid
integrator = linear_HHT
integrator = nonlinear_HHT
integrator = central_difference
integrator = Verlet
integrator = Gear6
integrator = mixed
total_energy_output_inc. . . . . . . . . . . . . . = 0
total_energy_output_inc >= 0 (default)

begin: tahoe::nodes::field::dof_labels

begin: tahoe::nodes::field::dof_labels::String
value. . . . . . . . . . . . . . . . . . . . . . . = D_X
end: tahoe::nodes::field::dof_labels::String

begin: tahoe::nodes::field::dof_labels::String
value. . . . . . . . . . . . . . . . . . . . . . . = D_Y
end: tahoe::nodes::field::dof_labels::String

end: tahoe::nodes::field::dof_labels

begin: tahoe::nodes::field::kinematic_BC
node_ID. . . . . . . . . . . . . . . . . . . . . . = 2
dof. . . . . . . . . . . . . . . . . . . . . . . . = 1
type . . . . . . . . . . . . . . . . . . . . . . . = fixed
type = fixed (default)
type = u
type = D_u
type = DD_u
type = D3_u
type = D4_u
schedule . . . . . . . . . . . . . . . . . . . . . = 0
schedule(default) = 0
value. . . . . . . . . . . . . . . . . . . . . . . = 0.000000e+00
value(default) = 0.000000e+00
end: tahoe::nodes::field::kinematic_BC

begin: tahoe::nodes::field::kinematic_BC
node_ID. . . . . . . . . . . . . . . . . . . . . . = 3
dof. . . . . . . . . . . . . . . . . . . . . . . . = 2
type . . . . . . . . . . . . . . . . . . . . . . . = fixed
type = fixed (default)
type = u
type = D_u
type = DD_u
type = D3_u
type = D4_u
schedule . . . . . . . . . . . . . . . . . . . . . = 0
schedule(default) = 0
value. . . . . . . . . . . . . . . . . . . . . . . = 0.000000e+00
value(default) = 0.000000e+00
end: tahoe::nodes::field::kinematic_BC

end: tahoe::nodes::field

begin: tahoe::nodes::field
field_name . . . . . . . . . . . . . . . . . . . . = electric_scalar_potential
solution_group . . . . . . . . . . . . . . . . . . = 1
solution_group >= 1 (default)
integrator . . . . . . . . . . . . . . . . . . . . = static
integrator = linear_static
integrator = static (default)
integrator = trapezoid
integrator = linear_HHT
integrator = nonlinear_HHT
integrator = central_difference
integrator = Verlet
integrator = Gear6
integrator = mixed
total_energy_output_inc. . . . . . . . . . . . . . = 0
total_energy_output_inc >= 0 (default)

begin: tahoe::nodes::field::dof_labels

begin: tahoe::nodes::field::dof_labels::String
value. . . . . . . . . . . . . . . . . . . . . . . = Psi
end: tahoe::nodes::field::dof_labels::String

end: tahoe::nodes::field::dof_labels

begin: tahoe::nodes::field::kinematic_BC
node_ID. . . . . . . . . . . . . . . . . . . . . . = 2
dof. . . . . . . . . . . . . . . . . . . . . . . . = 1
type . . . . . . . . . . . . . . . . . . . . . . . = fixed
type = fixed (default)
type = u
type = D_u
type = DD_u
type = D3_u
type = D4_u
schedule . . . . . . . . . . . . . . . . . . . . . = 0
schedule(default) = 0
value. . . . . . . . . . . . . . . . . . . . . . . = 0.000000e+00
value(default) = 0.000000e+00
end: tahoe::nodes::field::kinematic_BC

begin: tahoe::nodes::field::kinematic_BC
node_ID. . . . . . . . . . . . . . . . . . . . . . = 4
dof. . . . . . . . . . . . . . . . . . . . . . . . = 1
type . . . . . . . . . . . . . . . . . . . . . . . = u
type = fixed (default)
type = u
type = D_u
type = DD_u
type = D3_u
type = D4_u
schedule . . . . . . . . . . . . . . . . . . . . . = 1
schedule(default) = 0
value. . . . . . . . . . . . . . . . . . . . . . . = 1.000000e-02
value(default) = 0.000000e+00
end: tahoe::nodes::field::kinematic_BC

end: tahoe::nodes::field

begin: tahoe::nodes::history_node_ID_list

begin: tahoe::nodes::history_node_ID_list::String
value. . . . . . . . . . . . . . . . . . . . . . . = 4
end: tahoe::nodes::history_node_ID_list::String

end: tahoe::nodes::history_node_ID_list

end: tahoe::nodes

begin: tahoe::element_list

begin: tahoe::element_list::dielectric_elastomer_Q1P0Elastocapillary
field_name . . . . . . . . . . . . . . . . . . . . = displacement
mass_type. . . . . . . . . . . . . . . . . . . . . = lumped_mass
mass_type = automatic (default)
mass_type = no_mass
mass_type = consistent_mass
mass_type = lumped_mass
eigenvalue_inc . . . . . . . . . . . . . . . . . . = 0
eigenvalue_inc >= 0 (default)
electric_field_name. . . . . . . . . . . . . . . . = electric_scalar_potential
output_surface . . . . . . . . . . . . . . . . . . = false
output_surface(default) = false

begin: tahoe::element_list::dielectric_elastomer_Q1P0Elastocapillary::quadrilateral
num_ip . . . . . . . . . . . . . . . . . . . . . . = 4
num_ip = 1
num_ip = 4 (default)
num_ip = 5
num_ip = 9
num_ip = 16
end: tahoe::element_list::dielectric_elastomer_Q1P0Elastocapillary::quadrilateral

begin: tahoe::element_list::dielectric_elastomer_Q1P0Elastocapillary::solid_element_nodal_output
displacements. . . . . . . . . . . . . . . . . . . = 1
displacements(default) = 1
stress . . . . . . . . . . . . . . . . . . . . . . = 1
stress(default) = 1
electric_displacement. . . . . . . . . . . . . . . = 1
electric_displacement(default) = 1
electric_scalar_potential. . . . . . . . . . . . . = 1
electric_scalar_potential(default) = 1
end: tahoe::element_list::dielectric_elastomer_Q1P0Elastocapillary::solid_element_nodal_output

begin: tahoe::element_list::dielectric_elastomer_Q1P0Elastocapillary::large_strain_element_block

begin: tahoe::element_list::dielectric_elastomer_Q1P0Elastocapillary::large_strain_element_block::block_ID_list

begin: tahoe::element_list::dielectric_elastomer_Q1P0Elastocapillary::large_strain_element_block::block_ID_list::String
value. . . . . . . . . . . . . . . . . . . . . . . = 1
end: tahoe::element_list::dielectric_elastomer_Q1P0Elastocapillary::large_strain_element_block::block_ID_list::String

end: tahoe::element_list::dielectric_elastomer_Q1P0Elastocapillary::large_strain_element_block::block_ID_list

begin: tahoe::element_list::dielectric_elastomer_Q1P0Elastocapillary::large_strain_element_block::large_strain_material_2D

begin: tahoe::element_list::dielectric_elastomer_Q1P0Elastocapillary::large_strain_element_block::large_strain_material_2D::Dielectric_Elastomer_Q1P02D
density. . . . . . . . . . . . . . . . . . . . . . = 1.000000e+00
density >= 0.000000e+00
constraint_2D. . . . . . . . . . . . . . . . . . . = none
constraint_2D = none (default)
constraint_2D = plane_stress
constraint_2D = plane_strain
CTE. . . . . . . . . . . . . . . . . . . . . . . . = 0.000000e+00
CTE(default) = 0.000000e+00
mu . . . . . . . . . . . . . . . . . . . . . . . . = 1.000000e+00
epsilon. . . . . . . . . . . . . . . . . . . . . . = 1.000000e+00
Nrig . . . . . . . . . . . . . . . . . . . . . . . = 5.000000e+00
lambda . . . . . . . . . . . . . . . . . . . . . . = 1.000000e+03
gamma. . . . . . . . . . . . . . . . . . . . . . . = 0.000000e+00
t_0. . . . . . . . . . . . . . . . . . . . . . . . = 0.000000e+00
end: tahoe::element_list::dielectric_elastomer_Q1P0Elastocapillary::large_strain_element_block::large_strain_material_2D::Dielectric_Elastomer_Q1P02D

end: tahoe::element_list::dielectric_elastomer_Q1P0Elastocapillary::large_strain_element_block::large_strain_material_2D

end: tahoe::element_list::dielectric_elastomer_Q1P0Elastocapillary::large_strain_element_block

end: tahoe::element_list::dielectric_elastomer_Q1P0Elastocapillary

end: tahoe::element_list

begin: tahoe::nonlinear_solver
print_eqnos. . . . . . . . . . . . . . . . . . . . = false
print_eqnos(default) = false
check_code . . . . . . . . . . . . . . . . . . . . = no_check
check_code = no_check (default)
check_code = small_pivots
check_code = all_pivots
check_code = print_LHS
check_code = print_RHS
check_code = print_solution
check_code = check_LHS
check_LHS_perturbation . . . . . . . . . . . . . . = 1.000000e-08
check_LHS_perturbation >= 0.000000e+00
check_LHS_perturbation(default) = 1.000000e-08
max_iterations . . . . . . . . . . . . . . . . . . = 20
min_iterations . . . . . . . . . . . . . . . . . . = 0
min_iterations(default) = 0
reform_tangent_iterations. . . . . . . . . . . . . = 1
reform_tangent_iterations >= 1 (default)
abs_tolerance. . . . . . . . . . . . . . . . . . . = 1.000000e-07
rel_tolerance. . . . . . . . . . . . . . . . . . . = 1.000000e-09
divergence_tolerance . . . . . . . . . . . . . . . = 1.000000e+10
quick_solve_iter . . . . . . . . . . . . . . . . . = 6
quick_solve_iter(default) = 6
quick_solve_count. . . . . . . . . . . . . . . . . = 3
quick_solve_count(default) = 3
output_inc . . . . . . . . . . . . . . . . . . . . = 0
output_inc >= 0 (default)

begin: tahoe::nonlinear_solver::SPOOLES_matrix
message_level. . . . . . . . . . . . . . . . . . . = silent
message_level = silent (default)
message_level = timing
message_level = verbose
enable_pivoting. . . . . . . . . . . . . . . . . . = true
enable_pivoting(default) = true
always_symmetric . . . . . . . . . . . . . . . . . = false
always_symmetric(default) = false
end: tahoe::nonlinear_solver::SPOOLES_matrix

end: tahoe::nonlinear_solver

end: tahoe


 E q u a t i o n    S y s t e m    D a t a :

 Local number of equations . . . . . . . . . . . = 4
 Total number of equations . . . . . . . . . . . = 4

 Converged at time = 5.000000e-02

 Converged at time = 6.000000e-02

 Converged at time = 7.000000e-02

 Converged at time = 8.000000e-02

 Converged at time = 9.000000e-02

 Converged at time = 1.000000e-01

 Converged at time = 1.100000e-01

 Converged at time = 1.200000e-01

 Converged at time = 1.300000e-01

 Converged at time = 1.400000e-01

 Converged at time = 1.500000e-01

 Converged at time = 1.600000e-01

 Converged at time = 1.700000e-01

 Converged at time = 1.800000e-01

 Converged at time = 1.900000e-01

 Converged at time = 2.000000e-01

 Converged at time = 2.100000e-01

 Converged at time = 2.200000e-01

 Converged at time = 2.300000e-01

 Converged at time = 2.400000e-01

 Converged at time = 2.500000e-01

 Converged at time = 2.600000e-01

 Converged at time = 2.700000e-01

 Converged at time = 2.800000e-01

 Converged at time = 2.900000e-01

 Converged at time = 3.000000e-01

 Converged at time = 3.100000e-01

 Converged at time = 3.200000e-01

 Converged at time = 3.300000e-01

 Converged at time = 3.400000e-01

 Converged at time = 3.500000e-01

 Converged at time = 3.600000e-01

 Converged at time = 3.700000e-01

 Converged at time = 3.800000e-01

 Converged at time = 3.900000e-01

 Converged at time = 4.000000e-01

 Converged at time = 4.100000e-01

 Converged at time = 4.200000e-01

 Converged at time = 4.300000e-01

 Converged at time = 4.400000e-01

 Converged at time = 4.500000e-01

 Converged at time = 4.600000e-01

 Converged at time = 4.700000e-01

 Converged at time = 4.800000e-01

 Converged at time = 4.900000e-01

 Converged at time = 5.000000e-01

 Converged at time = 5.100000e-01

 Converged at time = 5.200000e-01

 Converged at time = 5.300000e-01

 Converged at time = 5.400000e-01

 Converged at time = 5.500000e-01

 Converged at time = 5.600000e-01

 Converged at time = 5.700000e-01

 Converged at time = 5.800000e-01

 Converged at time = 5.900000e-01

 Converged at time = 6.000000e-01

 Converged at time = 6.100000e-01

 Converged at time = 6.200000e-01

 Converged at time = 6.300000e-01

 Converged at time = 6.400000e-01

 Converged at time = 6.500000e-01

 Converged at time = 6.600000e-01

 Converged at time = 6.700000e-01

 Converged at time = 6.800000e-01

 Converged at time = 6.900000e-01

 Converged at time = 7.000000e-01

 Converged at time = 7.100000e-01

 Converged at time = 7.200000e-01

 Converged at time = 7.300000e-01

 Converged at time = 7.400000e-01

 Converged at time = 7.500000e-01

 Converged at time = 7.600000e-01

 Converged at time = 7.700000e-01

 Converged at time = 7.800000e-01

 Converged at time = 7.900000e-01

 Converged at time = 8.000000e-01

 Converged at time = 8.100000e-01

 Converged at time = 8.200000e-01

 Converged at time = 8.300000e-01

 Converged at time = 8.400000e-01

 Converged at time = 8.500000e-01

 Converged at time = 8.600000e-01

 Converged at time = 8.700000e-01

 Converged at time = 8.800000e-01

 Converged at time = 8.900000e-01

 Converged at time = 9.000000e-01

 Converged at time = 9.100000e-01

 Converged at time = 9.200000e-01

 Converged at time = 9.300000e-01

 Converged at time = 9.400000e-01

 Converged at time = 9.500000e-01

 Converged at time = 9.600000e-01

 Converged at time = 9.700000e-01

 Converged at time = 9.800000e-01

 Converged at time = 9.900000e-01

 Converged at time = 1.000000e+00

 Time = 1.000000e+00
 Step 100 of 11000
 field: displacement ID: 1 force:   -6.712972e-05   1.678272e-05
 field: electric_scalar_potential ID: 2 force:    1.000014e-02

 Converged at time = 1.010000e+00

 Converged at time = 1.020000e+00

 Converged at time = 1.030000e+00

 Converged at time = 1.040000e+00

 Converged at time = 1.050000e+00

 Converged at time = 1.060000e+00

 Converged at time = 1.070000e+00

 Converged at time = 1.080000e+00

 Converged at time = 1.090000e+00

 Converged at time = 1.100000e+00

 Converged at time = 1.110000e+00

 Converged at time = 1.120000e+00

 Converged at time = 1.130000e+00

 Converged at time = 1.140000e+00

 Converged at time = 1.150000e+00

 Converged at time = 1.160000e+00

 Converged at time = 1.170000e+00

 Converged at time = 1.180000e+00

 Converged at time = 1.190000e+00

 Converged at time = 1.200000e+00

 Converged at time = 1.210000e+00

 Converged at time = 1.220000e+00

 Converged at time = 1.230000e+00

 Converged at time = 1.240000e+00

 Converged at time = 1.250000e+00

 Converged at time = 1.260000e+00

 Converged at time = 1.270000e+00

 Converged at time = 1.280000e+00

 Converged at time = 1.290000e+00

 Converged at time = 1.300000e+00

 Converged at time = 1.310000e+00

 Converged at time = 1.320000e+00

 Converged at time = 1.330000e+00

 Converged at time = 1.340000e+00

 Converged at time = 1.350000e+00

 Converged at time = 1.360000e+00

 Converged at time = 1.370000e+00

 Converged at time = 1.380000e+00

 Converged at time = 1.390000e+00

 Converged at time = 1.400000e+00

 Converged at time = 1.410000e+00

 Converged at time = 1.420000e+00

 Converged at time = 1.430000e+00

 Converged at time = 1.440000e+00

 Converged at time = 1.450000e+00

 Converged at time = 1.460000e+00

 Converged at time = 1.470000e+00

 Converged at time = 1.480000e+00

 Converged at time = 1.490000e+00

 Converged at time = 1.500000e+00

 Converged at time = 1.510000e+00

 Converged at time = 1.520000e+00

 Converged at time = 1.530000e+00

 Converged at time = 1.540000e+00

 Converged at time = 1.550000e+00

 Converged at time = 1.560000e+00

 Converged at time = 1.570000e+00

 Converged at time = 1.580000e+00

 Converged at time = 1.590000e+00

 Converged at time = 1.600000e+00

 Converged at time = 1.610000e+00

 Converged at time = 1.620000e+00

 Converged at time = 1.630000e+00

 Converged at time = 1.640000e+00

 Converged at time = 1.650000e+00

 Converged at time = 1.660000e+00

 Converged at time = 1.670000e+00

 Converged at time = 1.680000e+00

 Converged at time = 1.690000e+00

 Converged at time = 1.700000e+00

 Converged at time = 1.710000e+00

 Converged at time = 1.720000e+00

 Converged at time = 1.730000e+00

 Converged at time = 1.740000e+00

 Converged at time = 1.750000e+00

 Converged at time = 1.760000e+00

 Converged at time = 1.770000e+00

 Converged at time = 1.780000e+00

 Converged at time = 1.790000e+00

 Converged at time = 1.800000e+00

 Converged at time = 1.810000e+00

 Converged at time = 1.820000e+00

 Converged at time = 1.830000e+00

 Converged at time = 1.840000e+00

 Converged at time = 1.850000e+00

 Converged at time = 1.860000e+00

 Converged at time = 1.870000e+00

 Converged at time = 1.880000e+00

 Converged at time = 1.890000e+00

 Converged at time = 1.900000e+00

 Converged at time = 1.910000e+00

 Converged at time = 1.920000e+00

 Converged at time = 1.930000e+00

 Converged at time = 1.940000e+00

 Converged at time = 1.950000e+00

 Converged at time = 1.960000e+00

 Converged at time = 1.970000e+00

 Converged at time = 1.980000e+00

 Converged at time = 1.990000e+00

 Converged at time = 2.000000e+00

 Time = 2.000000e+00
 Step 200 of 11000
 field: displacement ID: 1 force:   -6.156769e-05   1.539583e-05
 field: electric_scalar_potential ID: 2 force:    2.000295e-02

 Converged at time = 2.010000e+00

 Converged at time = 2.020000e+00

 Converged at time = 2.030000e+00

 Converged at time = 2.040000e+00

 Converged at time = 2.050000e+00

 Converged at time = 2.060000e+00

 Converged at time = 2.070000e+00

 Converged at time = 2.080000e+00

 Converged at time = 2.090000e+00

 Converged at time = 2.100000e+00

 Converged at time = 2.110000e+00

 Converged at time = 2.120000e+00

 Converged at time = 2.130000e+00

 Converged at time = 2.140000e+00

 Converged at time = 2.150000e+00

 Converged at time = 2.160000e+00

 Converged at time = 2.170000e+00

 Converged at time = 2.180000e+00

 Converged at time = 2.190000e+00

 Converged at time = 2.200000e+00

 Converged at time = 2.210000e+00

 Converged at time = 2.220000e+00

 Converged at time = 2.230000e+00

 Converged at time = 2.240000e+00

 Converged at time = 2.250000e+00

 Converged at time = 2.260000e+00

 Converged at time = 2.270000e+00

 Converged at time = 2.280000e+00

 Converged at time = 2.290000e+00

 Converged at time = 2.300000e+00

 Converged at time = 2.310000e+00

 Converged at time = 2.320000e+00

 Converged at time = 2.330000e+00

 Converged at time = 2.340000e+00

 Converged at time = 2.350000e+00

 Converged at time = 2.360000e+00

 Converged at time = 2.370000e+00

 Converged at time = 2.380000e+00

 Converged at time = 2.390000e+00

 Converged at time = 2.400000e+00

 Converged at time = 2.410000e+00

 Converged at time = 2.420000e+00

 Converged at time = 2.430000e+00

 Converged at time = 2.440000e+00

 Converged at time = 2.450000e+00

 Converged at time = 2.460000e+00

 Converged at time = 2.470000e+00

 Converged at time = 2.480000e+00

 Converged at time = 2.490000e+00

 Converged at time = 2.500000e+00

 Converged at time = 2.510000e+00

 Converged at time = 2.520000e+00

 Converged at time = 2.530000e+00

 Converged at time = 2.540000e+00

 Converged at time = 2.550000e+00

 Converged at time = 2.560000e+00

 Converged at time = 2.570000e+00

 Converged at time = 2.580000e+00

 Converged at time = 2.590000e+00

 Converged at time = 2.600000e+00

 Converged at time = 2.610000e+00

 Converged at time = 2.620000e+00

 Converged at time = 2.630000e+00

 Converged at time = 2.640000e+00

 Converged at time = 2.650000e+00

 Converged at time = 2.660000e+00

 Converged at time = 2.670000e+00

 Converged at time = 2.680000e+00

 Converged at time = 2.690000e+00

 Converged at time = 2.700000e+00

 Converged at time = 2.710000e+00

 Converged at time = 2.720000e+00

 Converged at time = 2.730000e+00

 Converged at time = 2.740000e+00

 Converged at time = 2.750000e+00

 Converged at time = 2.760000e+00

 Converged at time = 2.770000e+00

 Converged at time = 2.780000e+00

 Converged at time = 2.790000e+00

 Converged at time = 2.800000e+00

 Converged at time = 2.810000e+00

 Converged at time = 2.820000e+00

 Converged at time = 2.830000e+00

 Converged at time = 2.840000e+00

 Converged at time = 2.850000e+00

 Converged at time = 2.860000e+00

 Converged at time = 2.870000e+00

 Converged at time = 2.880000e+00

 Converged at time = 2.890000e+00

 Converged at time = 2.900000e+00

 Converged at time = 2.970000e+00

 Converged at time = 2.980000e+00

 Converged at time = 2.990000e+00

 Converged at time = 3.000000e+00

 Time = 3.000000e+00
 Step 300 of 11000
 field: displacement ID: 1 force:   -5.495342e-07   1.523959e-07
 field: electric_scalar_potential ID: 2 force:    3.001176e-02

 Converged at time = 3.010000e+00

 Converged at time = 3.020000e+00

 Converged at time = 3.030000e+00

 Converged at time = 3.040000e+00

 Converged at time = 3.050000e+00

 Converged at time = 3.060000e+00

 Converged at time = 3.070000e+00

 Converged at time = 3.080000e+00

 Converged at time = 3.090000e+00

 Converged at time = 3.100000e+00

 Converged at time = 3.110000e+00

 Converged at time = 3.120000e+00

 Converged at time = 3.130000e+00

 Converged at time = 3.140000e+00

 Converged at time = 3.150000e+00

 Converged at time = 3.160000e+00

 Converged at time = 3.170000e+00

 Converged at time = 3.180000e+00

 Converged at time = 3.190000e+00

 Converged at time = 3.200000e+00

 Converged at time = 3.210000e+00

 Converged at time = 3.220000e+00

 Converged at time = 3.230000e+00

 Converged at time = 3.240000e+00

 Converged at time = 3.250000e+00

 Converged at time = 3.260000e+00

 Converged at time = 3.270000e+00

 Converged at time = 3.280000e+00

 Converged at time = 3.290000e+00

 Converged at time = 3.300000e+00

 Converged at time = 3.310000e+00

 Converged at time = 3.320000e+00

 Converged at time = 3.330000e+00

 Converged at time = 3.340000e+00

 Converged at time = 3.350000e+00

 Converged at time = 3.360000e+00

 Converged at time = 3.370000e+00

 Converged at time = 3.380000e+00

 Converged at time = 3.390000e+00

 Converged at time = 3.400000e+00

 Converged at time = 3.410000e+00

 Converged at time = 3.420000e+00

 Converged at time = 3.430000e+00

 Converged at time = 3.440000e+00

 Converged at time = 3.450000e+00

 Converged at time = 3.460000e+00

 Converged at time = 3.470000e+00

 Converged at time = 3.480000e+00

 Converged at time = 3.490000e+00

 Converged at time = 3.500000e+00

 Converged at time = 3.510000e+00

 Converged at time = 3.520000e+00

 Converged at time = 3.530000e+00

 Converged at time = 3.540000e+00

 Converged at time = 3.550000e+00

 Converged at time = 3.560000e+00

 Converged at time = 3.570000e+00

 Converged at time = 3.580000e+00

 Converged at time = 3.590000e+00

 Converged at time = 3.600000e+00

 Converged at time = 3.610000e+00

 Converged at time = 3.620000e+00

 Converged at time = 3.630000e+00

 Converged at time = 3.640000e+00

 Converged at time = 3.650000e+00

 Converged at time = 3.660000e+00

 Converged at time = 3.670000e+00

 Converged at time = 3.680000e+00

 Converged at time = 3.690000e+00

 Converged at time = 3.700000e+00

 Converged at time = 3.710000e+00

 Converged at time = 3.720000e+00

 Converged at time = 3.730000e+00

 Converged at time = 3.740000e+00

 Converged at time = 3.750000e+00

 Converged at time = 3.760000e+00

 Converged at time = 3.770000e+00

 Converged at time = 3.780000e+00

 Converged at time = 3.790000e+00

 Converged at time = 3.800000e+00

 Converged at time = 3.810000e+00

 Converged at time = 3.820000e+00

 Converged at time = 3.830000e+00

 Converged at time = 3.840000e+00

 Converged at time = 3.850000e+00

 Converged at time = 3.860000e+00

 Converged at time = 3.870000e+00

 Converged at time = 3.880000e+00

 Converged at time = 3.890000e+00

 Converged at time = 3.900000e+00

 Converged at time = 3.910000e+00

 Converged at time = 3.920000e+00

 Converged at time = 3.930000e+00

 Converged at time = 3.940000e+00

 Converged at time = 3.950000e+00

 Converged at time = 3.960000e+00

 Converged at time = 3.970000e+00

 Converged at time = 3.980000e+00

 Converged at time = 3.990000e+00

 Converged at time = 4.000000e+00

 Time = 4.000000e+00
 Step 400 of 11000
 field: displacement ID: 1 force:   -7.230141e-05   1.809802e-05
 field: electric_scalar_potential ID: 2 force:    4.002663e-02

 Converged at time = 4.010000e+00

 Converged at time = 4.020000e+00

 Converged at time = 4.030000e+00

 Converged at time = 4.040000e+00

 Converged at time = 4.050000e+00

 Converged at time = 4.060000e+00

 Converged at time = 4.070000e+00

 Converged at time = 4.080000e+00

 Converged at time = 4.090000e+00

 Converged at time = 4.100000e+00

 Converged at time = 4.110000e+00

 Converged at time = 4.120000e+00

 Converged at time = 4.130000e+00

 Converged at time = 4.140000e+00

 Converged at time = 4.150000e+00

 Converged at time = 4.160000e+00

 Converged at time = 4.170000e+00
