# Generated by Tahoe::DotLine_FormatterT $Revision: 1.6 $

begin: tahoe
title. . . . . . . . . . . . . . . . . . . . . . . = Dielectric Elastomer Testing
author . . . . . . . . . . . . . . . . . . . . . . = hspark
geometry_format. . . . . . . . . . . . . . . . . . = automatic
geometry_format = automatic (default)
geometry_format = TahoeII
geometry_format = ExodusII
geometry_file. . . . . . . . . . . . . . . . . . . = ../geometry/80x4.geom
output_format. . . . . . . . . . . . . . . . . . . = ExodusII
output_format = automatic (default)
output_format = Tahoe
output_format = TecPlot
output_format = EnSight
output_format = ExodusII
restart_output_inc . . . . . . . . . . . . . . . . = 0
restart_output_inc >= 0 (default)
echo_input . . . . . . . . . . . . . . . . . . . . = false
echo_input(default) = false
logging. . . . . . . . . . . . . . . . . . . . . . = moderate
logging = verbose
logging = moderate (default)
logging = silent
compute_IC . . . . . . . . . . . . . . . . . . . . = false
compute_IC(default) = true

begin: tahoe::time
scaling. . . . . . . . . . . . . . . . . . . . . . = linear
scaling = linear (default)
scaling = logarithmic
init_time. . . . . . . . . . . . . . . . . . . . . = 0.000000e+00
init_time >= 0 (default)
num_steps. . . . . . . . . . . . . . . . . . . . . = 860000
num_steps >= 0
output_inc . . . . . . . . . . . . . . . . . . . . = 100
output_inc(default) = 0
max_step_cuts. . . . . . . . . . . . . . . . . . . = 0
max_step_cuts >= 0 (default)
time_step. . . . . . . . . . . . . . . . . . . . . = 1.000000e-02
time_step >= 0

begin: tahoe::time::schedule_function

begin: tahoe::time::schedule_function::piecewise_linear

begin: tahoe::time::schedule_function::piecewise_linear::OrderedPair
x. . . . . . . . . . . . . . . . . . . . . . . . . = 0.000000e+00
y. . . . . . . . . . . . . . . . . . . . . . . . . = 0.000000e+00
end: tahoe::time::schedule_function::piecewise_linear::OrderedPair

begin: tahoe::time::schedule_function::piecewise_linear::OrderedPair
x. . . . . . . . . . . . . . . . . . . . . . . . . = 1.000000e+01
y. . . . . . . . . . . . . . . . . . . . . . . . . = 0.000000e+00
end: tahoe::time::schedule_function::piecewise_linear::OrderedPair

begin: tahoe::time::schedule_function::piecewise_linear::OrderedPair
x. . . . . . . . . . . . . . . . . . . . . . . . . = 1.000000e+05
y. . . . . . . . . . . . . . . . . . . . . . . . . = 9.999000e+04
end: tahoe::time::schedule_function::piecewise_linear::OrderedPair

end: tahoe::time::schedule_function::piecewise_linear

end: tahoe::time::schedule_function

end: tahoe::time

begin: tahoe::nodes

begin: tahoe::nodes::field
field_name . . . . . . . . . . . . . . . . . . . . = displacement
solution_group . . . . . . . . . . . . . . . . . . = 1
solution_group >= 1 (default)
integrator . . . . . . . . . . . . . . . . . . . . = nonlinear_HHT
integrator = linear_static
integrator = static (default)
integrator = trapezoid
integrator = linear_HHT
integrator = nonlinear_HHT
integrator = central_difference
integrator = Verlet
integrator = Gear6
integrator = mixed
total_energy_output_inc. . . . . . . . . . . . . . = 0
total_energy_output_inc >= 0 (default)

begin: tahoe::nodes::field::dof_labels

begin: tahoe::nodes::field::dof_labels::String
value. . . . . . . . . . . . . . . . . . . . . . . = D_X
end: tahoe::nodes::field::dof_labels::String

begin: tahoe::nodes::field::dof_labels::String
value. . . . . . . . . . . . . . . . . . . . . . . = D_Y
end: tahoe::nodes::field::dof_labels::String

end: tahoe::nodes::field::dof_labels

begin: tahoe::nodes::field::kinematic_BC
node_ID. . . . . . . . . . . . . . . . . . . . . . = 1
dof. . . . . . . . . . . . . . . . . . . . . . . . = 2
type . . . . . . . . . . . . . . . . . . . . . . . = fixed
type = fixed (default)
type = u
type = D_u
type = DD_u
type = D3_u
type = D4_u
schedule . . . . . . . . . . . . . . . . . . . . . = 0
schedule(default) = 0
value. . . . . . . . . . . . . . . . . . . . . . . = 0.000000e+00
value(default) = 0.000000e+00
end: tahoe::nodes::field::kinematic_BC

begin: tahoe::nodes::field::kinematic_BC
node_ID. . . . . . . . . . . . . . . . . . . . . . = 1
dof. . . . . . . . . . . . . . . . . . . . . . . . = 1
type . . . . . . . . . . . . . . . . . . . . . . . = fixed
type = fixed (default)
type = u
type = D_u
type = DD_u
type = D3_u
type = D4_u
schedule . . . . . . . . . . . . . . . . . . . . . = 0
schedule(default) = 0
value. . . . . . . . . . . . . . . . . . . . . . . = 0.000000e+00
value(default) = 0.000000e+00
end: tahoe::nodes::field::kinematic_BC

begin: tahoe::nodes::field::kinematic_BC
node_ID. . . . . . . . . . . . . . . . . . . . . . = 2
dof. . . . . . . . . . . . . . . . . . . . . . . . = 1
type . . . . . . . . . . . . . . . . . . . . . . . = fixed
type = fixed (default)
type = u
type = D_u
type = DD_u
type = D3_u
type = D4_u
schedule . . . . . . . . . . . . . . . . . . . . . = 0
schedule(default) = 0
value. . . . . . . . . . . . . . . . . . . . . . . = 0.000000e+00
value(default) = 0.000000e+00
end: tahoe::nodes::field::kinematic_BC

begin: tahoe::nodes::field::kinematic_BC
node_ID. . . . . . . . . . . . . . . . . . . . . . = 4
dof. . . . . . . . . . . . . . . . . . . . . . . . = 1
type . . . . . . . . . . . . . . . . . . . . . . . = fixed
type = fixed (default)
type = u
type = D_u
type = DD_u
type = D3_u
type = D4_u
schedule . . . . . . . . . . . . . . . . . . . . . = 0
schedule(default) = 0
value. . . . . . . . . . . . . . . . . . . . . . . = 0.000000e+00
value(default) = 0.000000e+00
end: tahoe::nodes::field::kinematic_BC

end: tahoe::nodes::field

begin: tahoe::nodes::field
field_name . . . . . . . . . . . . . . . . . . . . = electric_scalar_potential
solution_group . . . . . . . . . . . . . . . . . . = 1
solution_group >= 1 (default)
integrator . . . . . . . . . . . . . . . . . . . . = static
integrator = linear_static
integrator = static (default)
integrator = trapezoid
integrator = linear_HHT
integrator = nonlinear_HHT
integrator = central_difference
integrator = Verlet
integrator = Gear6
integrator = mixed
total_energy_output_inc. . . . . . . . . . . . . . = 0
total_energy_output_inc >= 0 (default)

begin: tahoe::nodes::field::dof_labels

begin: tahoe::nodes::field::dof_labels::String
value. . . . . . . . . . . . . . . . . . . . . . . = Psi
end: tahoe::nodes::field::dof_labels::String

end: tahoe::nodes::field::dof_labels

begin: tahoe::nodes::field::kinematic_BC
node_ID. . . . . . . . . . . . . . . . . . . . . . = 1
dof. . . . . . . . . . . . . . . . . . . . . . . . = 1
type . . . . . . . . . . . . . . . . . . . . . . . = fixed
type = fixed (default)
type = u
type = D_u
type = DD_u
type = D3_u
type = D4_u
schedule . . . . . . . . . . . . . . . . . . . . . = 0
schedule(default) = 0
value. . . . . . . . . . . . . . . . . . . . . . . = 0.000000e+00
value(default) = 0.000000e+00
end: tahoe::nodes::field::kinematic_BC

begin: tahoe::nodes::field::kinematic_BC
node_ID. . . . . . . . . . . . . . . . . . . . . . = 3
dof. . . . . . . . . . . . . . . . . . . . . . . . = 1
type . . . . . . . . . . . . . . . . . . . . . . . = u
type = fixed (default)
type = u
type = D_u
type = DD_u
type = D3_u
type = D4_u
schedule . . . . . . . . . . . . . . . . . . . . . = 1
schedule(default) = 0
value. . . . . . . . . . . . . . . . . . . . . . . = 1.000000e-01
value(default) = 0.000000e+00
end: tahoe::nodes::field::kinematic_BC

end: tahoe::nodes::field

begin: tahoe::nodes::history_node_ID_list

begin: tahoe::nodes::history_node_ID_list::String
value. . . . . . . . . . . . . . . . . . . . . . . = 3
end: tahoe::nodes::history_node_ID_list::String

end: tahoe::nodes::history_node_ID_list

end: tahoe::nodes

begin: tahoe::element_list

begin: tahoe::element_list::dielectric_elastomer_Q1P0Elastocapillary
field_name . . . . . . . . . . . . . . . . . . . . = displacement
mass_type. . . . . . . . . . . . . . . . . . . . . = lumped_mass
mass_type = automatic (default)
mass_type = no_mass
mass_type = consistent_mass
mass_type = lumped_mass
eigenvalue_inc . . . . . . . . . . . . . . . . . . = 0
eigenvalue_inc >= 0 (default)
electric_field_name. . . . . . . . . . . . . . . . = electric_scalar_potential
output_surface . . . . . . . . . . . . . . . . . . = false
output_surface(default) = false

begin: tahoe::element_list::dielectric_elastomer_Q1P0Elastocapillary::quadrilateral
num_ip . . . . . . . . . . . . . . . . . . . . . . = 4
num_ip = 1
num_ip = 4 (default)
num_ip = 5
num_ip = 9
num_ip = 16
end: tahoe::element_list::dielectric_elastomer_Q1P0Elastocapillary::quadrilateral

begin: tahoe::element_list::dielectric_elastomer_Q1P0Elastocapillary::solid_element_nodal_output
displacements. . . . . . . . . . . . . . . . . . . = 1
displacements(default) = 1
stress . . . . . . . . . . . . . . . . . . . . . . = 1
stress(default) = 1
electric_displacement. . . . . . . . . . . . . . . = 1
electric_displacement(default) = 1
electric_scalar_potential. . . . . . . . . . . . . = 1
electric_scalar_potential(default) = 1
end: tahoe::element_list::dielectric_elastomer_Q1P0Elastocapillary::solid_element_nodal_output

begin: tahoe::element_list::dielectric_elastomer_Q1P0Elastocapillary::large_strain_element_block

begin: tahoe::element_list::dielectric_elastomer_Q1P0Elastocapillary::large_strain_element_block::block_ID_list

begin: tahoe::element_list::dielectric_elastomer_Q1P0Elastocapillary::large_strain_element_block::block_ID_list::String
value. . . . . . . . . . . . . . . . . . . . . . . = 1
end: tahoe::element_list::dielectric_elastomer_Q1P0Elastocapillary::large_strain_element_block::block_ID_list::String

end: tahoe::element_list::dielectric_elastomer_Q1P0Elastocapillary::large_strain_element_block::block_ID_list

begin: tahoe::element_list::dielectric_elastomer_Q1P0Elastocapillary::large_strain_element_block::large_strain_material_2D

begin: tahoe::element_list::dielectric_elastomer_Q1P0Elastocapillary::large_strain_element_block::large_strain_material_2D::Dielectric_Elastomer_Q1P02D
density. . . . . . . . . . . . . . . . . . . . . . = 1.000000e+00
density >= 0.000000e+00
constraint_2D. . . . . . . . . . . . . . . . . . . = none
constraint_2D = none (default)
constraint_2D = plane_stress
constraint_2D = plane_strain
CTE. . . . . . . . . . . . . . . . . . . . . . . . = 0.000000e+00
CTE(default) = 0.000000e+00
mu . . . . . . . . . . . . . . . . . . . . . . . . = 1.000000e+00
epsilon. . . . . . . . . . . . . . . . . . . . . . = 1.000000e+00
Nrig . . . . . . . . . . . . . . . . . . . . . . . = 5.000000e+00
lambda . . . . . . . . . . . . . . . . . . . . . . = 1.000000e+03
gamma. . . . . . . . . . . . . . . . . . . . . . . = 1.000000e+01
t_0. . . . . . . . . . . . . . . . . . . . . . . . = 1.000000e+01
end: tahoe::element_list::dielectric_elastomer_Q1P0Elastocapillary::large_strain_element_block::large_strain_material_2D::Dielectric_Elastomer_Q1P02D

end: tahoe::element_list::dielectric_elastomer_Q1P0Elastocapillary::large_strain_element_block::large_strain_material_2D

end: tahoe::element_list::dielectric_elastomer_Q1P0Elastocapillary::large_strain_element_block

begin: tahoe::element_list::dielectric_elastomer_Q1P0Elastocapillary::passivated_surface_ID_list

begin: tahoe::element_list::dielectric_elastomer_Q1P0Elastocapillary::passivated_surface_ID_list::String
value. . . . . . . . . . . . . . . . . . . . . . . = 1
end: tahoe::element_list::dielectric_elastomer_Q1P0Elastocapillary::passivated_surface_ID_list::String

begin: tahoe::element_list::dielectric_elastomer_Q1P0Elastocapillary::passivated_surface_ID_list::String
value. . . . . . . . . . . . . . . . . . . . . . . = 2
end: tahoe::element_list::dielectric_elastomer_Q1P0Elastocapillary::passivated_surface_ID_list::String

end: tahoe::element_list::dielectric_elastomer_Q1P0Elastocapillary::passivated_surface_ID_list

end: tahoe::element_list::dielectric_elastomer_Q1P0Elastocapillary

end: tahoe::element_list

begin: tahoe::nonlinear_solver
print_eqnos. . . . . . . . . . . . . . . . . . . . = false
print_eqnos(default) = false
check_code . . . . . . . . . . . . . . . . . . . . = no_check
check_code = no_check (default)
check_code = small_pivots
check_code = all_pivots
check_code = print_LHS
check_code = print_RHS
check_code = print_solution
check_code = check_LHS
check_LHS_perturbation . . . . . . . . . . . . . . = 1.000000e-08
check_LHS_perturbation >= 0.000000e+00
check_LHS_perturbation(default) = 1.000000e-08
max_iterations . . . . . . . . . . . . . . . . . . = 20
min_iterations . . . . . . . . . . . . . . . . . . = 0
min_iterations(default) = 0
reform_tangent_iterations. . . . . . . . . . . . . = 1
reform_tangent_iterations >= 1 (default)
abs_tolerance. . . . . . . . . . . . . . . . . . . = 1.000000e-07
rel_tolerance. . . . . . . . . . . . . . . . . . . = 1.000000e-09
divergence_tolerance . . . . . . . . . . . . . . . = 1.000000e+10
quick_solve_iter . . . . . . . . . . . . . . . . . = 6
quick_solve_iter(default) = 6
quick_solve_count. . . . . . . . . . . . . . . . . = 3
quick_solve_count(default) = 3
output_inc . . . . . . . . . . . . . . . . . . . . = 0
output_inc >= 0 (default)

begin: tahoe::nonlinear_solver::SPOOLES_matrix
message_level. . . . . . . . . . . . . . . . . . . = silent
message_level = silent (default)
message_level = timing
message_level = verbose
enable_pivoting. . . . . . . . . . . . . . . . . . = true
enable_pivoting(default) = true
always_symmetric . . . . . . . . . . . . . . . . . = false
always_symmetric(default) = false
end: tahoe::nonlinear_solver::SPOOLES_matrix

end: tahoe::nonlinear_solver

end: tahoe


 E q u a t i o n    S y s t e m    D a t a :

 Local number of equations . . . . . . . . . . . = 883
 Total number of equations . . . . . . . . . . . = 883

 Time = 1.000000e+00
 Step 100 of 860000
 field: displacement ID: 1 force:    0.000000e+00   1.776357e-14
 field: electric_scalar_potential ID: 2 force:    0.000000e+00

 Time = 2.000000e+00
 Step 200 of 860000
 field: displacement ID: 1 force:    0.000000e+00   1.776357e-14
 field: electric_scalar_potential ID: 2 force:    0.000000e+00

 Time = 3.000000e+00
 Step 300 of 860000
 field: displacement ID: 1 force:    0.000000e+00   1.776357e-14
 field: electric_scalar_potential ID: 2 force:    0.000000e+00

 Time = 4.000000e+00
 Step 400 of 860000
 field: displacement ID: 1 force:    0.000000e+00   1.776357e-14
 field: electric_scalar_potential ID: 2 force:    0.000000e+00

 Time = 5.000000e+00
 Step 500 of 860000
 field: displacement ID: 1 force:    0.000000e+00   1.776357e-14
 field: electric_scalar_potential ID: 2 force:    0.000000e+00

 Time = 6.000000e+00
 Step 600 of 860000
 field: displacement ID: 1 force:    0.000000e+00   1.776357e-14
 field: electric_scalar_potential ID: 2 force:    0.000000e+00

 Time = 7.000000e+00
 Step 700 of 860000
 field: displacement ID: 1 force:    0.000000e+00   1.776357e-14
 field: electric_scalar_potential ID: 2 force:    0.000000e+00

 Time = 8.000000e+00
 Step 800 of 860000
 field: displacement ID: 1 force:    0.000000e+00   1.776357e-14
 field: electric_scalar_potential ID: 2 force:    0.000000e+00

 Time = 9.000000e+00
 Step 900 of 860000
 field: displacement ID: 1 force:    0.000000e+00   1.776357e-14
 field: electric_scalar_potential ID: 2 force:    0.000000e+00

 Time = 1.000000e+01
 Step 1000 of 860000
 field: displacement ID: 1 force:    0.000000e+00   1.776357e-14
 field: electric_scalar_potential ID: 2 force:    0.000000e+00

 Converged at time = 1.001000e+01

 Converged at time = 1.002000e+01

 Converged at time = 1.003000e+01

 Converged at time = 1.004000e+01

 Converged at time = 1.005000e+01

 Converged at time = 1.006000e+01

 Converged at time = 1.007000e+01
