# Generated by Tahoe::DotLine_FormatterT $Revision: 1.6 $

begin: tahoe
title. . . . . . . . . . . . . . . . . . . . . . . = Dielectric Elastomer Testing
author . . . . . . . . . . . . . . . . . . . . . . = samansei
geometry_format. . . . . . . . . . . . . . . . . . = automatic
geometry_format = automatic (default)
geometry_format = TahoeII
geometry_format = ExodusII
geometry_file. . . . . . . . . . . . . . . . . . . = ../../geometry/curve/Curve4_Sin1/curvedfilm_sin1.geom
output_format. . . . . . . . . . . . . . . . . . . = ExodusII
output_format = automatic (default)
output_format = Tahoe
output_format = TecPlot
output_format = EnSight
output_format = ExodusII
restart_output_inc . . . . . . . . . . . . . . . . = 0
restart_output_inc >= 0 (default)
echo_input . . . . . . . . . . . . . . . . . . . . = false
echo_input(default) = false
logging. . . . . . . . . . . . . . . . . . . . . . = moderate
logging = verbose
logging = moderate (default)
logging = silent
compute_IC . . . . . . . . . . . . . . . . . . . . = false
compute_IC(default) = true

begin: tahoe::time
scaling. . . . . . . . . . . . . . . . . . . . . . = linear
scaling = linear (default)
scaling = logarithmic
init_time. . . . . . . . . . . . . . . . . . . . . = 0.000000e+00
init_time >= 0 (default)
num_steps. . . . . . . . . . . . . . . . . . . . . = 10000000
num_steps >= 0
output_inc . . . . . . . . . . . . . . . . . . . . = 100
output_inc(default) = 0
max_step_cuts. . . . . . . . . . . . . . . . . . . = 0
max_step_cuts >= 0 (default)
time_step. . . . . . . . . . . . . . . . . . . . . = 1.000000e-02
time_step >= 0

begin: tahoe::time::schedule_function

begin: tahoe::time::schedule_function::piecewise_linear

begin: tahoe::time::schedule_function::piecewise_linear::OrderedPair
x. . . . . . . . . . . . . . . . . . . . . . . . . = 0.000000e+00
y. . . . . . . . . . . . . . . . . . . . . . . . . = 0.000000e+00
end: tahoe::time::schedule_function::piecewise_linear::OrderedPair

begin: tahoe::time::schedule_function::piecewise_linear::OrderedPair
x. . . . . . . . . . . . . . . . . . . . . . . . . = 2.000000e-01
y. . . . . . . . . . . . . . . . . . . . . . . . . = 1.000000e+00
end: tahoe::time::schedule_function::piecewise_linear::OrderedPair

begin: tahoe::time::schedule_function::piecewise_linear::OrderedPair
x. . . . . . . . . . . . . . . . . . . . . . . . . = 1.000000e+07
y. . . . . . . . . . . . . . . . . . . . . . . . . = 1.000000e+00
end: tahoe::time::schedule_function::piecewise_linear::OrderedPair

end: tahoe::time::schedule_function::piecewise_linear

end: tahoe::time::schedule_function

end: tahoe::time

begin: tahoe::nodes

begin: tahoe::nodes::field
field_name . . . . . . . . . . . . . . . . . . . . = displacement
solution_group . . . . . . . . . . . . . . . . . . = 1
solution_group >= 1 (default)
integrator . . . . . . . . . . . . . . . . . . . . = static
integrator = linear_static
integrator = static (default)
integrator = trapezoid
integrator = linear_HHT
integrator = nonlinear_HHT
integrator = central_difference
integrator = Verlet
integrator = Gear6
integrator = mixed
total_energy_output_inc. . . . . . . . . . . . . . = 0
total_energy_output_inc >= 0 (default)

begin: tahoe::nodes::field::dof_labels

begin: tahoe::nodes::field::dof_labels::String
value. . . . . . . . . . . . . . . . . . . . . . . = D_X
end: tahoe::nodes::field::dof_labels::String

begin: tahoe::nodes::field::dof_labels::String
value. . . . . . . . . . . . . . . . . . . . . . . = D_Y
end: tahoe::nodes::field::dof_labels::String

end: tahoe::nodes::field::dof_labels

begin: tahoe::nodes::field::kinematic_BC
node_ID. . . . . . . . . . . . . . . . . . . . . . = 3
dof. . . . . . . . . . . . . . . . . . . . . . . . = 1
type . . . . . . . . . . . . . . . . . . . . . . . = fixed
type = fixed (default)
type = u
type = D_u
type = DD_u
type = D3_u
type = D4_u
schedule . . . . . . . . . . . . . . . . . . . . . = 0
schedule(default) = 0
value. . . . . . . . . . . . . . . . . . . . . . . = 0.000000e+00
value(default) = 0.000000e+00
end: tahoe::nodes::field::kinematic_BC

begin: tahoe::nodes::field::kinematic_BC
node_ID. . . . . . . . . . . . . . . . . . . . . . = 3
dof. . . . . . . . . . . . . . . . . . . . . . . . = 2
type . . . . . . . . . . . . . . . . . . . . . . . = fixed
type = fixed (default)
type = u
type = D_u
type = DD_u
type = D3_u
type = D4_u
schedule . . . . . . . . . . . . . . . . . . . . . = 0
schedule(default) = 0
value. . . . . . . . . . . . . . . . . . . . . . . = 0.000000e+00
value(default) = 0.000000e+00
end: tahoe::nodes::field::kinematic_BC

begin: tahoe::nodes::field::kinematic_BC
node_ID. . . . . . . . . . . . . . . . . . . . . . = 5
dof. . . . . . . . . . . . . . . . . . . . . . . . = 1
type . . . . . . . . . . . . . . . . . . . . . . . = fixed
type = fixed (default)
type = u
type = D_u
type = DD_u
type = D3_u
type = D4_u
schedule . . . . . . . . . . . . . . . . . . . . . = 0
schedule(default) = 0
value. . . . . . . . . . . . . . . . . . . . . . . = 0.000000e+00
value(default) = 0.000000e+00
end: tahoe::nodes::field::kinematic_BC

begin: tahoe::nodes::field::kinematic_BC
node_ID. . . . . . . . . . . . . . . . . . . . . . = 5
dof. . . . . . . . . . . . . . . . . . . . . . . . = 2
type . . . . . . . . . . . . . . . . . . . . . . . = fixed
type = fixed (default)
type = u
type = D_u
type = DD_u
type = D3_u
type = D4_u
schedule . . . . . . . . . . . . . . . . . . . . . = 0
schedule(default) = 0
value. . . . . . . . . . . . . . . . . . . . . . . = 0.000000e+00
value(default) = 0.000000e+00
end: tahoe::nodes::field::kinematic_BC

end: tahoe::nodes::field

begin: tahoe::nodes::field
field_name . . . . . . . . . . . . . . . . . . . . = electric_scalar_potential
solution_group . . . . . . . . . . . . . . . . . . = 1
solution_group >= 1 (default)
integrator . . . . . . . . . . . . . . . . . . . . = static
integrator = linear_static
integrator = static (default)
integrator = trapezoid
integrator = linear_HHT
integrator = nonlinear_HHT
integrator = central_difference
integrator = Verlet
integrator = Gear6
integrator = mixed
total_energy_output_inc. . . . . . . . . . . . . . = 0
total_energy_output_inc >= 0 (default)

begin: tahoe::nodes::field::dof_labels

begin: tahoe::nodes::field::dof_labels::String
value. . . . . . . . . . . . . . . . . . . . . . . = Psi
end: tahoe::nodes::field::dof_labels::String

end: tahoe::nodes::field::dof_labels

begin: tahoe::nodes::field::kinematic_BC
node_ID. . . . . . . . . . . . . . . . . . . . . . = 2
dof. . . . . . . . . . . . . . . . . . . . . . . . = 1
type . . . . . . . . . . . . . . . . . . . . . . . = fixed
type = fixed (default)
type = u
type = D_u
type = DD_u
type = D3_u
type = D4_u
schedule . . . . . . . . . . . . . . . . . . . . . = 0
schedule(default) = 0
value. . . . . . . . . . . . . . . . . . . . . . . = 0.000000e+00
value(default) = 0.000000e+00
end: tahoe::nodes::field::kinematic_BC

begin: tahoe::nodes::field::kinematic_BC
node_ID. . . . . . . . . . . . . . . . . . . . . . = 4
dof. . . . . . . . . . . . . . . . . . . . . . . . = 1
type . . . . . . . . . . . . . . . . . . . . . . . = u
type = fixed (default)
type = u
type = D_u
type = DD_u
type = D3_u
type = D4_u
schedule . . . . . . . . . . . . . . . . . . . . . = 1
schedule(default) = 0
value. . . . . . . . . . . . . . . . . . . . . . . = 5.000000e-01
value(default) = 0.000000e+00
end: tahoe::nodes::field::kinematic_BC

end: tahoe::nodes::field

begin: tahoe::nodes::history_node_ID_list

begin: tahoe::nodes::history_node_ID_list::String
value. . . . . . . . . . . . . . . . . . . . . . . = 3
end: tahoe::nodes::history_node_ID_list::String

end: tahoe::nodes::history_node_ID_list

end: tahoe::nodes

begin: tahoe::element_list

begin: tahoe::element_list::dielectric_elastomer_Q1P0Elastocapillary
field_name . . . . . . . . . . . . . . . . . . . . = displacement
mass_type. . . . . . . . . . . . . . . . . . . . . = lumped_mass
mass_type = automatic (default)
mass_type = no_mass
mass_type = consistent_mass
mass_type = lumped_mass
eigenvalue_inc . . . . . . . . . . . . . . . . . . = 0
eigenvalue_inc >= 0 (default)
electric_field_name. . . . . . . . . . . . . . . . = electric_scalar_potential
output_surface . . . . . . . . . . . . . . . . . . = false
output_surface(default) = false

begin: tahoe::element_list::dielectric_elastomer_Q1P0Elastocapillary::quadrilateral
num_ip . . . . . . . . . . . . . . . . . . . . . . = 4
num_ip = 1
num_ip = 4 (default)
num_ip = 5
num_ip = 9
num_ip = 16
end: tahoe::element_list::dielectric_elastomer_Q1P0Elastocapillary::quadrilateral

begin: tahoe::element_list::dielectric_elastomer_Q1P0Elastocapillary::solid_element_nodal_output
displacements. . . . . . . . . . . . . . . . . . . = 1
displacements(default) = 1
stress . . . . . . . . . . . . . . . . . . . . . . = 1
stress(default) = 1
electric_displacement. . . . . . . . . . . . . . . = 1
electric_displacement(default) = 1
electric_scalar_potential. . . . . . . . . . . . . = 1
electric_scalar_potential(default) = 1
end: tahoe::element_list::dielectric_elastomer_Q1P0Elastocapillary::solid_element_nodal_output

begin: tahoe::element_list::dielectric_elastomer_Q1P0Elastocapillary::large_strain_element_block

begin: tahoe::element_list::dielectric_elastomer_Q1P0Elastocapillary::large_strain_element_block::block_ID_list

begin: tahoe::element_list::dielectric_elastomer_Q1P0Elastocapillary::large_strain_element_block::block_ID_list::String
value. . . . . . . . . . . . . . . . . . . . . . . = 1
end: tahoe::element_list::dielectric_elastomer_Q1P0Elastocapillary::large_strain_element_block::block_ID_list::String

end: tahoe::element_list::dielectric_elastomer_Q1P0Elastocapillary::large_strain_element_block::block_ID_list

begin: tahoe::element_list::dielectric_elastomer_Q1P0Elastocapillary::large_strain_element_block::large_strain_material_2D

begin: tahoe::element_list::dielectric_elastomer_Q1P0Elastocapillary::large_strain_element_block::large_strain_material_2D::Dielectric_Elastomer_Q1P02D
density. . . . . . . . . . . . . . . . . . . . . . = 1.000000e+00
density >= 0.000000e+00
constraint_2D. . . . . . . . . . . . . . . . . . . = none
constraint_2D = none (default)
constraint_2D = plane_stress
constraint_2D = plane_strain
CTE. . . . . . . . . . . . . . . . . . . . . . . . = 0.000000e+00
CTE(default) = 0.000000e+00
mu . . . . . . . . . . . . . . . . . . . . . . . . = 1.000000e+00
epsilon. . . . . . . . . . . . . . . . . . . . . . = 1.000000e+00
Nrig . . . . . . . . . . . . . . . . . . . . . . . = 1.000000e+10
lambda . . . . . . . . . . . . . . . . . . . . . . = 1.000000e+03
gamma. . . . . . . . . . . . . . . . . . . . . . . = 0.000000e+00
t_0. . . . . . . . . . . . . . . . . . . . . . . . = 2.000000e+01
end: tahoe::element_list::dielectric_elastomer_Q1P0Elastocapillary::large_strain_element_block::large_strain_material_2D::Dielectric_Elastomer_Q1P02D

end: tahoe::element_list::dielectric_elastomer_Q1P0Elastocapillary::large_strain_element_block::large_strain_material_2D

end: tahoe::element_list::dielectric_elastomer_Q1P0Elastocapillary::large_strain_element_block

end: tahoe::element_list::dielectric_elastomer_Q1P0Elastocapillary

end: tahoe::element_list

begin: tahoe::nonlinear_solver
print_eqnos. . . . . . . . . . . . . . . . . . . . = false
print_eqnos(default) = false
check_code . . . . . . . . . . . . . . . . . . . . = no_check
check_code = no_check (default)
check_code = small_pivots
check_code = all_pivots
check_code = print_LHS
check_code = print_RHS
check_code = print_solution
check_code = check_LHS
check_LHS_perturbation . . . . . . . . . . . . . . = 1.000000e-08
check_LHS_perturbation >= 0.000000e+00
check_LHS_perturbation(default) = 1.000000e-08
max_iterations . . . . . . . . . . . . . . . . . . = 500
min_iterations . . . . . . . . . . . . . . . . . . = 0
min_iterations(default) = 0
reform_tangent_iterations. . . . . . . . . . . . . = 1
reform_tangent_iterations >= 1 (default)
abs_tolerance. . . . . . . . . . . . . . . . . . . = 1.000000e-07
rel_tolerance. . . . . . . . . . . . . . . . . . . = 1.000000e-09
divergence_tolerance . . . . . . . . . . . . . . . = 1.000000e+10
quick_solve_iter . . . . . . . . . . . . . . . . . = 6
quick_solve_iter(default) = 6
quick_solve_count. . . . . . . . . . . . . . . . . = 3
quick_solve_count(default) = 3
output_inc . . . . . . . . . . . . . . . . . . . . = 0
output_inc >= 0 (default)

begin: tahoe::nonlinear_solver::profile_matrix
end: tahoe::nonlinear_solver::profile_matrix

end: tahoe::nonlinear_solver

end: tahoe


 E q u a t i o n    S y s t e m    D a t a :

 Local number of equations . . . . . . . . . . . = 1592
 Total number of equations . . . . . . . . . . . = 1592
 Number of terms in global matrix. . . . . . . . = 32049
 Mean half bandwidth . . . . . . . . . . . . . . = 21
 Bandwidth . . . . . . . . . . . . . . . . . . . = 33


 Converged at time = 1.000000e-02

 Converged at time = 2.000000e-02

 Converged at time = 3.000000e-02

 Converged at time = 4.000000e-02

 Converged at time = 5.000000e-02

 Converged at time = 6.000000e-02

 Converged at time = 7.000000e-02

 Converged at time = 8.000000e-02

 Converged at time = 9.000000e-02

 Converged at time = 1.000000e-01

 Converged at time = 1.100000e-01

 Converged at time = 1.200000e-01

 Converged at time = 1.300000e-01

 Converged at time = 1.400000e-01

 Converged at time = 1.500000e-01

 ElementBaseT::FormRHS: caught exception 7
      Time: 1.600000e-01
      Step: 16
 Time step: 1.000000e-02

 element group: 1

 element (in group): 140

 element (in partition block): 139
 element (in global block): 139

 connectivity(x):
     168     167     173     174
 connectivity(u):
     168     167     173     174
 equations:
     435     436     432     433
     448     449     451     452
      -1     434     450      -1
 initial coords:
       1  -4.600200e+00   1.075010e+00
       2  -4.594190e+00   8.745720e-01
       3  -4.394120e+00   8.769240e-01
       4  -4.400200e+00   1.077050e+00
 displacements:
       1   1.344937e-01   1.243656e+00
       2   4.893998e-02   1.456352e+00
       3   2.610074e-01   1.725296e+00
       4   2.374452e-01   1.579181e+00

 i.p. deformation gradients:
 ip: 1
   1.626523e+00   3.307323e-01
   1.617076e+00   5.734021e-02
 ip: 2
   1.940894e+00   3.401848e-01
   1.425516e+00   5.158038e-02
 ip: 3
   1.944484e+00   2.610099e-02
   1.423329e+00   2.429650e-01
 ip: 4
   1.629831e+00   1.656797e-02
   1.615061e+00   2.487739e-01


electric field at IP:
 ip: 1
  -7.696993e-02
  -2.645018e-01
 ip: 2
  -2.944918e-01
  -2.710422e-01
 ip: 3
  -2.969751e-01
  -5.371934e-02
 ip: 4
  -7.925869e-02
  -4.712319e-02


   Start time: Sun Jun 19 14:11:50 2016
 Construction: 1.954600e-02 sec.
     Solution: 1.223774e+03 sec.
    Stop time: Sun Jun 19 14:32:15 2016

 End Execution

