# Generated by Tahoe::DotLine_FormatterT $Revision: 1.6 $

begin: tahoe
title. . . . . . . . . . . . . . . . . . . . . . . = 2D uniaxial tension
author . . . . . . . . . . . . . . . . . . . . . . = paklein
geometry_format. . . . . . . . . . . . . . . . . . = automatic
geometry_format = automatic (default)
geometry_format = TahoeII
geometry_format = ExodusII
geometry_file. . . . . . . . . . . . . . . . . . . = ../geometry/hole/ah05/ah05.geom
output_format. . . . . . . . . . . . . . . . . . . = ExodusII
output_format = automatic (default)
output_format = Tahoe
output_format = TecPlot
output_format = EnSight
output_format = ExodusII
restart_output_inc . . . . . . . . . . . . . . . . = 0
restart_output_inc >= 0 (default)
echo_input . . . . . . . . . . . . . . . . . . . . = false
echo_input(default) = false
logging. . . . . . . . . . . . . . . . . . . . . . = moderate
logging = verbose
logging = moderate (default)
logging = silent
compute_IC . . . . . . . . . . . . . . . . . . . . = true
compute_IC(default) = true

begin: tahoe::time
scaling. . . . . . . . . . . . . . . . . . . . . . = linear
scaling = linear (default)
scaling = logarithmic
init_time. . . . . . . . . . . . . . . . . . . . . = 0.000000e+00
init_time >= 0 (default)
num_steps. . . . . . . . . . . . . . . . . . . . . = 200
num_steps >= 0
output_inc . . . . . . . . . . . . . . . . . . . . = 1
output_inc(default) = 0
max_step_cuts. . . . . . . . . . . . . . . . . . . = 0
max_step_cuts >= 0 (default)
time_step. . . . . . . . . . . . . . . . . . . . . = 5.000000e-01
time_step >= 0

begin: tahoe::time::schedule_function

begin: tahoe::time::schedule_function::piecewise_linear

begin: tahoe::time::schedule_function::piecewise_linear::OrderedPair
x. . . . . . . . . . . . . . . . . . . . . . . . . = 0.000000e+00
y. . . . . . . . . . . . . . . . . . . . . . . . . = 0.000000e+00
end: tahoe::time::schedule_function::piecewise_linear::OrderedPair

begin: tahoe::time::schedule_function::piecewise_linear::OrderedPair
x. . . . . . . . . . . . . . . . . . . . . . . . . = 1.000000e+03
y. . . . . . . . . . . . . . . . . . . . . . . . . = 1.000000e+03
end: tahoe::time::schedule_function::piecewise_linear::OrderedPair

end: tahoe::time::schedule_function::piecewise_linear

end: tahoe::time::schedule_function

end: tahoe::time

begin: tahoe::nodes

begin: tahoe::nodes::field
field_name . . . . . . . . . . . . . . . . . . . . = displacement
solution_group . . . . . . . . . . . . . . . . . . = 1
solution_group >= 1 (default)
integrator . . . . . . . . . . . . . . . . . . . . = static
integrator = linear_static
integrator = static (default)
integrator = trapezoid
integrator = linear_HHT
integrator = nonlinear_HHT
integrator = central_difference
integrator = Verlet
integrator = Gear6
integrator = mixed
total_energy_output_inc. . . . . . . . . . . . . . = 0
total_energy_output_inc >= 0 (default)

begin: tahoe::nodes::field::dof_labels

begin: tahoe::nodes::field::dof_labels::String
value. . . . . . . . . . . . . . . . . . . . . . . = D_X
end: tahoe::nodes::field::dof_labels::String

begin: tahoe::nodes::field::dof_labels::String
value. . . . . . . . . . . . . . . . . . . . . . . = D_Y
end: tahoe::nodes::field::dof_labels::String

end: tahoe::nodes::field::dof_labels

begin: tahoe::nodes::field::kinematic_BC
node_ID. . . . . . . . . . . . . . . . . . . . . . = 3
dof. . . . . . . . . . . . . . . . . . . . . . . . = 1
type . . . . . . . . . . . . . . . . . . . . . . . = u
type = fixed (default)
type = u
type = D_u
type = DD_u
type = D3_u
type = D4_u
schedule . . . . . . . . . . . . . . . . . . . . . = 1
schedule(default) = 0
value. . . . . . . . . . . . . . . . . . . . . . . = -1.000000e-01
value(default) = 0.000000e+00
end: tahoe::nodes::field::kinematic_BC

begin: tahoe::nodes::field::kinematic_BC
node_ID. . . . . . . . . . . . . . . . . . . . . . = 5
dof. . . . . . . . . . . . . . . . . . . . . . . . = 1
type . . . . . . . . . . . . . . . . . . . . . . . = u
type = fixed (default)
type = u
type = D_u
type = DD_u
type = D3_u
type = D4_u
schedule . . . . . . . . . . . . . . . . . . . . . = 1
schedule(default) = 0
value. . . . . . . . . . . . . . . . . . . . . . . = 1.000000e-01
value(default) = 0.000000e+00
end: tahoe::nodes::field::kinematic_BC

end: tahoe::nodes::field

end: tahoe::nodes

begin: tahoe::element_list

begin: tahoe::element_list::updated_lagrangian
field_name . . . . . . . . . . . . . . . . . . . . = displacement
mass_type. . . . . . . . . . . . . . . . . . . . . = automatic
mass_type = automatic (default)
mass_type = no_mass
mass_type = consistent_mass
mass_type = lumped_mass
eigenvalue_inc . . . . . . . . . . . . . . . . . . = 0
eigenvalue_inc >= 0 (default)

begin: tahoe::element_list::updated_lagrangian::quadrilateral
num_ip . . . . . . . . . . . . . . . . . . . . . . = 4
num_ip = 1
num_ip = 4 (default)
num_ip = 5
num_ip = 9
num_ip = 16
end: tahoe::element_list::updated_lagrangian::quadrilateral

begin: tahoe::element_list::updated_lagrangian::solid_element_nodal_output
displacements. . . . . . . . . . . . . . . . . . . = 1
displacements(default) = 1
stress . . . . . . . . . . . . . . . . . . . . . . = 1
stress(default) = 1
wave_speeds. . . . . . . . . . . . . . . . . . . . = 1
wave_speeds(default) = 1
material_output. . . . . . . . . . . . . . . . . . = 1
material_output(default) = 1

begin: tahoe::element_list::updated_lagrangian::solid_element_nodal_output::wave_direction

begin: tahoe::element_list::updated_lagrangian::solid_element_nodal_output::wave_direction::Vector_2
v_1. . . . . . . . . . . . . . . . . . . . . . . . = 1.000000e+00
v_1(default) = 0.000000e+00
v_2. . . . . . . . . . . . . . . . . . . . . . . . = 0.000000e+00
v_2(default) = 0.000000e+00
end: tahoe::element_list::updated_lagrangian::solid_element_nodal_output::wave_direction::Vector_2

end: tahoe::element_list::updated_lagrangian::solid_element_nodal_output::wave_direction

end: tahoe::element_list::updated_lagrangian::solid_element_nodal_output

begin: tahoe::element_list::updated_lagrangian::large_strain_element_block

begin: tahoe::element_list::updated_lagrangian::large_strain_element_block::block_ID_list

begin: tahoe::element_list::updated_lagrangian::large_strain_element_block::block_ID_list::String
value. . . . . . . . . . . . . . . . . . . . . . . = 1
end: tahoe::element_list::updated_lagrangian::large_strain_element_block::block_ID_list::String

end: tahoe::element_list::updated_lagrangian::large_strain_element_block::block_ID_list

begin: tahoe::element_list::updated_lagrangian::large_strain_element_block::large_strain_material_2D

begin: tahoe::element_list::updated_lagrangian::large_strain_element_block::large_strain_material_2D::large_strain_StVenant_2D
density. . . . . . . . . . . . . . . . . . . . . . = 1.000000e+00
density >= 0.000000e+00
constraint_2D. . . . . . . . . . . . . . . . . . . = plane_strain
constraint_2D = none
constraint_2D = plane_stress (default)
constraint_2D = plane_strain
CTE. . . . . . . . . . . . . . . . . . . . . . . . = 0.000000e+00
CTE(default) = 0.000000e+00

begin: tahoe::element_list::updated_lagrangian::large_strain_element_block::large_strain_material_2D::large_strain_StVenant_2D::E_and_nu
Young_modulus. . . . . . . . . . . . . . . . . . . = 1.000000e+02
Young_modulus > 0.000000e+00
Poisson_ratio. . . . . . . . . . . . . . . . . . . = 2.500000e-01
Poisson_ratio > -1.000000e+00
Poisson_ratio < 5.000000e-01
end: tahoe::element_list::updated_lagrangian::large_strain_element_block::large_strain_material_2D::large_strain_StVenant_2D::E_and_nu

end: tahoe::element_list::updated_lagrangian::large_strain_element_block::large_strain_material_2D::large_strain_StVenant_2D

end: tahoe::element_list::updated_lagrangian::large_strain_element_block::large_strain_material_2D

end: tahoe::element_list::updated_lagrangian::large_strain_element_block

end: tahoe::element_list::updated_lagrangian

end: tahoe::element_list

begin: tahoe::nonlinear_solver
print_eqnos. . . . . . . . . . . . . . . . . . . . = false
print_eqnos(default) = false
check_code . . . . . . . . . . . . . . . . . . . . = no_check
check_code = no_check (default)
check_code = small_pivots
check_code = all_pivots
check_code = print_LHS
check_code = print_RHS
check_code = print_solution
check_code = check_LHS
check_LHS_perturbation . . . . . . . . . . . . . . = 1.000000e-08
check_LHS_perturbation >= 0.000000e+00
check_LHS_perturbation(default) = 1.000000e-08
max_iterations . . . . . . . . . . . . . . . . . . = 10
min_iterations . . . . . . . . . . . . . . . . . . = 0
min_iterations(default) = 0
reform_tangent_iterations. . . . . . . . . . . . . = 1
reform_tangent_iterations >= 1 (default)
abs_tolerance. . . . . . . . . . . . . . . . . . . = 1.000000e-10
rel_tolerance. . . . . . . . . . . . . . . . . . . = 1.000000e-12
divergence_tolerance . . . . . . . . . . . . . . . = 1.000000e+01
quick_solve_iter . . . . . . . . . . . . . . . . . = 6
quick_solve_iter(default) = 6
quick_solve_count. . . . . . . . . . . . . . . . . = 3
quick_solve_count(default) = 3
output_inc . . . . . . . . . . . . . . . . . . . . = 0
output_inc >= 0 (default)

begin: tahoe::nonlinear_solver::profile_matrix
end: tahoe::nonlinear_solver::profile_matrix

end: tahoe::nonlinear_solver

end: tahoe


 E q u a t i o n    S y s t e m    D a t a :

 Local number of equations . . . . . . . . . . . = 3242
 Total number of equations . . . . . . . . . . . = 3242
 Number of terms in global matrix. . . . . . . . = 253189
 Mean half bandwidth . . . . . . . . . . . . . . = 79
 Bandwidth . . . . . . . . . . . . . . . . . . . = 1522


 Converged at time = 5.000000e-01

 Time = 5.000000e-01
 Step 1 of 200

 Converged at time = 1.000000e+00

 Time = 1.000000e+00
 Step 2 of 200

 Converged at time = 1.500000e+00

 Time = 1.500000e+00
 Step 3 of 200

 Converged at time = 2.000000e+00

 Time = 2.000000e+00
 Step 4 of 200

 Converged at time = 2.500000e+00

 Time = 2.500000e+00
 Step 5 of 200

 Converged at time = 3.000000e+00

 Time = 3.000000e+00
 Step 6 of 200

 Converged at time = 3.500000e+00

 Time = 3.500000e+00
 Step 7 of 200

 Converged at time = 4.000000e+00

 Time = 4.000000e+00
 Step 8 of 200

 Converged at time = 4.500000e+00

 Time = 4.500000e+00
 Step 9 of 200

 Converged at time = 5.000000e+00

 Time = 5.000000e+00
 Step 10 of 200

 Converged at time = 5.500000e+00

 Time = 5.500000e+00
 Step 11 of 200

 Converged at time = 6.000000e+00

 Time = 6.000000e+00
 Step 12 of 200

 Converged at time = 6.500000e+00

 Time = 6.500000e+00
 Step 13 of 200

 Converged at time = 7.000000e+00

 Time = 7.000000e+00
 Step 14 of 200

 Converged at time = 7.500000e+00

 Time = 7.500000e+00
 Step 15 of 200

 Converged at time = 8.000000e+00

 Time = 8.000000e+00
 Step 16 of 200

 Converged at time = 8.500000e+00

 Time = 8.500000e+00
 Step 17 of 200

 Converged at time = 9.000000e+00

 Time = 9.000000e+00
 Step 18 of 200

 Converged at time = 9.500000e+00

 Time = 9.500000e+00
 Step 19 of 200

 Converged at time = 1.000000e+01

 Time = 1.000000e+01
 Step 20 of 200

 Converged at time = 1.050000e+01

 Time = 1.050000e+01
 Step 21 of 200

 Converged at time = 1.100000e+01

 Time = 1.100000e+01
 Step 22 of 200

 Converged at time = 1.150000e+01

 Time = 1.150000e+01
 Step 23 of 200

 Converged at time = 1.200000e+01

 Time = 1.200000e+01
 Step 24 of 200

 Converged at time = 1.250000e+01

 Time = 1.250000e+01
 Step 25 of 200

 Converged at time = 1.300000e+01

 Time = 1.300000e+01
 Step 26 of 200

 Converged at time = 1.350000e+01

 Time = 1.350000e+01
 Step 27 of 200

 Converged at time = 1.400000e+01

 Time = 1.400000e+01
 Step 28 of 200

 Converged at time = 1.450000e+01

 Time = 1.450000e+01
 Step 29 of 200

 Converged at time = 1.500000e+01

 Time = 1.500000e+01
 Step 30 of 200

 Converged at time = 1.550000e+01

 Time = 1.550000e+01
 Step 31 of 200

 Converged at time = 1.600000e+01

 Time = 1.600000e+01
 Step 32 of 200

 Converged at time = 1.650000e+01

 Time = 1.650000e+01
 Step 33 of 200

 Converged at time = 1.700000e+01

 Time = 1.700000e+01
 Step 34 of 200

 Converged at time = 1.750000e+01

 Time = 1.750000e+01
 Step 35 of 200

 Converged at time = 1.800000e+01

 Time = 1.800000e+01
 Step 36 of 200

 Converged at time = 1.850000e+01

 Time = 1.850000e+01
 Step 37 of 200

 Converged at time = 1.900000e+01

 Time = 1.900000e+01
 Step 38 of 200

 Converged at time = 1.950000e+01

 Time = 1.950000e+01
 Step 39 of 200

 Converged at time = 2.000000e+01

 Time = 2.000000e+01
 Step 40 of 200

 Converged at time = 2.050000e+01

 Time = 2.050000e+01
 Step 41 of 200

 Converged at time = 2.100000e+01

 Time = 2.100000e+01
 Step 42 of 200

 Converged at time = 2.150000e+01

 Time = 2.150000e+01
 Step 43 of 200

 Converged at time = 2.200000e+01

 Time = 2.200000e+01
 Step 44 of 200

 Converged at time = 2.250000e+01

 Time = 2.250000e+01
 Step 45 of 200

 Converged at time = 2.300000e+01

 Time = 2.300000e+01
 Step 46 of 200

 Converged at time = 2.350000e+01

 Time = 2.350000e+01
 Step 47 of 200

 Converged at time = 2.400000e+01

 Time = 2.400000e+01
 Step 48 of 200

 Converged at time = 2.450000e+01

 Time = 2.450000e+01
 Step 49 of 200

 Converged at time = 2.500000e+01

 Time = 2.500000e+01
 Step 50 of 200

 Converged at time = 2.550000e+01

 Time = 2.550000e+01
 Step 51 of 200

 Converged at time = 2.600000e+01

 Time = 2.600000e+01
 Step 52 of 200

 Converged at time = 2.650000e+01

 Time = 2.650000e+01
 Step 53 of 200

 Converged at time = 2.700000e+01

 Time = 2.700000e+01
 Step 54 of 200

 Converged at time = 2.750000e+01

 Time = 2.750000e+01
 Step 55 of 200

 Converged at time = 2.800000e+01

 Time = 2.800000e+01
 Step 56 of 200

 Converged at time = 2.850000e+01

 Time = 2.850000e+01
 Step 57 of 200

 Converged at time = 2.900000e+01

 Time = 2.900000e+01
 Step 58 of 200

 Converged at time = 2.950000e+01

 Time = 2.950000e+01
 Step 59 of 200

 Converged at time = 3.000000e+01

 Time = 3.000000e+01
 Step 60 of 200

 Converged at time = 3.050000e+01

 Time = 3.050000e+01
 Step 61 of 200

 Converged at time = 3.100000e+01

 Time = 3.100000e+01
 Step 62 of 200

 Converged at time = 3.150000e+01

 Time = 3.150000e+01
 Step 63 of 200

 Converged at time = 3.200000e+01

 Time = 3.200000e+01
 Step 64 of 200

 Converged at time = 3.250000e+01

 Time = 3.250000e+01
 Step 65 of 200

 Converged at time = 3.300000e+01

 Time = 3.300000e+01
 Step 66 of 200

 Converged at time = 3.350000e+01

 Time = 3.350000e+01
 Step 67 of 200

 Converged at time = 3.400000e+01

 Time = 3.400000e+01
 Step 68 of 200

 Converged at time = 3.450000e+01

 Time = 3.450000e+01
 Step 69 of 200

 Converged at time = 3.500000e+01

 Time = 3.500000e+01
 Step 70 of 200

 Converged at time = 3.550000e+01

 Time = 3.550000e+01
 Step 71 of 200

 Converged at time = 3.600000e+01

 Time = 3.600000e+01
 Step 72 of 200

 Converged at time = 3.650000e+01

 Time = 3.650000e+01
 Step 73 of 200

 Converged at time = 3.700000e+01

 Time = 3.700000e+01
 Step 74 of 200

 Converged at time = 3.750000e+01

 Time = 3.750000e+01
 Step 75 of 200

 Converged at time = 3.800000e+01

 Time = 3.800000e+01
 Step 76 of 200

 Converged at time = 3.850000e+01

 Time = 3.850000e+01
 Step 77 of 200

 Converged at time = 3.900000e+01

 Time = 3.900000e+01
 Step 78 of 200

 Converged at time = 3.950000e+01

 Time = 3.950000e+01
 Step 79 of 200

 Converged at time = 4.000000e+01

 Time = 4.000000e+01
 Step 80 of 200

 Converged at time = 4.050000e+01

 Time = 4.050000e+01
 Step 81 of 200

 Converged at time = 4.100000e+01

 Time = 4.100000e+01
 Step 82 of 200

 Converged at time = 4.150000e+01

 Time = 4.150000e+01
 Step 83 of 200

 Converged at time = 4.200000e+01

 Time = 4.200000e+01
 Step 84 of 200

 Converged at time = 4.250000e+01

 Time = 4.250000e+01
 Step 85 of 200

 Converged at time = 4.300000e+01

 Time = 4.300000e+01
 Step 86 of 200

 Converged at time = 4.350000e+01

 Time = 4.350000e+01
 Step 87 of 200

 Converged at time = 4.400000e+01

 Time = 4.400000e+01
 Step 88 of 200

 Converged at time = 4.450000e+01

 Time = 4.450000e+01
 Step 89 of 200

 Converged at time = 4.500000e+01

 Time = 4.500000e+01
 Step 90 of 200

 Converged at time = 4.550000e+01

 Time = 4.550000e+01
 Step 91 of 200

 Converged at time = 4.600000e+01

 Time = 4.600000e+01
 Step 92 of 200

 Converged at time = 4.650000e+01

 Time = 4.650000e+01
 Step 93 of 200

 Converged at time = 4.700000e+01

 Time = 4.700000e+01
 Step 94 of 200

 Converged at time = 4.750000e+01

 Time = 4.750000e+01
 Step 95 of 200

 Converged at time = 4.800000e+01

 Time = 4.800000e+01
 Step 96 of 200

 Converged at time = 4.850000e+01

 Time = 4.850000e+01
 Step 97 of 200

 Converged at time = 4.900000e+01

 Time = 4.900000e+01
 Step 98 of 200

 Converged at time = 4.950000e+01

 Time = 4.950000e+01
 Step 99 of 200

 Converged at time = 5.000000e+01

 Time = 5.000000e+01
 Step 100 of 200

 Converged at time = 5.050000e+01

 Time = 5.050000e+01
 Step 101 of 200

 Converged at time = 5.100000e+01

 Time = 5.100000e+01
 Step 102 of 200

 Converged at time = 5.150000e+01

 Time = 5.150000e+01
 Step 103 of 200

 Converged at time = 5.200000e+01

 Time = 5.200000e+01
 Step 104 of 200

 Converged at time = 5.250000e+01

 Time = 5.250000e+01
 Step 105 of 200

 Converged at time = 5.300000e+01

 Time = 5.300000e+01
 Step 106 of 200

 Converged at time = 5.350000e+01

 Time = 5.350000e+01
 Step 107 of 200

 Converged at time = 5.400000e+01

 Time = 5.400000e+01
 Step 108 of 200

 Converged at time = 5.450000e+01

 Time = 5.450000e+01
 Step 109 of 200

 Converged at time = 5.500000e+01

 Time = 5.500000e+01
 Step 110 of 200

 Converged at time = 5.550000e+01

 Time = 5.550000e+01
 Step 111 of 200

 Converged at time = 5.600000e+01

 Time = 5.600000e+01
 Step 112 of 200

 Converged at time = 5.650000e+01

 Time = 5.650000e+01
 Step 113 of 200

 Converged at time = 5.700000e+01

 Time = 5.700000e+01
 Step 114 of 200

 Converged at time = 5.750000e+01

 Time = 5.750000e+01
 Step 115 of 200

 Converged at time = 5.800000e+01

 Time = 5.800000e+01
 Step 116 of 200

 Converged at time = 5.850000e+01

 Time = 5.850000e+01
 Step 117 of 200

 Converged at time = 5.900000e+01

 Time = 5.900000e+01
 Step 118 of 200

 Converged at time = 5.950000e+01

 Time = 5.950000e+01
 Step 119 of 200

 Converged at time = 6.000000e+01

 Time = 6.000000e+01
 Step 120 of 200

 Converged at time = 6.050000e+01

 Time = 6.050000e+01
 Step 121 of 200

 Converged at time = 6.100000e+01

 Time = 6.100000e+01
 Step 122 of 200

 Converged at time = 6.150000e+01

 Time = 6.150000e+01
 Step 123 of 200

 Converged at time = 6.200000e+01

 Time = 6.200000e+01
 Step 124 of 200

 Converged at time = 6.250000e+01

 Time = 6.250000e+01
 Step 125 of 200

 Converged at time = 6.300000e+01

 Time = 6.300000e+01
 Step 126 of 200

 Converged at time = 6.350000e+01

 Time = 6.350000e+01
 Step 127 of 200

 Converged at time = 6.400000e+01

 Time = 6.400000e+01
 Step 128 of 200

 Converged at time = 6.450000e+01

 Time = 6.450000e+01
 Step 129 of 200

 Converged at time = 6.500000e+01

 Time = 6.500000e+01
 Step 130 of 200

 Converged at time = 6.550000e+01

 Time = 6.550000e+01
 Step 131 of 200

 Converged at time = 6.600000e+01

 Time = 6.600000e+01
 Step 132 of 200

 Converged at time = 6.650000e+01

 Time = 6.650000e+01
 Step 133 of 200

 Converged at time = 6.700000e+01

 Time = 6.700000e+01
 Step 134 of 200

 Converged at time = 6.750000e+01

 Time = 6.750000e+01
 Step 135 of 200

 Converged at time = 6.800000e+01

 Time = 6.800000e+01
 Step 136 of 200

 Converged at time = 6.850000e+01

 Time = 6.850000e+01
 Step 137 of 200

 Converged at time = 6.900000e+01

 Time = 6.900000e+01
 Step 138 of 200

 Converged at time = 6.950000e+01

 Time = 6.950000e+01
 Step 139 of 200

 Converged at time = 7.000000e+01

 Time = 7.000000e+01
 Step 140 of 200

 Converged at time = 7.050000e+01

 Time = 7.050000e+01
 Step 141 of 200

 Converged at time = 7.100000e+01

 Time = 7.100000e+01
 Step 142 of 200

 Converged at time = 7.150000e+01

 Time = 7.150000e+01
 Step 143 of 200

 Converged at time = 7.200000e+01

 Time = 7.200000e+01
 Step 144 of 200

 Converged at time = 7.250000e+01

 Time = 7.250000e+01
 Step 145 of 200

 Converged at time = 7.300000e+01

 Time = 7.300000e+01
 Step 146 of 200

 Converged at time = 7.350000e+01

 Time = 7.350000e+01
 Step 147 of 200

 Converged at time = 7.400000e+01

 Time = 7.400000e+01
 Step 148 of 200

 Converged at time = 7.450000e+01

 Time = 7.450000e+01
 Step 149 of 200

 Converged at time = 7.500000e+01

 Time = 7.500000e+01
 Step 150 of 200

 Converged at time = 7.550000e+01

 Time = 7.550000e+01
 Step 151 of 200

 Converged at time = 7.600000e+01

 Time = 7.600000e+01
 Step 152 of 200

 Converged at time = 7.650000e+01

 Time = 7.650000e+01
 Step 153 of 200

 Converged at time = 7.700000e+01

 Time = 7.700000e+01
 Step 154 of 200

 Converged at time = 7.750000e+01

 Time = 7.750000e+01
 Step 155 of 200

 Converged at time = 7.800000e+01

 Time = 7.800000e+01
 Step 156 of 200

 Converged at time = 7.850000e+01

 Time = 7.850000e+01
 Step 157 of 200

 Converged at time = 7.900000e+01

 Time = 7.900000e+01
 Step 158 of 200

 Converged at time = 7.950000e+01

 Time = 7.950000e+01
 Step 159 of 200

 Converged at time = 8.000000e+01

 Time = 8.000000e+01
 Step 160 of 200

 Converged at time = 8.050000e+01

 Time = 8.050000e+01
 Step 161 of 200

 Converged at time = 8.100000e+01

 Time = 8.100000e+01
 Step 162 of 200

 Converged at time = 8.150000e+01

 Time = 8.150000e+01
 Step 163 of 200

 Converged at time = 8.200000e+01

 Time = 8.200000e+01
 Step 164 of 200

 Converged at time = 8.250000e+01

 Time = 8.250000e+01
 Step 165 of 200

 Converged at time = 8.300000e+01

 Time = 8.300000e+01
 Step 166 of 200

 Converged at time = 8.350000e+01

 Time = 8.350000e+01
 Step 167 of 200

 Converged at time = 8.400000e+01

 Time = 8.400000e+01
 Step 168 of 200

 Converged at time = 8.450000e+01

 Time = 8.450000e+01
 Step 169 of 200

 Converged at time = 8.500000e+01

 Time = 8.500000e+01
 Step 170 of 200

 Converged at time = 8.550000e+01

 Time = 8.550000e+01
 Step 171 of 200

 Converged at time = 8.600000e+01

 Time = 8.600000e+01
 Step 172 of 200

   Start time: Wed Jan  6 00:59:33 2016
 Construction: 1.059700e-02 sec.
     Solution: 1.810827e+01 sec.
    Stop time: Wed Jan  6 00:59:53 2016

 End Execution

